<testsuites id="" name="" tests="80" failures="28" skipped="0" errors="0" time="126.95759400000001">
<testsuite name="e2e-workflow-improvements.spec.js" timestamp="2025-10-23T07:35:09.679Z" hostname="chromium" tests="5" failures="2" skipped="0" time="51.86" errors="0">
<testcase name="E2E Workflow Improvements @critical › should complete full design-to-ticket workflow" classname="e2e-workflow-improvements.spec.js" time="7.251">
<system-out>
<![CDATA[🧪 Testing complete E2E workflow...
📝 Direct generation workflow - no context preview
⏳ Waiting for ticket generation...
📄 Generated content: 346 characters
✅ E2E workflow completed successfully
]]>
</system-out>
</testcase>
<testcase name="E2E Workflow Improvements @critical › should handle AI workflow with fallback gracefully" classname="e2e-workflow-improvements.spec.js" time="30.257">
<failure message="e2e-workflow-improvements.spec.js:81:3 should handle AI workflow with fallback gracefully" type="FAILURE">
<![CDATA[  [chromium] › e2e-workflow-improvements.spec.js:81:3 › E2E Workflow Improvements @critical › should handle AI workflow with fallback gracefully 

    Test timeout of 30000ms exceeded.

    Error: expect.toBeEnabled: Target page, context or browser has been closed

      101 |       
      102 |       // Check that UI is still responsive
    > 103 |       await expect(page.locator('#generateAI')).toBeEnabled();
          |                                                 ^
      104 |       await expect(page.locator('#generate')).toBeEnabled();
      105 |       
      106 |       // Try standard generation as fallback
        at /Users/david/Documents/Figa-Jira-Automations-Tool/figma-ticket-generator/browser-tests/tests/e2e-workflow-improvements.spec.js:103:49

    attachment #1: screenshot (image/png) ──────────────────────────────────────────────────────────
    ../test-results/e2e-workflow-improvements--78951-ow-with-fallback-gracefully-chromium/test-failed-1.png
    ────────────────────────────────────────────────────────────────────────────────────────────────

    attachment #2: video (video/webm) ──────────────────────────────────────────────────────────────
    ../test-results/e2e-workflow-improvements--78951-ow-with-fallback-gracefully-chromium/video.webm
    ────────────────────────────────────────────────────────────────────────────────────────────────

    Error Context: ../test-results/e2e-workflow-improvements--78951-ow-with-fallback-gracefully-chromium/error-context.md
]]>
</failure>
<system-out>
<![CDATA[🤖 Testing AI workflow with fallback...
⚠️ AI workflow timeout - testing fallback handling

[[ATTACHMENT|test-results/e2e-workflow-improvements--78951-ow-with-fallback-gracefully-chromium/test-failed-1.png]]

[[ATTACHMENT|test-results/e2e-workflow-improvements--78951-ow-with-fallback-gracefully-chromium/video.webm]]

[[ATTACHMENT|test-results/e2e-workflow-improvements--78951-ow-with-fallback-gracefully-chromium/error-context.md]]
]]>
</system-out>
</testcase>
<testcase name="E2E Workflow Improvements @critical › should handle complex multi-step workflow scenarios" classname="e2e-workflow-improvements.spec.js" time="2.47">
<failure message="e2e-workflow-improvements.spec.js:117:3 should handle complex multi-step workflow scenarios" type="FAILURE">
<![CDATA[  [chromium] › e2e-workflow-improvements.spec.js:117:3 › E2E Workflow Improvements @critical › should handle complex multi-step workflow scenarios 

    Error: expect(received).toBeGreaterThan(expected)

    Expected: > 300
    Received:   49

      157 |       
      158 |       // Validate content quality
    > 159 |       expect(content.length).toBeGreaterThan(300);
          |                              ^
      160 |       
      161 |       // Check for expected structure elements
      162 |       const hasExpectedStructure = scenario.expectStructure.some(keyword => 
        at /Users/david/Documents/Figa-Jira-Automations-Tool/figma-ticket-generator/browser-tests/tests/e2e-workflow-improvements.spec.js:159:30

    attachment #1: screenshot (image/png) ──────────────────────────────────────────────────────────
    ../test-results/e2e-workflow-improvements--13f7d-lti-step-workflow-scenarios-chromium/test-failed-1.png
    ────────────────────────────────────────────────────────────────────────────────────────────────

    attachment #2: video (video/webm) ──────────────────────────────────────────────────────────────
    ../test-results/e2e-workflow-improvements--13f7d-lti-step-workflow-scenarios-chromium/video.webm
    ────────────────────────────────────────────────────────────────────────────────────────────────

    Error Context: ../test-results/e2e-workflow-improvements--13f7d-lti-step-workflow-scenarios-chromium/error-context.md
]]>
</failure>
<system-out>
<![CDATA[🔄 Testing complex multi-step workflow...
🎯 Testing scenario: Complex React App
   📊 Complex React App: 346 characters
   ⚠️ Complex React App: Missing some expected elements but generated content
🎯 Testing scenario: Mobile Component
   📊 Mobile Component: 49 characters

[[ATTACHMENT|test-results/e2e-workflow-improvements--13f7d-lti-step-workflow-scenarios-chromium/test-failed-1.png]]

[[ATTACHMENT|test-results/e2e-workflow-improvements--13f7d-lti-step-workflow-scenarios-chromium/video.webm]]

[[ATTACHMENT|test-results/e2e-workflow-improvements--13f7d-lti-step-workflow-scenarios-chromium/error-context.md]]
]]>
</system-out>
</testcase>
<testcase name="E2E Workflow Improvements @critical › should maintain performance under load" classname="e2e-workflow-improvements.spec.js" time="6.957">
<system-out>
<![CDATA[⚡ Testing performance under simulated load...
   🔄 Load test iteration 1/5
   ⏱️ Iteration 1: 171ms
   🔄 Load test iteration 2/5
   ⏱️ Iteration 2: 255ms
   🔄 Load test iteration 3/5
   ⏱️ Iteration 3: 250ms
   🔄 Load test iteration 4/5
   ⏱️ Iteration 4: 250ms
   🔄 Load test iteration 5/5
   ⏱️ Iteration 5: 251ms
📊 Performance Results:
   Average: 235ms
   Maximum: 255ms
✅ Performance test passed
]]>
</system-out>
</testcase>
<testcase name="E2E Workflow Improvements @critical › should recover from error states gracefully" classname="e2e-workflow-improvements.spec.js" time="4.925">
<system-out>
<![CDATA[🛡️ Testing error recovery...
   Testing invalid input recovery...
   ✅ Recovered from invalid input
   Testing network error handling...
✅ Error recovery tests completed
]]>
</system-out>
</testcase>
</testsuite>
<testsuite name="modern-ui-validation.spec.js" timestamp="2025-10-23T07:35:09.679Z" hostname="chromium" tests="11" failures="3" skipped="0" time="96.785" errors="0">
<testcase name="Modern Figma Plugin UI - Enhanced Validation @smoke @critical › should load the enhanced UI with all current elements visible" classname="modern-ui-validation.spec.js" time="7.132">
<failure message="modern-ui-validation.spec.js:15:3 should load the enhanced UI with all current elements visible" type="FAILURE">
<![CDATA[  [chromium] › modern-ui-validation.spec.js:15:3 › Modern Figma Plugin UI - Enhanced Validation @smoke @critical › should load the enhanced UI with all current elements visible 

    Error: expect(locator).toBeVisible() failed

    Locator:  locator('#templateContent')
    Expected: visible
    Received: hidden
    Timeout:  5000ms

    Call log:
      - Expect "toBeVisible" with timeout 5000ms
      - waiting for locator('#templateContent')
        9 × locator resolved to <div id="templateContent" class="template-content">…</div>
          - unexpected value "hidden"


      39 |     // Check template preview section
      40 |     await expect(page.locator('#templatePreview')).toBeVisible();
    > 41 |     await expect(page.locator('#templateContent')).toBeVisible();
         |                                                    ^
      42 |     
      43 |     // Verify context preview wrapper (initially hidden)
      44 |     await expect(page.locator('#context-preview-wrapper')).toBeHidden();
        at /Users/david/Documents/Figa-Jira-Automations-Tool/figma-ticket-generator/browser-tests/tests/modern-ui-validation.spec.js:41:52

    attachment #1: screenshot (image/png) ──────────────────────────────────────────────────────────
    ../test-results/modern-ui-validation-Moder-f7533-ll-current-elements-visible-chromium/test-failed-1.png
    ────────────────────────────────────────────────────────────────────────────────────────────────

    attachment #2: video (video/webm) ──────────────────────────────────────────────────────────────
    ../test-results/modern-ui-validation-Moder-f7533-ll-current-elements-visible-chromium/video.webm
    ────────────────────────────────────────────────────────────────────────────────────────────────

    Error Context: ../test-results/modern-ui-validation-Moder-f7533-ll-current-elements-visible-chromium/error-context.md
]]>
</failure>
<system-out>
<![CDATA[
[[ATTACHMENT|test-results/modern-ui-validation-Moder-f7533-ll-current-elements-visible-chromium/test-failed-1.png]]

[[ATTACHMENT|test-results/modern-ui-validation-Moder-f7533-ll-current-elements-visible-chromium/video.webm]]

[[ATTACHMENT|test-results/modern-ui-validation-Moder-f7533-ll-current-elements-visible-chromium/error-context.md]]
]]>
</system-out>
</testcase>
<testcase name="Modern Figma Plugin UI - Enhanced Validation @smoke @critical › should validate tech stack input and show parsing functionality" classname="modern-ui-validation.spec.js" time="4.598">
</testcase>
<testcase name="Modern Figma Plugin UI - Enhanced Validation @smoke @critical › should handle platform and document type selection" classname="modern-ui-validation.spec.js" time="2.706">
</testcase>
<testcase name="Modern Figma Plugin UI - Enhanced Validation @smoke @critical › should generate content with enhanced workflow @critical" classname="modern-ui-validation.spec.js" time="6.838">
<system-out>
<![CDATA[Direct generation workflow - no context preview
]]>
</system-out>
</testcase>
<testcase name="Modern Figma Plugin UI - Enhanced Validation @smoke @critical › should handle AI ticket generation workflow" classname="modern-ui-validation.spec.js" time="30.062">
<failure message="modern-ui-validation.spec.js:157:3 should handle AI ticket generation workflow" type="FAILURE">
<![CDATA[  [chromium] › modern-ui-validation.spec.js:157:3 › Modern Figma Plugin UI - Enhanced Validation @smoke @critical › should handle AI ticket generation workflow 

    Test timeout of 30000ms exceeded.

    Error: expect.toBeEnabled: Target page, context or browser has been closed

      177 |       // Check if any error messages are shown appropriately
      178 |       const generateBtn = page.locator('#generateAI');
    > 179 |       await expect(generateBtn).toBeEnabled(); // Should not be stuck in loading state
          |                                 ^
      180 |     }
      181 |   });
      182 |
        at /Users/david/Documents/Figa-Jira-Automations-Tool/figma-ticket-generator/browser-tests/tests/modern-ui-validation.spec.js:179:33

    attachment #1: screenshot (image/png) ──────────────────────────────────────────────────────────
    ../test-results/modern-ui-validation-Moder-20ba3--ticket-generation-workflow-chromium/test-failed-1.png
    ────────────────────────────────────────────────────────────────────────────────────────────────

    attachment #2: video (video/webm) ──────────────────────────────────────────────────────────────
    ../test-results/modern-ui-validation-Moder-20ba3--ticket-generation-workflow-chromium/video.webm
    ────────────────────────────────────────────────────────────────────────────────────────────────

    Error Context: ../test-results/modern-ui-validation-Moder-20ba3--ticket-generation-workflow-chromium/error-context.md
]]>
</failure>
<system-out>
<![CDATA[AI generation may require MCP server - testing fallback

[[ATTACHMENT|test-results/modern-ui-validation-Moder-20ba3--ticket-generation-workflow-chromium/test-failed-1.png]]

[[ATTACHMENT|test-results/modern-ui-validation-Moder-20ba3--ticket-generation-workflow-chromium/video.webm]]

[[ATTACHMENT|test-results/modern-ui-validation-Moder-20ba3--ticket-generation-workflow-chromium/error-context.md]]
]]>
</system-out>
</testcase>
<testcase name="Modern Figma Plugin UI - Enhanced Validation @smoke @critical › should handle debug and advanced features" classname="modern-ui-validation.spec.js" time="13.242">
<failure message="modern-ui-validation.spec.js:183:3 should handle debug and advanced features" type="FAILURE">
<![CDATA[  [chromium] › modern-ui-validation.spec.js:183:3 › Modern Figma Plugin UI - Enhanced Validation @smoke @critical › should handle debug and advanced features 

    TimeoutError: page.click: Timeout 10000ms exceeded.
    Call log:
      - waiting for locator('#toggleDebug')
        - locator resolved to <button id="toggleDebug" class="button-debug">Hide Debug</button>
      - attempting click action
        2 × waiting for element to be visible, enabled and stable
          - element is visible, enabled and stable
          - scrolling into view if needed
          - done scrolling
          - <div class="modal-overlay" id="advancedDebugModal">…</div> intercepts pointer events
        - retrying click action
        - waiting 20ms
        2 × waiting for element to be visible, enabled and stable
          - element is visible, enabled and stable
          - scrolling into view if needed
          - done scrolling
          - <div class="dashboard-section">…</div> from <div class="modal-overlay" id="advancedDebugModal">…</div> subtree intercepts pointer events
        - retrying click action
          - waiting 100ms
        4 × waiting for element to be visible, enabled and stable
          - element is visible, enabled and stable
          - scrolling into view if needed
          - done scrolling
          - <div class="dashboard-section">…</div> from <div class="modal-overlay" id="advancedDebugModal">…</div> subtree intercepts pointer events
        - retrying click action
          - waiting 500ms
          - waiting for element to be visible, enabled and stable
          - element is visible, enabled and stable
          - scrolling into view if needed
          - done scrolling
          - <div class="modal-overlay" id="advancedDebugModal">…</div> intercepts pointer events
        - retrying click action
          - waiting 500ms
          - waiting for element to be visible, enabled and stable
          - element is visible, enabled and stable
          - scrolling into view if needed
          - done scrolling
          - <div class="dashboard-section">…</div> from <div class="modal-overlay" id="advancedDebugModal">…</div> subtree intercepts pointer events
        - retrying click action
          - waiting 500ms
          - waiting for element to be visible, enabled and stable
          - element is visible, enabled and stable
          - scrolling into view if needed
          - done scrolling
          - <div class="dashboard-section">…</div> from <div class="modal-overlay" id="advancedDebugModal">…</div> subtree intercepts pointer events
        - retrying click action
          - waiting 500ms
        - waiting for element to be visible, enabled and stable
        - element is visible, enabled and stable
        - scrolling into view if needed
        - done scrolling
        - <div class="dashboard-section">…</div> from <div class="modal-overlay" id="advancedDebugModal">…</div> subtree intercepts pointer events
      - retrying click action
        - waiting 500ms
        - waiting for element to be visible, enabled and stable
        - element is visible, enabled and stable
        - scrolling into view if needed
        - done scrolling
        - <div class="modal-overlay" id="advancedDebugModal">…</div> intercepts pointer events
      - retrying click action
        - waiting 500ms
        - waiting for element to be visible, enabled and stable
        - element is visible, enabled and stable
        - scrolling into view if needed
        - done scrolling
        - <div class="dashboard-section">…</div> from <div class="modal-overlay" id="advancedDebugModal">…</div> subtree intercepts pointer events
      - retrying click action
        - waiting 500ms


      204 |     
      205 |     // Hide debug panel
    > 206 |     await page.click('#toggleDebug');
          |                ^
      207 |     await page.waitForTimeout(500);
      208 |     await expect(page.locator('#debugPanel')).toBeHidden();
      209 |   });
        at /Users/david/Documents/Figa-Jira-Automations-Tool/figma-ticket-generator/browser-tests/tests/modern-ui-validation.spec.js:206:16

    attachment #1: screenshot (image/png) ──────────────────────────────────────────────────────────
    ../test-results/modern-ui-validation-Moder-46de9-debug-and-advanced-features-chromium/test-failed-1.png
    ────────────────────────────────────────────────────────────────────────────────────────────────

    attachment #2: video (video/webm) ──────────────────────────────────────────────────────────────
    ../test-results/modern-ui-validation-Moder-46de9-debug-and-advanced-features-chromium/video.webm
    ────────────────────────────────────────────────────────────────────────────────────────────────

    Error Context: ../test-results/modern-ui-validation-Moder-46de9-debug-and-advanced-features-chromium/error-context.md
]]>
</failure>
<system-out>
<![CDATA[
[[ATTACHMENT|test-results/modern-ui-validation-Moder-46de9-debug-and-advanced-features-chromium/test-failed-1.png]]

[[ATTACHMENT|test-results/modern-ui-validation-Moder-46de9-debug-and-advanced-features-chromium/video.webm]]

[[ATTACHMENT|test-results/modern-ui-validation-Moder-46de9-debug-and-advanced-features-chromium/error-context.md]]
]]>
</system-out>
</testcase>
<testcase name="Modern Figma Plugin UI - Enhanced Validation @smoke @critical › should handle server status and MCP integration gracefully" classname="modern-ui-validation.spec.js" time="4.79">
<system-out>
<![CDATA[Server status: Connected
Connection status: 
          ✅
          Connected (v1.0.0)
        
]]>
</system-out>
</testcase>
<testcase name="Modern Figma Plugin UI - Enhanced Validation @smoke @critical › should navigate to health tab functionality" classname="modern-ui-validation.spec.js" time="1.693">
<system-out>
<![CDATA[Health tab not currently implemented or visible
]]>
</system-out>
</testcase>
<testcase name="Modern Figma Plugin UI - Enhanced Validation @smoke @critical › should handle various button interactions and states" classname="modern-ui-validation.spec.js" time="12.67">
<system-out>
<![CDATA[Testing button: #testMockAI
Testing button: #testMockData
Testing button: #testMCPDirect
Testing button: #testAllCombinations
Testing button: #debugSelection
Testing button: #preciseScreenshot
Testing button: #testScreenshotAPI
]]>
</system-out>
</testcase>
<testcase name="Modern Figma Plugin UI - Enhanced Validation @smoke @critical › should maintain responsive design and accessibility" classname="modern-ui-validation.spec.js" time="3.426">
<system-out>
<![CDATA[Layout tested at 320x568
Layout tested at 768x1024
Layout tested at 1200x800
]]>
</system-out>
</testcase>
<testcase name="Modern Figma Plugin UI - Enhanced Validation @smoke @critical › should handle error states gracefully" classname="modern-ui-validation.spec.js" time="9.628">
<system-out>
<![CDATA[Error recovery testing completed
]]>
</system-out>
</testcase>
</testsuite>
<testsuite name="e2e-workflow-improvements.spec.js" timestamp="2025-10-23T07:35:09.679Z" hostname="firefox" tests="5" failures="2" skipped="0" time="52.385" errors="0">
<testcase name="E2E Workflow Improvements @critical › should complete full design-to-ticket workflow" classname="e2e-workflow-improvements.spec.js" time="7.554">
<failure message="e2e-workflow-improvements.spec.js:12:3 should complete full design-to-ticket workflow" type="FAILURE">
<![CDATA[  [firefox] › e2e-workflow-improvements.spec.js:12:3 › E2E Workflow Improvements @critical › should complete full design-to-ticket workflow 

    Error: browserContext.grantPermissions: Unknown permission: clipboard-read

      69 |     
      70 |     const context = page.context();
    > 71 |     await context.grantPermissions(['clipboard-read', 'clipboard-write']);
         |                   ^
      72 |     
      73 |     await page.click('#copyBtn');
      74 |     
        at /Users/david/Documents/Figa-Jira-Automations-Tool/figma-ticket-generator/browser-tests/tests/e2e-workflow-improvements.spec.js:71:19

    attachment #1: screenshot (image/png) ──────────────────────────────────────────────────────────
    ../test-results/e2e-workflow-improvements--7a814-l-design-to-ticket-workflow-firefox/test-failed-1.png
    ────────────────────────────────────────────────────────────────────────────────────────────────

    attachment #2: video (video/webm) ──────────────────────────────────────────────────────────────
    ../test-results/e2e-workflow-improvements--7a814-l-design-to-ticket-workflow-firefox/video.webm
    ────────────────────────────────────────────────────────────────────────────────────────────────

    Error Context: ../test-results/e2e-workflow-improvements--7a814-l-design-to-ticket-workflow-firefox/error-context.md
]]>
</failure>
<system-out>
<![CDATA[🧪 Testing complete E2E workflow...
📝 Direct generation workflow - no context preview
⏳ Waiting for ticket generation...
📄 Generated content: 346 characters

[[ATTACHMENT|test-results/e2e-workflow-improvements--7a814-l-design-to-ticket-workflow-firefox/test-failed-1.png]]

[[ATTACHMENT|test-results/e2e-workflow-improvements--7a814-l-design-to-ticket-workflow-firefox/video.webm]]

[[ATTACHMENT|test-results/e2e-workflow-improvements--7a814-l-design-to-ticket-workflow-firefox/error-context.md]]
]]>
</system-out>
</testcase>
<testcase name="E2E Workflow Improvements @critical › should handle AI workflow with fallback gracefully" classname="e2e-workflow-improvements.spec.js" time="30.113">
<failure message="e2e-workflow-improvements.spec.js:81:3 should handle AI workflow with fallback gracefully" type="FAILURE">
<![CDATA[  [firefox] › e2e-workflow-improvements.spec.js:81:3 › E2E Workflow Improvements @critical › should handle AI workflow with fallback gracefully 

    Test timeout of 30000ms exceeded.

    Error: expect.toBeEnabled: Target page, context or browser has been closed

      101 |       
      102 |       // Check that UI is still responsive
    > 103 |       await expect(page.locator('#generateAI')).toBeEnabled();
          |                                                 ^
      104 |       await expect(page.locator('#generate')).toBeEnabled();
      105 |       
      106 |       // Try standard generation as fallback
        at /Users/david/Documents/Figa-Jira-Automations-Tool/figma-ticket-generator/browser-tests/tests/e2e-workflow-improvements.spec.js:103:49

    attachment #1: screenshot (image/png) ──────────────────────────────────────────────────────────
    ../test-results/e2e-workflow-improvements--78951-ow-with-fallback-gracefully-firefox/test-failed-1.png
    ────────────────────────────────────────────────────────────────────────────────────────────────

    attachment #2: video (video/webm) ──────────────────────────────────────────────────────────────
    ../test-results/e2e-workflow-improvements--78951-ow-with-fallback-gracefully-firefox/video.webm
    ────────────────────────────────────────────────────────────────────────────────────────────────

    Error Context: ../test-results/e2e-workflow-improvements--78951-ow-with-fallback-gracefully-firefox/error-context.md
]]>
</failure>
<system-out>
<![CDATA[🤖 Testing AI workflow with fallback...
⚠️ AI workflow timeout - testing fallback handling

[[ATTACHMENT|test-results/e2e-workflow-improvements--78951-ow-with-fallback-gracefully-firefox/test-failed-1.png]]

[[ATTACHMENT|test-results/e2e-workflow-improvements--78951-ow-with-fallback-gracefully-firefox/video.webm]]

[[ATTACHMENT|test-results/e2e-workflow-improvements--78951-ow-with-fallback-gracefully-firefox/error-context.md]]
]]>
</system-out>
</testcase>
<testcase name="E2E Workflow Improvements @critical › should handle complex multi-step workflow scenarios" classname="e2e-workflow-improvements.spec.js" time="2.604">
<system-out>
<![CDATA[🔄 Testing complex multi-step workflow...
🎯 Testing scenario: Complex React App
   📊 Complex React App: 346 characters
   ⚠️ Complex React App: Missing some expected elements but generated content
🎯 Testing scenario: Mobile Component
   📊 Mobile Component: 346 characters
   ✅ Mobile Component: Contains expected structure
✅ Complex workflow scenarios completed
]]>
</system-out>
</testcase>
<testcase name="E2E Workflow Improvements @critical › should maintain performance under load" classname="e2e-workflow-improvements.spec.js" time="7.033">
<system-out>
<![CDATA[⚡ Testing performance under simulated load...
   🔄 Load test iteration 1/5
   ⏱️ Iteration 1: 84ms
   🔄 Load test iteration 2/5
   ⏱️ Iteration 2: 210ms
   🔄 Load test iteration 3/5
   ⏱️ Iteration 3: 211ms
   🔄 Load test iteration 4/5
   ⏱️ Iteration 4: 313ms
   🔄 Load test iteration 5/5
   ⏱️ Iteration 5: 210ms
📊 Performance Results:
   Average: 206ms
   Maximum: 313ms
✅ Performance test passed
]]>
</system-out>
</testcase>
<testcase name="E2E Workflow Improvements @critical › should recover from error states gracefully" classname="e2e-workflow-improvements.spec.js" time="5.081">
<system-out>
<![CDATA[🛡️ Testing error recovery...
   Testing invalid input recovery...
   ✅ Recovered from invalid input
   Testing network error handling...
✅ Error recovery tests completed
]]>
</system-out>
</testcase>
</testsuite>
<testsuite name="modern-ui-validation.spec.js" timestamp="2025-10-23T07:35:09.679Z" hostname="firefox" tests="11" failures="4" skipped="0" time="100.429" errors="0">
<testcase name="Modern Figma Plugin UI - Enhanced Validation @smoke @critical › should load the enhanced UI with all current elements visible" classname="modern-ui-validation.spec.js" time="6.843">
<failure message="modern-ui-validation.spec.js:15:3 should load the enhanced UI with all current elements visible" type="FAILURE">
<![CDATA[  [firefox] › modern-ui-validation.spec.js:15:3 › Modern Figma Plugin UI - Enhanced Validation @smoke @critical › should load the enhanced UI with all current elements visible 

    Error: expect(locator).toBeVisible() failed

    Locator:  locator('#templateContent')
    Expected: visible
    Received: hidden
    Timeout:  5000ms

    Call log:
      - Expect "toBeVisible" with timeout 5000ms
      - waiting for locator('#templateContent')
        9 × locator resolved to <div id="templateContent" class="template-content">…</div>
          - unexpected value "hidden"


      39 |     // Check template preview section
      40 |     await expect(page.locator('#templatePreview')).toBeVisible();
    > 41 |     await expect(page.locator('#templateContent')).toBeVisible();
         |                                                    ^
      42 |     
      43 |     // Verify context preview wrapper (initially hidden)
      44 |     await expect(page.locator('#context-preview-wrapper')).toBeHidden();
        at /Users/david/Documents/Figa-Jira-Automations-Tool/figma-ticket-generator/browser-tests/tests/modern-ui-validation.spec.js:41:52

    attachment #1: screenshot (image/png) ──────────────────────────────────────────────────────────
    ../test-results/modern-ui-validation-Moder-f7533-ll-current-elements-visible-firefox/test-failed-1.png
    ────────────────────────────────────────────────────────────────────────────────────────────────

    attachment #2: video (video/webm) ──────────────────────────────────────────────────────────────
    ../test-results/modern-ui-validation-Moder-f7533-ll-current-elements-visible-firefox/video.webm
    ────────────────────────────────────────────────────────────────────────────────────────────────

    Error Context: ../test-results/modern-ui-validation-Moder-f7533-ll-current-elements-visible-firefox/error-context.md
]]>
</failure>
<system-out>
<![CDATA[
[[ATTACHMENT|test-results/modern-ui-validation-Moder-f7533-ll-current-elements-visible-firefox/test-failed-1.png]]

[[ATTACHMENT|test-results/modern-ui-validation-Moder-f7533-ll-current-elements-visible-firefox/video.webm]]

[[ATTACHMENT|test-results/modern-ui-validation-Moder-f7533-ll-current-elements-visible-firefox/error-context.md]]
]]>
</system-out>
</testcase>
<testcase name="Modern Figma Plugin UI - Enhanced Validation @smoke @critical › should validate tech stack input and show parsing functionality" classname="modern-ui-validation.spec.js" time="5.338">
</testcase>
<testcase name="Modern Figma Plugin UI - Enhanced Validation @smoke @critical › should handle platform and document type selection" classname="modern-ui-validation.spec.js" time="3.158">
</testcase>
<testcase name="Modern Figma Plugin UI - Enhanced Validation @smoke @critical › should generate content with enhanced workflow @critical" classname="modern-ui-validation.spec.js" time="7.221">
<failure message="modern-ui-validation.spec.js:105:3 should generate content with enhanced workflow @critical" type="FAILURE">
<![CDATA[  [firefox] › modern-ui-validation.spec.js:105:3 › Modern Figma Plugin UI - Enhanced Validation @smoke @critical › should generate content with enhanced workflow @critical 

    Error: browserContext.grantPermissions: Unknown permission: clipboard-read

      147 |     // Test the copy functionality
      148 |     const context = page.context();
    > 149 |     await context.grantPermissions(['clipboard-read', 'clipboard-write']);
          |                   ^
      150 |     await page.click('#copyBtn');
      151 |     
      152 |     // Verify clipboard content
        at /Users/david/Documents/Figa-Jira-Automations-Tool/figma-ticket-generator/browser-tests/tests/modern-ui-validation.spec.js:149:19

    attachment #1: screenshot (image/png) ──────────────────────────────────────────────────────────
    ../test-results/modern-ui-validation-Moder-3cd37--enhanced-workflow-critical-firefox/test-failed-1.png
    ────────────────────────────────────────────────────────────────────────────────────────────────

    attachment #2: video (video/webm) ──────────────────────────────────────────────────────────────
    ../test-results/modern-ui-validation-Moder-3cd37--enhanced-workflow-critical-firefox/video.webm
    ────────────────────────────────────────────────────────────────────────────────────────────────

    Error Context: ../test-results/modern-ui-validation-Moder-3cd37--enhanced-workflow-critical-firefox/error-context.md
]]>
</failure>
<system-out>
<![CDATA[Direct generation workflow - no context preview

[[ATTACHMENT|test-results/modern-ui-validation-Moder-3cd37--enhanced-workflow-critical-firefox/test-failed-1.png]]

[[ATTACHMENT|test-results/modern-ui-validation-Moder-3cd37--enhanced-workflow-critical-firefox/video.webm]]

[[ATTACHMENT|test-results/modern-ui-validation-Moder-3cd37--enhanced-workflow-critical-firefox/error-context.md]]
]]>
</system-out>
</testcase>
<testcase name="Modern Figma Plugin UI - Enhanced Validation @smoke @critical › should handle AI ticket generation workflow" classname="modern-ui-validation.spec.js" time="30.086">
<failure message="modern-ui-validation.spec.js:157:3 should handle AI ticket generation workflow" type="FAILURE">
<![CDATA[  [firefox] › modern-ui-validation.spec.js:157:3 › Modern Figma Plugin UI - Enhanced Validation @smoke @critical › should handle AI ticket generation workflow 

    Test timeout of 30000ms exceeded.

    Error: expect.toBeEnabled: Target page, context or browser has been closed

      177 |       // Check if any error messages are shown appropriately
      178 |       const generateBtn = page.locator('#generateAI');
    > 179 |       await expect(generateBtn).toBeEnabled(); // Should not be stuck in loading state
          |                                 ^
      180 |     }
      181 |   });
      182 |
        at /Users/david/Documents/Figa-Jira-Automations-Tool/figma-ticket-generator/browser-tests/tests/modern-ui-validation.spec.js:179:33

    attachment #1: screenshot (image/png) ──────────────────────────────────────────────────────────
    ../test-results/modern-ui-validation-Moder-20ba3--ticket-generation-workflow-firefox/test-failed-1.png
    ────────────────────────────────────────────────────────────────────────────────────────────────

    attachment #2: video (video/webm) ──────────────────────────────────────────────────────────────
    ../test-results/modern-ui-validation-Moder-20ba3--ticket-generation-workflow-firefox/video.webm
    ────────────────────────────────────────────────────────────────────────────────────────────────

    Error Context: ../test-results/modern-ui-validation-Moder-20ba3--ticket-generation-workflow-firefox/error-context.md
]]>
</failure>
<system-out>
<![CDATA[AI generation may require MCP server - testing fallback

[[ATTACHMENT|test-results/modern-ui-validation-Moder-20ba3--ticket-generation-workflow-firefox/test-failed-1.png]]

[[ATTACHMENT|test-results/modern-ui-validation-Moder-20ba3--ticket-generation-workflow-firefox/video.webm]]

[[ATTACHMENT|test-results/modern-ui-validation-Moder-20ba3--ticket-generation-workflow-firefox/error-context.md]]
]]>
</system-out>
</testcase>
<testcase name="Modern Figma Plugin UI - Enhanced Validation @smoke @critical › should handle debug and advanced features" classname="modern-ui-validation.spec.js" time="14.367">
<failure message="modern-ui-validation.spec.js:183:3 should handle debug and advanced features" type="FAILURE">
<![CDATA[  [firefox] › modern-ui-validation.spec.js:183:3 › Modern Figma Plugin UI - Enhanced Validation @smoke @critical › should handle debug and advanced features 

    TimeoutError: page.click: Timeout 10000ms exceeded.
    Call log:
      - waiting for locator('#toggleDebug')
        - locator resolved to <button id="toggleDebug" class="button-debug">Hide Debug</button>
      - attempting click action
        2 × waiting for element to be visible, enabled and stable
          - element is visible, enabled and stable
          - scrolling into view if needed
          - done scrolling
          - <div class="modal-overlay" id="advancedDebugModal">…</div> intercepts pointer events
        - retrying click action
        - waiting 20ms
        2 × waiting for element to be visible, enabled and stable
          - element is visible, enabled and stable
          - scrolling into view if needed
          - done scrolling
          - <div class="quality-metric">…</div> from <div class="modal-overlay" id="advancedDebugModal">…</div> subtree intercepts pointer events
        - retrying click action
          - waiting 100ms
        4 × waiting for element to be visible, enabled and stable
          - element is visible, enabled and stable
          - scrolling into view if needed
          - done scrolling
          - <div class="quality-metric">…</div> from <div class="modal-overlay" id="advancedDebugModal">…</div> subtree intercepts pointer events
        - retrying click action
          - waiting 500ms
          - waiting for element to be visible, enabled and stable
          - element is visible, enabled and stable
          - scrolling into view if needed
          - done scrolling
          - <div class="modal-overlay" id="advancedDebugModal">…</div> intercepts pointer events
        - retrying click action
          - waiting 500ms
          - waiting for element to be visible, enabled and stable
          - element is visible, enabled and stable
          - scrolling into view if needed
          - done scrolling
          - <div class="quality-metric">…</div> from <div class="modal-overlay" id="advancedDebugModal">…</div> subtree intercepts pointer events
        - retrying click action
          - waiting 500ms
          - waiting for element to be visible, enabled and stable
          - element is visible, enabled and stable
          - scrolling into view if needed
          - done scrolling
          - <div class="quality-metric">…</div> from <div class="modal-overlay" id="advancedDebugModal">…</div> subtree intercepts pointer events
        - retrying click action
          - waiting 500ms
        - waiting for element to be visible, enabled and stable
        - element is visible, enabled and stable
        - scrolling into view if needed
        - done scrolling
        - <div class="quality-metric">…</div> from <div class="modal-overlay" id="advancedDebugModal">…</div> subtree intercepts pointer events
      - retrying click action
        - waiting 500ms
        - waiting for element to be visible, enabled and stable
        - element is visible, enabled and stable
        - scrolling into view if needed
        - done scrolling
        - <div class="modal-overlay" id="advancedDebugModal">…</div> intercepts pointer events
      - retrying click action
        - waiting 500ms
        - waiting for element to be visible, enabled and stable
        - element is visible, enabled and stable
        - scrolling into view if needed
        - done scrolling
        - <div class="quality-metric">…</div> from <div class="modal-overlay" id="advancedDebugModal">…</div> subtree intercepts pointer events
      - retrying click action
        - waiting 500ms


      204 |     
      205 |     // Hide debug panel
    > 206 |     await page.click('#toggleDebug');
          |                ^
      207 |     await page.waitForTimeout(500);
      208 |     await expect(page.locator('#debugPanel')).toBeHidden();
      209 |   });
        at /Users/david/Documents/Figa-Jira-Automations-Tool/figma-ticket-generator/browser-tests/tests/modern-ui-validation.spec.js:206:16

    attachment #1: screenshot (image/png) ──────────────────────────────────────────────────────────
    ../test-results/modern-ui-validation-Moder-46de9-debug-and-advanced-features-firefox/test-failed-1.png
    ────────────────────────────────────────────────────────────────────────────────────────────────

    attachment #2: video (video/webm) ──────────────────────────────────────────────────────────────
    ../test-results/modern-ui-validation-Moder-46de9-debug-and-advanced-features-firefox/video.webm
    ────────────────────────────────────────────────────────────────────────────────────────────────

    Error Context: ../test-results/modern-ui-validation-Moder-46de9-debug-and-advanced-features-firefox/error-context.md
]]>
</failure>
<system-out>
<![CDATA[
[[ATTACHMENT|test-results/modern-ui-validation-Moder-46de9-debug-and-advanced-features-firefox/test-failed-1.png]]

[[ATTACHMENT|test-results/modern-ui-validation-Moder-46de9-debug-and-advanced-features-firefox/video.webm]]

[[ATTACHMENT|test-results/modern-ui-validation-Moder-46de9-debug-and-advanced-features-firefox/error-context.md]]
]]>
</system-out>
</testcase>
<testcase name="Modern Figma Plugin UI - Enhanced Validation @smoke @critical › should handle server status and MCP integration gracefully" classname="modern-ui-validation.spec.js" time="5.701">
<system-out>
<![CDATA[Server status: Connected
Connection status: 
          ✅
          Connected (v1.0.0)
        
]]>
</system-out>
</testcase>
<testcase name="Modern Figma Plugin UI - Enhanced Validation @smoke @critical › should navigate to health tab functionality" classname="modern-ui-validation.spec.js" time="1.801">
<system-out>
<![CDATA[Health tab not currently implemented or visible
]]>
</system-out>
</testcase>
<testcase name="Modern Figma Plugin UI - Enhanced Validation @smoke @critical › should handle various button interactions and states" classname="modern-ui-validation.spec.js" time="12.777">
<system-out>
<![CDATA[Testing button: #testMockAI
Testing button: #testMockData
Testing button: #testMCPDirect
Testing button: #testAllCombinations
Testing button: #debugSelection
Testing button: #preciseScreenshot
Testing button: #testScreenshotAPI
]]>
</system-out>
</testcase>
<testcase name="Modern Figma Plugin UI - Enhanced Validation @smoke @critical › should maintain responsive design and accessibility" classname="modern-ui-validation.spec.js" time="3.744">
<system-out>
<![CDATA[Layout tested at 320x568
Layout tested at 768x1024
Layout tested at 1200x800
]]>
</system-out>
</testcase>
<testcase name="Modern Figma Plugin UI - Enhanced Validation @smoke @critical › should handle error states gracefully" classname="modern-ui-validation.spec.js" time="9.393">
<system-out>
<![CDATA[Error recovery testing completed
]]>
</system-out>
</testcase>
</testsuite>
<testsuite name="e2e-workflow-improvements.spec.js" timestamp="2025-10-23T07:35:09.679Z" hostname="webkit" tests="5" failures="2" skipped="0" time="50.628" errors="0">
<testcase name="E2E Workflow Improvements @critical › should complete full design-to-ticket workflow" classname="e2e-workflow-improvements.spec.js" time="8.396">
<failure message="e2e-workflow-improvements.spec.js:12:3 should complete full design-to-ticket workflow" type="FAILURE">
<![CDATA[  [webkit] › e2e-workflow-improvements.spec.js:12:3 › E2E Workflow Improvements @critical › should complete full design-to-ticket workflow 

    Error: browserContext.grantPermissions: Unknown permission: clipboard-write

      69 |     
      70 |     const context = page.context();
    > 71 |     await context.grantPermissions(['clipboard-read', 'clipboard-write']);
         |                   ^
      72 |     
      73 |     await page.click('#copyBtn');
      74 |     
        at /Users/david/Documents/Figa-Jira-Automations-Tool/figma-ticket-generator/browser-tests/tests/e2e-workflow-improvements.spec.js:71:19

    attachment #1: screenshot (image/png) ──────────────────────────────────────────────────────────
    ../test-results/e2e-workflow-improvements--7a814-l-design-to-ticket-workflow-webkit/test-failed-1.png
    ────────────────────────────────────────────────────────────────────────────────────────────────

    attachment #2: video (video/webm) ──────────────────────────────────────────────────────────────
    ../test-results/e2e-workflow-improvements--7a814-l-design-to-ticket-workflow-webkit/video.webm
    ────────────────────────────────────────────────────────────────────────────────────────────────

    Error Context: ../test-results/e2e-workflow-improvements--7a814-l-design-to-ticket-workflow-webkit/error-context.md
]]>
</failure>
<system-out>
<![CDATA[🧪 Testing complete E2E workflow...
📝 Direct generation workflow - no context preview
⏳ Waiting for ticket generation...
📄 Generated content: 346 characters

[[ATTACHMENT|test-results/e2e-workflow-improvements--7a814-l-design-to-ticket-workflow-webkit/test-failed-1.png]]

[[ATTACHMENT|test-results/e2e-workflow-improvements--7a814-l-design-to-ticket-workflow-webkit/video.webm]]

[[ATTACHMENT|test-results/e2e-workflow-improvements--7a814-l-design-to-ticket-workflow-webkit/error-context.md]]
]]>
</system-out>
</testcase>
<testcase name="E2E Workflow Improvements @critical › should handle AI workflow with fallback gracefully" classname="e2e-workflow-improvements.spec.js" time="30.116">
<failure message="e2e-workflow-improvements.spec.js:81:3 should handle AI workflow with fallback gracefully" type="FAILURE">
<![CDATA[  [webkit] › e2e-workflow-improvements.spec.js:81:3 › E2E Workflow Improvements @critical › should handle AI workflow with fallback gracefully 

    Test timeout of 30000ms exceeded.

    Error: expect.toBeEnabled: Target page, context or browser has been closed

      101 |       
      102 |       // Check that UI is still responsive
    > 103 |       await expect(page.locator('#generateAI')).toBeEnabled();
          |                                                 ^
      104 |       await expect(page.locator('#generate')).toBeEnabled();
      105 |       
      106 |       // Try standard generation as fallback
        at /Users/david/Documents/Figa-Jira-Automations-Tool/figma-ticket-generator/browser-tests/tests/e2e-workflow-improvements.spec.js:103:49

    attachment #1: screenshot (image/png) ──────────────────────────────────────────────────────────
    ../test-results/e2e-workflow-improvements--78951-ow-with-fallback-gracefully-webkit/test-failed-1.png
    ────────────────────────────────────────────────────────────────────────────────────────────────

    attachment #2: video (video/webm) ──────────────────────────────────────────────────────────────
    ../test-results/e2e-workflow-improvements--78951-ow-with-fallback-gracefully-webkit/video.webm
    ────────────────────────────────────────────────────────────────────────────────────────────────

    Error Context: ../test-results/e2e-workflow-improvements--78951-ow-with-fallback-gracefully-webkit/error-context.md
]]>
</failure>
<system-out>
<![CDATA[🤖 Testing AI workflow with fallback...
⚠️ AI workflow timeout - testing fallback handling

[[ATTACHMENT|test-results/e2e-workflow-improvements--78951-ow-with-fallback-gracefully-webkit/test-failed-1.png]]

[[ATTACHMENT|test-results/e2e-workflow-improvements--78951-ow-with-fallback-gracefully-webkit/video.webm]]

[[ATTACHMENT|test-results/e2e-workflow-improvements--78951-ow-with-fallback-gracefully-webkit/error-context.md]]
]]>
</system-out>
</testcase>
<testcase name="E2E Workflow Improvements @critical › should handle complex multi-step workflow scenarios" classname="e2e-workflow-improvements.spec.js" time="2.059">
<system-out>
<![CDATA[🔄 Testing complex multi-step workflow...
🎯 Testing scenario: Complex React App
   📊 Complex React App: 346 characters
   ⚠️ Complex React App: Missing some expected elements but generated content
🎯 Testing scenario: Mobile Component
   📊 Mobile Component: 346 characters
   ✅ Mobile Component: Contains expected structure
✅ Complex workflow scenarios completed
]]>
</system-out>
</testcase>
<testcase name="E2E Workflow Improvements @critical › should maintain performance under load" classname="e2e-workflow-improvements.spec.js" time="5.502">
<system-out>
<![CDATA[⚡ Testing performance under simulated load...
   🔄 Load test iteration 1/5
   ⏱️ Iteration 1: 88ms
   🔄 Load test iteration 2/5
   ⏱️ Iteration 2: 44ms
   🔄 Load test iteration 3/5
   ⏱️ Iteration 3: 41ms
   🔄 Load test iteration 4/5
   ⏱️ Iteration 4: 42ms
   🔄 Load test iteration 5/5
   ⏱️ Iteration 5: 53ms
📊 Performance Results:
   Average: 54ms
   Maximum: 88ms
✅ Performance test passed
]]>
</system-out>
</testcase>
<testcase name="E2E Workflow Improvements @critical › should recover from error states gracefully" classname="e2e-workflow-improvements.spec.js" time="4.555">
<system-out>
<![CDATA[🛡️ Testing error recovery...
   Testing invalid input recovery...
   ✅ Recovered from invalid input
   Testing network error handling...
✅ Error recovery tests completed
]]>
</system-out>
</testcase>
</testsuite>
<testsuite name="modern-ui-validation.spec.js" timestamp="2025-10-23T07:35:09.679Z" hostname="webkit" tests="11" failures="4" skipped="0" time="96.403" errors="0">
<testcase name="Modern Figma Plugin UI - Enhanced Validation @smoke @critical › should load the enhanced UI with all current elements visible" classname="modern-ui-validation.spec.js" time="6.831">
<failure message="modern-ui-validation.spec.js:15:3 should load the enhanced UI with all current elements visible" type="FAILURE">
<![CDATA[  [webkit] › modern-ui-validation.spec.js:15:3 › Modern Figma Plugin UI - Enhanced Validation @smoke @critical › should load the enhanced UI with all current elements visible 

    Error: expect(locator).toBeVisible() failed

    Locator:  locator('#templateContent')
    Expected: visible
    Received: hidden
    Timeout:  5000ms

    Call log:
      - Expect "toBeVisible" with timeout 5000ms
      - waiting for locator('#templateContent')
        9 × locator resolved to <div id="templateContent" class="template-content">…</div>
          - unexpected value "hidden"


      39 |     // Check template preview section
      40 |     await expect(page.locator('#templatePreview')).toBeVisible();
    > 41 |     await expect(page.locator('#templateContent')).toBeVisible();
         |                                                    ^
      42 |     
      43 |     // Verify context preview wrapper (initially hidden)
      44 |     await expect(page.locator('#context-preview-wrapper')).toBeHidden();
        at /Users/david/Documents/Figa-Jira-Automations-Tool/figma-ticket-generator/browser-tests/tests/modern-ui-validation.spec.js:41:52

    attachment #1: screenshot (image/png) ──────────────────────────────────────────────────────────
    ../test-results/modern-ui-validation-Moder-f7533-ll-current-elements-visible-webkit/test-failed-1.png
    ────────────────────────────────────────────────────────────────────────────────────────────────

    attachment #2: video (video/webm) ──────────────────────────────────────────────────────────────
    ../test-results/modern-ui-validation-Moder-f7533-ll-current-elements-visible-webkit/video.webm
    ────────────────────────────────────────────────────────────────────────────────────────────────

    Error Context: ../test-results/modern-ui-validation-Moder-f7533-ll-current-elements-visible-webkit/error-context.md
]]>
</failure>
<system-out>
<![CDATA[
[[ATTACHMENT|test-results/modern-ui-validation-Moder-f7533-ll-current-elements-visible-webkit/test-failed-1.png]]

[[ATTACHMENT|test-results/modern-ui-validation-Moder-f7533-ll-current-elements-visible-webkit/video.webm]]

[[ATTACHMENT|test-results/modern-ui-validation-Moder-f7533-ll-current-elements-visible-webkit/error-context.md]]
]]>
</system-out>
</testcase>
<testcase name="Modern Figma Plugin UI - Enhanced Validation @smoke @critical › should validate tech stack input and show parsing functionality" classname="modern-ui-validation.spec.js" time="4.478">
</testcase>
<testcase name="Modern Figma Plugin UI - Enhanced Validation @smoke @critical › should handle platform and document type selection" classname="modern-ui-validation.spec.js" time="2.93">
</testcase>
<testcase name="Modern Figma Plugin UI - Enhanced Validation @smoke @critical › should generate content with enhanced workflow @critical" classname="modern-ui-validation.spec.js" time="6.895">
<failure message="modern-ui-validation.spec.js:105:3 should generate content with enhanced workflow @critical" type="FAILURE">
<![CDATA[  [webkit] › modern-ui-validation.spec.js:105:3 › Modern Figma Plugin UI - Enhanced Validation @smoke @critical › should generate content with enhanced workflow @critical 

    Error: browserContext.grantPermissions: Unknown permission: clipboard-write

      147 |     // Test the copy functionality
      148 |     const context = page.context();
    > 149 |     await context.grantPermissions(['clipboard-read', 'clipboard-write']);
          |                   ^
      150 |     await page.click('#copyBtn');
      151 |     
      152 |     // Verify clipboard content
        at /Users/david/Documents/Figa-Jira-Automations-Tool/figma-ticket-generator/browser-tests/tests/modern-ui-validation.spec.js:149:19

    attachment #1: screenshot (image/png) ──────────────────────────────────────────────────────────
    ../test-results/modern-ui-validation-Moder-3cd37--enhanced-workflow-critical-webkit/test-failed-1.png
    ────────────────────────────────────────────────────────────────────────────────────────────────

    attachment #2: video (video/webm) ──────────────────────────────────────────────────────────────
    ../test-results/modern-ui-validation-Moder-3cd37--enhanced-workflow-critical-webkit/video.webm
    ────────────────────────────────────────────────────────────────────────────────────────────────

    Error Context: ../test-results/modern-ui-validation-Moder-3cd37--enhanced-workflow-critical-webkit/error-context.md
]]>
</failure>
<system-out>
<![CDATA[Direct generation workflow - no context preview

[[ATTACHMENT|test-results/modern-ui-validation-Moder-3cd37--enhanced-workflow-critical-webkit/test-failed-1.png]]

[[ATTACHMENT|test-results/modern-ui-validation-Moder-3cd37--enhanced-workflow-critical-webkit/video.webm]]

[[ATTACHMENT|test-results/modern-ui-validation-Moder-3cd37--enhanced-workflow-critical-webkit/error-context.md]]
]]>
</system-out>
</testcase>
<testcase name="Modern Figma Plugin UI - Enhanced Validation @smoke @critical › should handle AI ticket generation workflow" classname="modern-ui-validation.spec.js" time="30.117">
<failure message="modern-ui-validation.spec.js:157:3 should handle AI ticket generation workflow" type="FAILURE">
<![CDATA[  [webkit] › modern-ui-validation.spec.js:157:3 › Modern Figma Plugin UI - Enhanced Validation @smoke @critical › should handle AI ticket generation workflow 

    Test timeout of 30000ms exceeded.

    Error: expect.toBeEnabled: Target page, context or browser has been closed

      177 |       // Check if any error messages are shown appropriately
      178 |       const generateBtn = page.locator('#generateAI');
    > 179 |       await expect(generateBtn).toBeEnabled(); // Should not be stuck in loading state
          |                                 ^
      180 |     }
      181 |   });
      182 |
        at /Users/david/Documents/Figa-Jira-Automations-Tool/figma-ticket-generator/browser-tests/tests/modern-ui-validation.spec.js:179:33

    attachment #1: screenshot (image/png) ──────────────────────────────────────────────────────────
    ../test-results/modern-ui-validation-Moder-20ba3--ticket-generation-workflow-webkit/test-failed-1.png
    ────────────────────────────────────────────────────────────────────────────────────────────────

    attachment #2: video (video/webm) ──────────────────────────────────────────────────────────────
    ../test-results/modern-ui-validation-Moder-20ba3--ticket-generation-workflow-webkit/video.webm
    ────────────────────────────────────────────────────────────────────────────────────────────────

    Error Context: ../test-results/modern-ui-validation-Moder-20ba3--ticket-generation-workflow-webkit/error-context.md
]]>
</failure>
<system-out>
<![CDATA[AI generation may require MCP server - testing fallback

[[ATTACHMENT|test-results/modern-ui-validation-Moder-20ba3--ticket-generation-workflow-webkit/test-failed-1.png]]

[[ATTACHMENT|test-results/modern-ui-validation-Moder-20ba3--ticket-generation-workflow-webkit/video.webm]]

[[ATTACHMENT|test-results/modern-ui-validation-Moder-20ba3--ticket-generation-workflow-webkit/error-context.md]]
]]>
</system-out>
</testcase>
<testcase name="Modern Figma Plugin UI - Enhanced Validation @smoke @critical › should handle debug and advanced features" classname="modern-ui-validation.spec.js" time="13.374">
<failure message="modern-ui-validation.spec.js:183:3 should handle debug and advanced features" type="FAILURE">
<![CDATA[  [webkit] › modern-ui-validation.spec.js:183:3 › Modern Figma Plugin UI - Enhanced Validation @smoke @critical › should handle debug and advanced features 

    TimeoutError: page.click: Timeout 10000ms exceeded.
    Call log:
      - waiting for locator('#toggleDebug')
        - locator resolved to <button id="toggleDebug" class="button-debug">Hide Debug</button>
      - attempting click action
        2 × waiting for element to be visible, enabled and stable
          - element is visible, enabled and stable
          - scrolling into view if needed
          - done scrolling
          - <div class="modal-overlay" id="advancedDebugModal">…</div> intercepts pointer events
        - retrying click action
        - waiting 20ms
        2 × waiting for element to be visible, enabled and stable
          - element is visible, enabled and stable
          - scrolling into view if needed
          - done scrolling
          - <div class="quality-metric">…</div> from <div class="modal-overlay" id="advancedDebugModal">…</div> subtree intercepts pointer events
        - retrying click action
          - waiting 100ms
        4 × waiting for element to be visible, enabled and stable
          - element is visible, enabled and stable
          - scrolling into view if needed
          - done scrolling
          - <div class="quality-metric">…</div> from <div class="modal-overlay" id="advancedDebugModal">…</div> subtree intercepts pointer events
        - retrying click action
          - waiting 500ms
          - waiting for element to be visible, enabled and stable
          - element is visible, enabled and stable
          - scrolling into view if needed
          - done scrolling
          - <div class="modal-overlay" id="advancedDebugModal">…</div> intercepts pointer events
        - retrying click action
          - waiting 500ms
          - waiting for element to be visible, enabled and stable
          - element is visible, enabled and stable
          - scrolling into view if needed
          - done scrolling
          - <div class="quality-metric">…</div> from <div class="modal-overlay" id="advancedDebugModal">…</div> subtree intercepts pointer events
        - retrying click action
          - waiting 500ms
          - waiting for element to be visible, enabled and stable
          - element is visible, enabled and stable
          - scrolling into view if needed
          - done scrolling
          - <div class="quality-metric">…</div> from <div class="modal-overlay" id="advancedDebugModal">…</div> subtree intercepts pointer events
        - retrying click action
          - waiting 500ms
        - waiting for element to be visible, enabled and stable
        - element is visible, enabled and stable
        - scrolling into view if needed
        - done scrolling
        - <div class="quality-metric">…</div> from <div class="modal-overlay" id="advancedDebugModal">…</div> subtree intercepts pointer events
      - retrying click action
        - waiting 500ms
        - waiting for element to be visible, enabled and stable
        - element is visible, enabled and stable
        - scrolling into view if needed
        - done scrolling
        - <div class="modal-overlay" id="advancedDebugModal">…</div> intercepts pointer events
      - retrying click action
        - waiting 500ms
        - waiting for element to be visible, enabled and stable
        - element is visible, enabled and stable
        - scrolling into view if needed
        - done scrolling
        - <div class="quality-metric">…</div> from <div class="modal-overlay" id="advancedDebugModal">…</div> subtree intercepts pointer events
      - retrying click action
        - waiting 500ms


      204 |     
      205 |     // Hide debug panel
    > 206 |     await page.click('#toggleDebug');
          |                ^
      207 |     await page.waitForTimeout(500);
      208 |     await expect(page.locator('#debugPanel')).toBeHidden();
      209 |   });
        at /Users/david/Documents/Figa-Jira-Automations-Tool/figma-ticket-generator/browser-tests/tests/modern-ui-validation.spec.js:206:16

    attachment #1: screenshot (image/png) ──────────────────────────────────────────────────────────
    ../test-results/modern-ui-validation-Moder-46de9-debug-and-advanced-features-webkit/test-failed-1.png
    ────────────────────────────────────────────────────────────────────────────────────────────────

    attachment #2: video (video/webm) ──────────────────────────────────────────────────────────────
    ../test-results/modern-ui-validation-Moder-46de9-debug-and-advanced-features-webkit/video.webm
    ────────────────────────────────────────────────────────────────────────────────────────────────

    Error Context: ../test-results/modern-ui-validation-Moder-46de9-debug-and-advanced-features-webkit/error-context.md
]]>
</failure>
<system-out>
<![CDATA[
[[ATTACHMENT|test-results/modern-ui-validation-Moder-46de9-debug-and-advanced-features-webkit/test-failed-1.png]]

[[ATTACHMENT|test-results/modern-ui-validation-Moder-46de9-debug-and-advanced-features-webkit/video.webm]]

[[ATTACHMENT|test-results/modern-ui-validation-Moder-46de9-debug-and-advanced-features-webkit/error-context.md]]
]]>
</system-out>
</testcase>
<testcase name="Modern Figma Plugin UI - Enhanced Validation @smoke @critical › should handle server status and MCP integration gracefully" classname="modern-ui-validation.spec.js" time="4.806">
<system-out>
<![CDATA[Server status: Connected
Connection status: 
          ✅
          Connected (v1.0.0)
        
]]>
</system-out>
</testcase>
<testcase name="Modern Figma Plugin UI - Enhanced Validation @smoke @critical › should navigate to health tab functionality" classname="modern-ui-validation.spec.js" time="1.89">
<system-out>
<![CDATA[Health tab not currently implemented or visible
]]>
</system-out>
</testcase>
<testcase name="Modern Figma Plugin UI - Enhanced Validation @smoke @critical › should handle various button interactions and states" classname="modern-ui-validation.spec.js" time="12.806">
<system-out>
<![CDATA[Testing button: #testMockAI
Testing button: #testMockData
Testing button: #testMCPDirect
Testing button: #testAllCombinations
Testing button: #debugSelection
Testing button: #preciseScreenshot
Testing button: #testScreenshotAPI
]]>
</system-out>
</testcase>
<testcase name="Modern Figma Plugin UI - Enhanced Validation @smoke @critical › should maintain responsive design and accessibility" classname="modern-ui-validation.spec.js" time="3.275">
<system-out>
<![CDATA[Layout tested at 320x568
Layout tested at 768x1024
Layout tested at 1200x800
]]>
</system-out>
</testcase>
<testcase name="Modern Figma Plugin UI - Enhanced Validation @smoke @critical › should handle error states gracefully" classname="modern-ui-validation.spec.js" time="9.001">
<system-out>
<![CDATA[Error recovery testing completed
]]>
</system-out>
</testcase>
</testsuite>
<testsuite name="e2e-workflow-improvements.spec.js" timestamp="2025-10-23T07:35:09.679Z" hostname="Mobile Chrome" tests="5" failures="2" skipped="0" time="48.521" errors="0">
<testcase name="E2E Workflow Improvements @critical › should complete full design-to-ticket workflow" classname="e2e-workflow-improvements.spec.js" time="6.994">
<system-out>
<![CDATA[🧪 Testing complete E2E workflow...
📝 Direct generation workflow - no context preview
⏳ Waiting for ticket generation...
📄 Generated content: 346 characters
✅ E2E workflow completed successfully
]]>
</system-out>
</testcase>
<testcase name="E2E Workflow Improvements @critical › should handle AI workflow with fallback gracefully" classname="e2e-workflow-improvements.spec.js" time="30.148">
<failure message="e2e-workflow-improvements.spec.js:81:3 should handle AI workflow with fallback gracefully" type="FAILURE">
<![CDATA[  [Mobile Chrome] › e2e-workflow-improvements.spec.js:81:3 › E2E Workflow Improvements @critical › should handle AI workflow with fallback gracefully 

    Test timeout of 30000ms exceeded.

    Error: expect.toBeEnabled: Target page, context or browser has been closed

      101 |       
      102 |       // Check that UI is still responsive
    > 103 |       await expect(page.locator('#generateAI')).toBeEnabled();
          |                                                 ^
      104 |       await expect(page.locator('#generate')).toBeEnabled();
      105 |       
      106 |       // Try standard generation as fallback
        at /Users/david/Documents/Figa-Jira-Automations-Tool/figma-ticket-generator/browser-tests/tests/e2e-workflow-improvements.spec.js:103:49

    attachment #1: screenshot (image/png) ──────────────────────────────────────────────────────────
    ../test-results/e2e-workflow-improvements--78951-ow-with-fallback-gracefully-Mobile-Chrome/test-failed-1.png
    ────────────────────────────────────────────────────────────────────────────────────────────────

    attachment #2: video (video/webm) ──────────────────────────────────────────────────────────────
    ../test-results/e2e-workflow-improvements--78951-ow-with-fallback-gracefully-Mobile-Chrome/video.webm
    ────────────────────────────────────────────────────────────────────────────────────────────────

    Error Context: ../test-results/e2e-workflow-improvements--78951-ow-with-fallback-gracefully-Mobile-Chrome/error-context.md
]]>
</failure>
<system-out>
<![CDATA[🤖 Testing AI workflow with fallback...
⚠️ AI workflow timeout - testing fallback handling

[[ATTACHMENT|test-results/e2e-workflow-improvements--78951-ow-with-fallback-gracefully-Mobile-Chrome/test-failed-1.png]]

[[ATTACHMENT|test-results/e2e-workflow-improvements--78951-ow-with-fallback-gracefully-Mobile-Chrome/video.webm]]

[[ATTACHMENT|test-results/e2e-workflow-improvements--78951-ow-with-fallback-gracefully-Mobile-Chrome/error-context.md]]
]]>
</system-out>
</testcase>
<testcase name="E2E Workflow Improvements @critical › should handle complex multi-step workflow scenarios" classname="e2e-workflow-improvements.spec.js" time="1.339">
<failure message="e2e-workflow-improvements.spec.js:117:3 should handle complex multi-step workflow scenarios" type="FAILURE">
<![CDATA[  [Mobile Chrome] › e2e-workflow-improvements.spec.js:117:3 › E2E Workflow Improvements @critical › should handle complex multi-step workflow scenarios 

    Error: expect(received).toBeGreaterThan(expected)

    Expected: > 300
    Received:   49

      157 |       
      158 |       // Validate content quality
    > 159 |       expect(content.length).toBeGreaterThan(300);
          |                              ^
      160 |       
      161 |       // Check for expected structure elements
      162 |       const hasExpectedStructure = scenario.expectStructure.some(keyword => 
        at /Users/david/Documents/Figa-Jira-Automations-Tool/figma-ticket-generator/browser-tests/tests/e2e-workflow-improvements.spec.js:159:30

    attachment #1: screenshot (image/png) ──────────────────────────────────────────────────────────
    ../test-results/e2e-workflow-improvements--13f7d-lti-step-workflow-scenarios-Mobile-Chrome/test-failed-1.png
    ────────────────────────────────────────────────────────────────────────────────────────────────

    attachment #2: video (video/webm) ──────────────────────────────────────────────────────────────
    ../test-results/e2e-workflow-improvements--13f7d-lti-step-workflow-scenarios-Mobile-Chrome/video.webm
    ────────────────────────────────────────────────────────────────────────────────────────────────

    Error Context: ../test-results/e2e-workflow-improvements--13f7d-lti-step-workflow-scenarios-Mobile-Chrome/error-context.md
]]>
</failure>
<system-out>
<![CDATA[🔄 Testing complex multi-step workflow...
🎯 Testing scenario: Complex React App
   📊 Complex React App: 49 characters

[[ATTACHMENT|test-results/e2e-workflow-improvements--13f7d-lti-step-workflow-scenarios-Mobile-Chrome/test-failed-1.png]]

[[ATTACHMENT|test-results/e2e-workflow-improvements--13f7d-lti-step-workflow-scenarios-Mobile-Chrome/video.webm]]

[[ATTACHMENT|test-results/e2e-workflow-improvements--13f7d-lti-step-workflow-scenarios-Mobile-Chrome/error-context.md]]
]]>
</system-out>
</testcase>
<testcase name="E2E Workflow Improvements @critical › should maintain performance under load" classname="e2e-workflow-improvements.spec.js" time="5.323">
<system-out>
<![CDATA[⚡ Testing performance under simulated load...
   🔄 Load test iteration 1/5
   ⏱️ Iteration 1: 59ms
   🔄 Load test iteration 2/5
   ⏱️ Iteration 2: 50ms
   🔄 Load test iteration 3/5
   ⏱️ Iteration 3: 51ms
   🔄 Load test iteration 4/5
   ⏱️ Iteration 4: 50ms
   🔄 Load test iteration 5/5
   ⏱️ Iteration 5: 54ms
📊 Performance Results:
   Average: 53ms
   Maximum: 59ms
✅ Performance test passed
]]>
</system-out>
</testcase>
<testcase name="E2E Workflow Improvements @critical › should recover from error states gracefully" classname="e2e-workflow-improvements.spec.js" time="4.717">
<system-out>
<![CDATA[🛡️ Testing error recovery...
   Testing invalid input recovery...
   ✅ Recovered from invalid input
   Testing network error handling...
✅ Error recovery tests completed
]]>
</system-out>
</testcase>
</testsuite>
<testsuite name="modern-ui-validation.spec.js" timestamp="2025-10-23T07:35:09.679Z" hostname="Mobile Chrome" tests="11" failures="3" skipped="0" time="96.453" errors="0">
<testcase name="Modern Figma Plugin UI - Enhanced Validation @smoke @critical › should load the enhanced UI with all current elements visible" classname="modern-ui-validation.spec.js" time="6.819">
<failure message="modern-ui-validation.spec.js:15:3 should load the enhanced UI with all current elements visible" type="FAILURE">
<![CDATA[  [Mobile Chrome] › modern-ui-validation.spec.js:15:3 › Modern Figma Plugin UI - Enhanced Validation @smoke @critical › should load the enhanced UI with all current elements visible 

    Error: expect(locator).toBeVisible() failed

    Locator:  locator('#templateContent')
    Expected: visible
    Received: hidden
    Timeout:  5000ms

    Call log:
      - Expect "toBeVisible" with timeout 5000ms
      - waiting for locator('#templateContent')
        9 × locator resolved to <div id="templateContent" class="template-content">…</div>
          - unexpected value "hidden"


      39 |     // Check template preview section
      40 |     await expect(page.locator('#templatePreview')).toBeVisible();
    > 41 |     await expect(page.locator('#templateContent')).toBeVisible();
         |                                                    ^
      42 |     
      43 |     // Verify context preview wrapper (initially hidden)
      44 |     await expect(page.locator('#context-preview-wrapper')).toBeHidden();
        at /Users/david/Documents/Figa-Jira-Automations-Tool/figma-ticket-generator/browser-tests/tests/modern-ui-validation.spec.js:41:52

    attachment #1: screenshot (image/png) ──────────────────────────────────────────────────────────
    ../test-results/modern-ui-validation-Moder-f7533-ll-current-elements-visible-Mobile-Chrome/test-failed-1.png
    ────────────────────────────────────────────────────────────────────────────────────────────────

    attachment #2: video (video/webm) ──────────────────────────────────────────────────────────────
    ../test-results/modern-ui-validation-Moder-f7533-ll-current-elements-visible-Mobile-Chrome/video.webm
    ────────────────────────────────────────────────────────────────────────────────────────────────

    Error Context: ../test-results/modern-ui-validation-Moder-f7533-ll-current-elements-visible-Mobile-Chrome/error-context.md
]]>
</failure>
<system-out>
<![CDATA[
[[ATTACHMENT|test-results/modern-ui-validation-Moder-f7533-ll-current-elements-visible-Mobile-Chrome/test-failed-1.png]]

[[ATTACHMENT|test-results/modern-ui-validation-Moder-f7533-ll-current-elements-visible-Mobile-Chrome/video.webm]]

[[ATTACHMENT|test-results/modern-ui-validation-Moder-f7533-ll-current-elements-visible-Mobile-Chrome/error-context.md]]
]]>
</system-out>
</testcase>
<testcase name="Modern Figma Plugin UI - Enhanced Validation @smoke @critical › should validate tech stack input and show parsing functionality" classname="modern-ui-validation.spec.js" time="4.5">
</testcase>
<testcase name="Modern Figma Plugin UI - Enhanced Validation @smoke @critical › should handle platform and document type selection" classname="modern-ui-validation.spec.js" time="2.82">
</testcase>
<testcase name="Modern Figma Plugin UI - Enhanced Validation @smoke @critical › should generate content with enhanced workflow @critical" classname="modern-ui-validation.spec.js" time="6.975">
<system-out>
<![CDATA[Direct generation workflow - no context preview
]]>
</system-out>
</testcase>
<testcase name="Modern Figma Plugin UI - Enhanced Validation @smoke @critical › should handle AI ticket generation workflow" classname="modern-ui-validation.spec.js" time="30.139">
<failure message="modern-ui-validation.spec.js:157:3 should handle AI ticket generation workflow" type="FAILURE">
<![CDATA[  [Mobile Chrome] › modern-ui-validation.spec.js:157:3 › Modern Figma Plugin UI - Enhanced Validation @smoke @critical › should handle AI ticket generation workflow 

    Test timeout of 30000ms exceeded.

    Error: expect.toBeEnabled: Target page, context or browser has been closed

      177 |       // Check if any error messages are shown appropriately
      178 |       const generateBtn = page.locator('#generateAI');
    > 179 |       await expect(generateBtn).toBeEnabled(); // Should not be stuck in loading state
          |                                 ^
      180 |     }
      181 |   });
      182 |
        at /Users/david/Documents/Figa-Jira-Automations-Tool/figma-ticket-generator/browser-tests/tests/modern-ui-validation.spec.js:179:33

    attachment #1: screenshot (image/png) ──────────────────────────────────────────────────────────
    ../test-results/modern-ui-validation-Moder-20ba3--ticket-generation-workflow-Mobile-Chrome/test-failed-1.png
    ────────────────────────────────────────────────────────────────────────────────────────────────

    attachment #2: video (video/webm) ──────────────────────────────────────────────────────────────
    ../test-results/modern-ui-validation-Moder-20ba3--ticket-generation-workflow-Mobile-Chrome/video.webm
    ────────────────────────────────────────────────────────────────────────────────────────────────

    Error Context: ../test-results/modern-ui-validation-Moder-20ba3--ticket-generation-workflow-Mobile-Chrome/error-context.md
]]>
</failure>
<system-out>
<![CDATA[AI generation may require MCP server - testing fallback

[[ATTACHMENT|test-results/modern-ui-validation-Moder-20ba3--ticket-generation-workflow-Mobile-Chrome/test-failed-1.png]]

[[ATTACHMENT|test-results/modern-ui-validation-Moder-20ba3--ticket-generation-workflow-Mobile-Chrome/video.webm]]

[[ATTACHMENT|test-results/modern-ui-validation-Moder-20ba3--ticket-generation-workflow-Mobile-Chrome/error-context.md]]
]]>
</system-out>
</testcase>
<testcase name="Modern Figma Plugin UI - Enhanced Validation @smoke @critical › should handle debug and advanced features" classname="modern-ui-validation.spec.js" time="13.388">
<failure message="modern-ui-validation.spec.js:183:3 should handle debug and advanced features" type="FAILURE">
<![CDATA[  [Mobile Chrome] › modern-ui-validation.spec.js:183:3 › Modern Figma Plugin UI - Enhanced Validation @smoke @critical › should handle debug and advanced features 

    TimeoutError: page.click: Timeout 10000ms exceeded.
    Call log:
      - waiting for locator('#toggleDebug')
        - locator resolved to <button id="toggleDebug" class="button-debug">Hide Debug</button>
      - attempting click action
        2 × waiting for element to be visible, enabled and stable
          - element is visible, enabled and stable
          - scrolling into view if needed
          - done scrolling
          - <div class="modal-overlay" id="advancedDebugModal">…</div> intercepts pointer events
        - retrying click action
        - waiting 20ms
        2 × waiting for element to be visible, enabled and stable
          - element is visible, enabled and stable
          - scrolling into view if needed
          - done scrolling
          - <div class="dashboard-content">…</div> from <div class="modal-overlay" id="advancedDebugModal">…</div> subtree intercepts pointer events
        - retrying click action
          - waiting 100ms
        4 × waiting for element to be visible, enabled and stable
          - element is visible, enabled and stable
          - scrolling into view if needed
          - done scrolling
          - <div class="dashboard-content">…</div> from <div class="modal-overlay" id="advancedDebugModal">…</div> subtree intercepts pointer events
        - retrying click action
          - waiting 500ms
          - waiting for element to be visible, enabled and stable
          - element is visible, enabled and stable
          - scrolling into view if needed
          - done scrolling
          - <div class="modal-overlay" id="advancedDebugModal">…</div> intercepts pointer events
        - retrying click action
          - waiting 500ms
          - waiting for element to be visible, enabled and stable
          - element is visible, enabled and stable
          - scrolling into view if needed
          - done scrolling
          - <div class="dashboard-content">…</div> from <div class="modal-overlay" id="advancedDebugModal">…</div> subtree intercepts pointer events
        - retrying click action
          - waiting 500ms
          - waiting for element to be visible, enabled and stable
          - element is visible, enabled and stable
          - scrolling into view if needed
          - done scrolling
          - <div class="dashboard-content">…</div> from <div class="modal-overlay" id="advancedDebugModal">…</div> subtree intercepts pointer events
        - retrying click action
          - waiting 500ms
        - waiting for element to be visible, enabled and stable
        - element is visible, enabled and stable
        - scrolling into view if needed
        - done scrolling
        - <div class="dashboard-content">…</div> from <div class="modal-overlay" id="advancedDebugModal">…</div> subtree intercepts pointer events
      - retrying click action
        - waiting 500ms
        - waiting for element to be visible, enabled and stable
        - element is visible, enabled and stable
        - scrolling into view if needed
        - done scrolling
        - <div class="modal-overlay" id="advancedDebugModal">…</div> intercepts pointer events
      - retrying click action
        - waiting 500ms
        - waiting for element to be visible, enabled and stable
        - element is visible, enabled and stable
        - scrolling into view if needed
        - done scrolling
        - <div class="dashboard-content">…</div> from <div class="modal-overlay" id="advancedDebugModal">…</div> subtree intercepts pointer events
      - retrying click action
        - waiting 500ms


      204 |     
      205 |     // Hide debug panel
    > 206 |     await page.click('#toggleDebug');
          |                ^
      207 |     await page.waitForTimeout(500);
      208 |     await expect(page.locator('#debugPanel')).toBeHidden();
      209 |   });
        at /Users/david/Documents/Figa-Jira-Automations-Tool/figma-ticket-generator/browser-tests/tests/modern-ui-validation.spec.js:206:16

    attachment #1: screenshot (image/png) ──────────────────────────────────────────────────────────
    ../test-results/modern-ui-validation-Moder-46de9-debug-and-advanced-features-Mobile-Chrome/test-failed-1.png
    ────────────────────────────────────────────────────────────────────────────────────────────────

    attachment #2: video (video/webm) ──────────────────────────────────────────────────────────────
    ../test-results/modern-ui-validation-Moder-46de9-debug-and-advanced-features-Mobile-Chrome/video.webm
    ────────────────────────────────────────────────────────────────────────────────────────────────

    Error Context: ../test-results/modern-ui-validation-Moder-46de9-debug-and-advanced-features-Mobile-Chrome/error-context.md
]]>
</failure>
<system-out>
<![CDATA[
[[ATTACHMENT|test-results/modern-ui-validation-Moder-46de9-debug-and-advanced-features-Mobile-Chrome/test-failed-1.png]]

[[ATTACHMENT|test-results/modern-ui-validation-Moder-46de9-debug-and-advanced-features-Mobile-Chrome/video.webm]]

[[ATTACHMENT|test-results/modern-ui-validation-Moder-46de9-debug-and-advanced-features-Mobile-Chrome/error-context.md]]
]]>
</system-out>
</testcase>
<testcase name="Modern Figma Plugin UI - Enhanced Validation @smoke @critical › should handle server status and MCP integration gracefully" classname="modern-ui-validation.spec.js" time="4.82">
<system-out>
<![CDATA[Server status: Connected
Connection status: 
          ✅
          Connected (v1.0.0)
        
]]>
</system-out>
</testcase>
[...]
    ../test-results/e2e-workflow-improvements--7a814-l-design-to-ticket-workflow-Mobile-Safari/video.webm
    ────────────────────────────────────────────────────────────────────────────────────────────────

    Error Context: ../test-results/e2e-workflow-improvements--7a814-l-design-to-ticket-workflow-Mobile-Safari/error-context.md
]]>
</failure>
<system-out>
<![CDATA[🧪 Testing complete E2E workflow...
📝 Direct generation workflow - no context preview
⏳ Waiting for ticket generation...
📄 Generated content: 346 characters

[[ATTACHMENT|test-results/e2e-workflow-improvements--7a814-l-design-to-ticket-workflow-Mobile-Safari/test-failed-1.png]]

[[ATTACHMENT|test-results/e2e-workflow-improvements--7a814-l-design-to-ticket-workflow-Mobile-Safari/video.webm]]

[[ATTACHMENT|test-results/e2e-workflow-improvements--7a814-l-design-to-ticket-workflow-Mobile-Safari/error-context.md]]
]]>
</system-out>
</testcase>
<testcase name="E2E Workflow Improvements @critical › should handle AI workflow with fallback gracefully" classname="e2e-workflow-improvements.spec.js" time="30.097">
<failure message="e2e-workflow-improvements.spec.js:81:3 should handle AI workflow with fallback gracefully" type="FAILURE">
<![CDATA[  [Mobile Safari] › e2e-workflow-improvements.spec.js:81:3 › E2E Workflow Improvements @critical › should handle AI workflow with fallback gracefully 

    Test timeout of 30000ms exceeded.

    Error: expect.toBeEnabled: Target page, context or browser has been closed

      101 |       
      102 |       // Check that UI is still responsive
    > 103 |       await expect(page.locator('#generateAI')).toBeEnabled();
          |                                                 ^
      104 |       await expect(page.locator('#generate')).toBeEnabled();
      105 |       
      106 |       // Try standard generation as fallback
        at /Users/david/Documents/Figa-Jira-Automations-Tool/figma-ticket-generator/browser-tests/tests/e2e-workflow-improvements.spec.js:103:49

    attachment #1: screenshot (image/png) ──────────────────────────────────────────────────────────
    ../test-results/e2e-workflow-improvements--78951-ow-with-fallback-gracefully-Mobile-Safari/test-failed-1.png
    ────────────────────────────────────────────────────────────────────────────────────────────────

    attachment #2: video (video/webm) ──────────────────────────────────────────────────────────────
    ../test-results/e2e-workflow-improvements--78951-ow-with-fallback-gracefully-Mobile-Safari/video.webm
    ────────────────────────────────────────────────────────────────────────────────────────────────

    Error Context: ../test-results/e2e-workflow-improvements--78951-ow-with-fallback-gracefully-Mobile-Safari/error-context.md
]]>
</failure>
<system-out>
<![CDATA[🤖 Testing AI workflow with fallback...
⚠️ AI workflow timeout - testing fallback handling

[[ATTACHMENT|test-results/e2e-workflow-improvements--78951-ow-with-fallback-gracefully-Mobile-Safari/test-failed-1.png]]

[[ATTACHMENT|test-results/e2e-workflow-improvements--78951-ow-with-fallback-gracefully-Mobile-Safari/video.webm]]

[[ATTACHMENT|test-results/e2e-workflow-improvements--78951-ow-with-fallback-gracefully-Mobile-Safari/error-context.md]]
]]>
</system-out>
</testcase>
<testcase name="E2E Workflow Improvements @critical › should handle complex multi-step workflow scenarios" classname="e2e-workflow-improvements.spec.js" time="2.048">
<system-out>
<![CDATA[🔄 Testing complex multi-step workflow...
🎯 Testing scenario: Complex React App
   📊 Complex React App: 346 characters
   ⚠️ Complex React App: Missing some expected elements but generated content
🎯 Testing scenario: Mobile Component
   📊 Mobile Component: 346 characters
   ✅ Mobile Component: Contains expected structure
✅ Complex workflow scenarios completed
]]>
</system-out>
</testcase>
<testcase name="E2E Workflow Improvements @critical › should maintain performance under load" classname="e2e-workflow-improvements.spec.js" time="5.508">
<system-out>
<![CDATA[⚡ Testing performance under simulated load...
   🔄 Load test iteration 1/5
   ⏱️ Iteration 1: 84ms
   🔄 Load test iteration 2/5
   ⏱️ Iteration 2: 43ms
   🔄 Load test iteration 3/5
   ⏱️ Iteration 3: 53ms
   🔄 Load test iteration 4/5
   ⏱️ Iteration 4: 40ms
   🔄 Load test iteration 5/5
   ⏱️ Iteration 5: 39ms
📊 Performance Results:
   Average: 52ms
   Maximum: 84ms
✅ Performance test passed
]]>
</system-out>
</testcase>
<testcase name="E2E Workflow Improvements @critical › should recover from error states gracefully" classname="e2e-workflow-improvements.spec.js" time="4.45">
<system-out>
<![CDATA[🛡️ Testing error recovery...
   Testing invalid input recovery...
   ✅ Recovered from invalid input
   Testing network error handling...
✅ Error recovery tests completed
]]>
</system-out>
</testcase>
</testsuite>
<testsuite name="modern-ui-validation.spec.js" timestamp="2025-10-23T07:35:09.679Z" hostname="Mobile Safari" tests="11" failures="4" skipped="0" time="96.59" errors="0">
<testcase name="Modern Figma Plugin UI - Enhanced Validation @smoke @critical › should load the enhanced UI with all current elements visible" classname="modern-ui-validation.spec.js" time="6.935">
<failure message="modern-ui-validation.spec.js:15:3 should load the enhanced UI with all current elements visible" type="FAILURE">
<![CDATA[  [Mobile Safari] › modern-ui-validation.spec.js:15:3 › Modern Figma Plugin UI - Enhanced Validation @smoke @critical › should load the enhanced UI with all current elements visible 

    Error: expect(locator).toBeVisible() failed

    Locator:  locator('#templateContent')
    Expected: visible
    Received: hidden
    Timeout:  5000ms

    Call log:
      - Expect "toBeVisible" with timeout 5000ms
      - waiting for locator('#templateContent')
        9 × locator resolved to <div id="templateContent" class="template-content">…</div>
          - unexpected value "hidden"


      39 |     // Check template preview section
      40 |     await expect(page.locator('#templatePreview')).toBeVisible();
    > 41 |     await expect(page.locator('#templateContent')).toBeVisible();
         |                                                    ^
      42 |     
      43 |     // Verify context preview wrapper (initially hidden)
      44 |     await expect(page.locator('#context-preview-wrapper')).toBeHidden();
        at /Users/david/Documents/Figa-Jira-Automations-Tool/figma-ticket-generator/browser-tests/tests/modern-ui-validation.spec.js:41:52

    attachment #1: screenshot (image/png) ──────────────────────────────────────────────────────────
    ../test-results/modern-ui-validation-Moder-f7533-ll-current-elements-visible-Mobile-Safari/test-failed-1.png
    ────────────────────────────────────────────────────────────────────────────────────────────────

    attachment #2: video (video/webm) ──────────────────────────────────────────────────────────────
    ../test-results/modern-ui-validation-Moder-f7533-ll-current-elements-visible-Mobile-Safari/video.webm
    ────────────────────────────────────────────────────────────────────────────────────────────────

    Error Context: ../test-results/modern-ui-validation-Moder-f7533-ll-current-elements-visible-Mobile-Safari/error-context.md
]]>
</failure>
<system-out>
<![CDATA[
[[ATTACHMENT|test-results/modern-ui-validation-Moder-f7533-ll-current-elements-visible-Mobile-Safari/test-failed-1.png]]

[[ATTACHMENT|test-results/modern-ui-validation-Moder-f7533-ll-current-elements-visible-Mobile-Safari/video.webm]]

[[ATTACHMENT|test-results/modern-ui-validation-Moder-f7533-ll-current-elements-visible-Mobile-Safari/error-context.md]]
]]>
</system-out>
</testcase>
<testcase name="Modern Figma Plugin UI - Enhanced Validation @smoke @critical › should validate tech stack input and show parsing functionality" classname="modern-ui-validation.spec.js" time="4.469">
</testcase>
<testcase name="Modern Figma Plugin UI - Enhanced Validation @smoke @critical › should handle platform and document type selection" classname="modern-ui-validation.spec.js" time="2.934">
</testcase>
<testcase name="Modern Figma Plugin UI - Enhanced Validation @smoke @critical › should generate content with enhanced workflow @critical" classname="modern-ui-validation.spec.js" time="6.832">
<failure message="modern-ui-validation.spec.js:105:3 should generate content with enhanced workflow @critical" type="FAILURE">
<![CDATA[  [Mobile Safari] › modern-ui-validation.spec.js:105:3 › Modern Figma Plugin UI - Enhanced Validation @smoke @critical › should generate content with enhanced workflow @critical 

    Error: browserContext.grantPermissions: Unknown permission: clipboard-write

      147 |     // Test the copy functionality
      148 |     const context = page.context();
    > 149 |     await context.grantPermissions(['clipboard-read', 'clipboard-write']);
          |                   ^
      150 |     await page.click('#copyBtn');
      151 |     
      152 |     // Verify clipboard content
        at /Users/david/Documents/Figa-Jira-Automations-Tool/figma-ticket-generator/browser-tests/tests/modern-ui-validation.spec.js:149:19

    attachment #1: screenshot (image/png) ──────────────────────────────────────────────────────────
    ../test-results/modern-ui-validation-Moder-3cd37--enhanced-workflow-critical-Mobile-Safari/test-failed-1.png
    ────────────────────────────────────────────────────────────────────────────────────────────────

    attachment #2: video (video/webm) ──────────────────────────────────────────────────────────────
    ../test-results/modern-ui-validation-Moder-3cd37--enhanced-workflow-critical-Mobile-Safari/video.webm
    ────────────────────────────────────────────────────────────────────────────────────────────────

    Error Context: ../test-results/modern-ui-validation-Moder-3cd37--enhanced-workflow-critical-Mobile-Safari/error-context.md
]]>
</failure>
<system-out>
<![CDATA[Direct generation workflow - no context preview

[[ATTACHMENT|test-results/modern-ui-validation-Moder-3cd37--enhanced-workflow-critical-Mobile-Safari/test-failed-1.png]]

[[ATTACHMENT|test-results/modern-ui-validation-Moder-3cd37--enhanced-workflow-critical-Mobile-Safari/video.webm]]

[[ATTACHMENT|test-results/modern-ui-validation-Moder-3cd37--enhanced-workflow-critical-Mobile-Safari/error-context.md]]
]]>
</system-out>
</testcase>
<testcase name="Modern Figma Plugin UI - Enhanced Validation @smoke @critical › should handle AI ticket generation workflow" classname="modern-ui-validation.spec.js" time="30.099">
<failure message="modern-ui-validation.spec.js:157:3 should handle AI ticket generation workflow" type="FAILURE">
<![CDATA[  [Mobile Safari] › modern-ui-validation.spec.js:157:3 › Modern Figma Plugin UI - Enhanced Validation @smoke @critical › should handle AI ticket generation workflow 

    Test timeout of 30000ms exceeded.

    Error: expect.toBeEnabled: Target page, context or browser has been closed

      177 |       // Check if any error messages are shown appropriately
      178 |       const generateBtn = page.locator('#generateAI');
    > 179 |       await expect(generateBtn).toBeEnabled(); // Should not be stuck in loading state
          |                                 ^
      180 |     }
      181 |   });
      182 |
        at /Users/david/Documents/Figa-Jira-Automations-Tool/figma-ticket-generator/browser-tests/tests/modern-ui-validation.spec.js:179:33

    attachment #1: screenshot (image/png) ──────────────────────────────────────────────────────────
    ../test-results/modern-ui-validation-Moder-20ba3--ticket-generation-workflow-Mobile-Safari/test-failed-1.png
    ────────────────────────────────────────────────────────────────────────────────────────────────

    attachment #2: video (video/webm) ──────────────────────────────────────────────────────────────
    ../test-results/modern-ui-validation-Moder-20ba3--ticket-generation-workflow-Mobile-Safari/video.webm
    ────────────────────────────────────────────────────────────────────────────────────────────────

    Error Context: ../test-results/modern-ui-validation-Moder-20ba3--ticket-generation-workflow-Mobile-Safari/error-context.md
]]>
</failure>
<system-out>
<![CDATA[AI generation may require MCP server - testing fallback

[[ATTACHMENT|test-results/modern-ui-validation-Moder-20ba3--ticket-generation-workflow-Mobile-Safari/test-failed-1.png]]

[[ATTACHMENT|test-results/modern-ui-validation-Moder-20ba3--ticket-generation-workflow-Mobile-Safari/video.webm]]

[[ATTACHMENT|test-results/modern-ui-validation-Moder-20ba3--ticket-generation-workflow-Mobile-Safari/error-context.md]]
]]>
</system-out>
</testcase>
<testcase name="Modern Figma Plugin UI - Enhanced Validation @smoke @critical › should handle debug and advanced features" classname="modern-ui-validation.spec.js" time="13.395">
<failure message="modern-ui-validation.spec.js:183:3 should handle debug and advanced features" type="FAILURE">
<![CDATA[  [Mobile Safari] › modern-ui-validation.spec.js:183:3 › Modern Figma Plugin UI - Enhanced Validation @smoke @critical › should handle debug and advanced features 

    TimeoutError: page.click: Timeout 10000ms exceeded.
    Call log:
      - waiting for locator('#toggleDebug')
        - locator resolved to <button id="toggleDebug" class="button-debug">Hide Debug</button>
      - attempting click action
        2 × waiting for element to be visible, enabled and stable
          - element is visible, enabled and stable
          - scrolling into view if needed
          - done scrolling
          - <div class="modal-overlay" id="advancedDebugModal">…</div> intercepts pointer events
        - retrying click action
        - waiting 20ms
        2 × waiting for element to be visible, enabled and stable
          - element is visible, enabled and stable
          - scrolling into view if needed
          - done scrolling
          - <div class="dashboard-content">…</div> from <div class="modal-overlay" id="advancedDebugModal">…</div> subtree intercepts pointer events
        - retrying click action
          - waiting 100ms
        4 × waiting for element to be visible, enabled and stable
          - element is visible, enabled and stable
          - scrolling into view if needed
          - done scrolling
          - <div class="dashboard-content">…</div> from <div class="modal-overlay" id="advancedDebugModal">…</div> subtree intercepts pointer events
        - retrying click action
          - waiting 500ms
          - waiting for element to be visible, enabled and stable
          - element is visible, enabled and stable
          - scrolling into view if needed
          - done scrolling
          - <div class="modal-overlay" id="advancedDebugModal">…</div> intercepts pointer events
        - retrying click action
          - waiting 500ms
          - waiting for element to be visible, enabled and stable
          - element is visible, enabled and stable
          - scrolling into view if needed
          - done scrolling
          - <div class="dashboard-content">…</div> from <div class="modal-overlay" id="advancedDebugModal">…</div> subtree intercepts pointer events
        - retrying click action
          - waiting 500ms
          - waiting for element to be visible, enabled and stable
          - element is visible, enabled and stable
          - scrolling into view if needed
          - done scrolling
          - <div class="dashboard-content">…</div> from <div class="modal-overlay" id="advancedDebugModal">…</div> subtree intercepts pointer events
        - retrying click action
          - waiting 500ms
        - waiting for element to be visible, enabled and stable
        - element is visible, enabled and stable
        - scrolling into view if needed
        - done scrolling
        - <div class="dashboard-content">…</div> from <div class="modal-overlay" id="advancedDebugModal">…</div> subtree intercepts pointer events
      - retrying click action
        - waiting 500ms
        - waiting for element to be visible, enabled and stable
        - element is visible, enabled and stable
        - scrolling into view if needed
        - done scrolling
        - <div class="modal-overlay" id="advancedDebugModal">…</div> intercepts pointer events
      - retrying click action
        - waiting 500ms
        - waiting for element to be visible, enabled and stable
        - element is visible, enabled and stable
        - scrolling into view if needed
        - done scrolling
        - <div class="dashboard-content">…</div> from <div class="modal-overlay" id="advancedDebugModal">…</div> subtree intercepts pointer events
      - retrying click action
        - waiting 500ms


      204 |     
      205 |     // Hide debug panel
    > 206 |     await page.click('#toggleDebug');
          |                ^
      207 |     await page.waitForTimeout(500);
      208 |     await expect(page.locator('#debugPanel')).toBeHidden();
      209 |   });
        at /Users/david/Documents/Figa-Jira-Automations-Tool/figma-ticket-generator/browser-tests/tests/modern-ui-validation.spec.js:206:16

    attachment #1: screenshot (image/png) ──────────────────────────────────────────────────────────
    ../test-results/modern-ui-validation-Moder-46de9-debug-and-advanced-features-Mobile-Safari/test-failed-1.png
    ────────────────────────────────────────────────────────────────────────────────────────────────

    attachment #2: video (video/webm) ──────────────────────────────────────────────────────────────
    ../test-results/modern-ui-validation-Moder-46de9-debug-and-advanced-features-Mobile-Safari/video.webm
    ────────────────────────────────────────────────────────────────────────────────────────────────

    Error Context: ../test-results/modern-ui-validation-Moder-46de9-debug-and-advanced-features-Mobile-Safari/error-context.md
]]>
</failure>
<system-out>
<![CDATA[
[[ATTACHMENT|test-results/modern-ui-validation-Moder-46de9-debug-and-advanced-features-Mobile-Safari/test-failed-1.png]]

[[ATTACHMENT|test-results/modern-ui-validation-Moder-46de9-debug-and-advanced-features-Mobile-Safari/video.webm]]

[[ATTACHMENT|test-results/modern-ui-validation-Moder-46de9-debug-and-advanced-features-Mobile-Safari/error-context.md]]
]]>
</system-out>
</testcase>
<testcase name="Modern Figma Plugin UI - Enhanced Validation @smoke @critical › should handle server status and MCP integration gracefully" classname="modern-ui-validation.spec.js" time="4.805">
<system-out>
<![CDATA[Server status: Connected
Connection status: 
          ✅
          Connected (v1.0.0)
        
]]>
</system-out>
</testcase>
<testcase name="Modern Figma Plugin UI - Enhanced Validation @smoke @critical › should navigate to health tab functionality" classname="modern-ui-validation.spec.js" time="1.882">
<system-out>
<![CDATA[Health tab not currently implemented or visible
]]>
</system-out>
</testcase>
<testcase name="Modern Figma Plugin UI - Enhanced Validation @smoke @critical › should handle various button interactions and states" classname="modern-ui-validation.spec.js" time="12.895">
<system-out>
<![CDATA[Testing button: #testMockAI
Testing button: #testMockData
Testing button: #testMCPDirect
Testing button: #testAllCombinations
Testing button: #debugSelection
Testing button: #preciseScreenshot
Testing button: #testScreenshotAPI
]]>
</system-out>
</testcase>
<testcase name="Modern Figma Plugin UI - Enhanced Validation @smoke @critical › should maintain responsive design and accessibility" classname="modern-ui-validation.spec.js" time="3.337">
<system-out>
<![CDATA[Layout tested at 320x568
Layout tested at 768x1024
Layout tested at 1200x800
]]>
</system-out>
</testcase>
<testcase name="Modern Figma Plugin UI - Enhanced Validation @smoke @critical › should handle error states gracefully" classname="modern-ui-validation.spec.js" time="9.007">
<system-out>
<![CDATA[Error recovery testing completed
]]>
</system-out>
</testcase>
</testsuite>
</testsuites>