{"numTotalTestSuites":5,"numPassedTestSuites":5,"numFailedTestSuites":0,"numPendingTestSuites":0,"numTotalTests":12,"numPassedTests":12,"numFailedTests":0,"numPendingTests":0,"numTodoTests":0,"snapshot":{"added":0,"failure":false,"filesAdded":0,"filesRemoved":0,"filesRemovedList":[],"filesUnmatched":0,"filesUpdated":0,"matched":0,"total":0,"unchecked":0,"uncheckedKeysByFile":[],"unmatched":0,"updated":0,"didUpdate":false},"startTime":1761336823135,"success":true,"testResults":[{"assertionResults":[{"ancestorTitles":["🪵 Logging System Tests"],"fullName":"🪵 Logging System Tests should create logger instance with proper configuration","status":"passed","title":"should create logger instance with proper configuration","duration":0.6550419999999946,"failureMessages":[],"location":{"line":16,"column":5},"meta":{}},{"ancestorTitles":["🪵 Logging System Tests"],"fullName":"🪵 Logging System Tests should log messages with session context","status":"passed","title":"should log messages with session context","duration":0.4269160000000056,"failureMessages":[],"location":{"line":24,"column":5},"meta":{}},{"ancestorTitles":["🪵 Logging System Tests"],"fullName":"🪵 Logging System Tests should handle performance timing correctly","status":"passed","title":"should handle performance timing correctly","duration":0.17370799999999065,"failureMessages":[],"location":{"line":36,"column":5},"meta":{}},{"ancestorTitles":["🪵 Logging System Tests"],"fullName":"🪵 Logging System Tests should format error logs properly","status":"passed","title":"should format error logs properly","duration":1.4249160000000103,"failureMessages":[],"location":{"line":45,"column":5},"meta":{}},{"ancestorTitles":["🧰 Test Utilities"],"fullName":"🧰 Test Utilities should provide mockMCPResponse utility","status":"passed","title":"should provide mockMCPResponse utility","duration":0.07970799999999656,"failureMessages":[],"location":{"line":61,"column":5},"meta":{}},{"ancestorTitles":["🧰 Test Utilities"],"fullName":"🧰 Test Utilities should provide mockFrameData utility","status":"passed","title":"should provide mockFrameData utility","duration":0.286791000000008,"failureMessages":[],"location":{"line":66,"column":5},"meta":{}},{"ancestorTitles":["🧰 Test Utilities"],"fullName":"🧰 Test Utilities should provide timer utility","status":"passed","title":"should provide timer utility","duration":0.08866700000000094,"failureMessages":[],"location":{"line":77,"column":5},"meta":{}},{"ancestorTitles":["🧰 Test Utilities"],"fullName":"🧰 Test Utilities should validate MCP response format","status":"passed","title":"should validate MCP response format","duration":0.07804199999999639,"failureMessages":[],"location":{"line":84,"column":5},"meta":{}},{"ancestorTitles":["🔧 Core System Integration"],"fullName":"🔧 Core System Integration should handle tech stack parsing","status":"passed","title":"should handle tech stack parsing","duration":0.25124999999999886,"failureMessages":[],"location":{"line":94,"column":5},"meta":{}},{"ancestorTitles":["🔧 Core System Integration"],"fullName":"🔧 Core System Integration should simulate MCP server response","status":"passed","title":"should simulate MCP server response","duration":0.1818749999999909,"failureMessages":[],"location":{"line":112,"column":5},"meta":{}},{"ancestorTitles":["🎨 UI Component Testing"],"fullName":"🎨 UI Component Testing should handle Figma plugin API mocks","status":"passed","title":"should handle Figma plugin API mocks","duration":0.08395899999999301,"failureMessages":[],"location":{"line":131,"column":5},"meta":{}},{"ancestorTitles":["🎨 UI Component Testing"],"fullName":"🎨 UI Component Testing should mock localStorage functionality","status":"passed","title":"should mock localStorage functionality","duration":0.04729199999999878,"failureMessages":[],"location":{"line":138,"column":5},"meta":{}}],"startTime":1761336823244,"endTime":1761336823248.084,"status":"passed","message":"","name":"/Users/david/Documents/Figa-Jira-Automations-Tool/figma-ticket-generator/tests/unit/vitest-integration.test.mjs"}]}