<testsuites id="" name="" tests="90" failures="58" skipped="0" errors="0" time="85.37498299999999">
<testsuite name="core-functionality.spec.js" timestamp="2025-10-15T16:55:54.425Z" hostname="chromium" tests="7" failures="1" skipped="0" time="15.823" errors="0">
<testcase name="Enhanced Figma Plugin - Core Functionality @smoke @critical › should load the enhanced UI with all elements visible" classname="core-functionality.spec.js" time="1.405">
</testcase>
<testcase name="Enhanced Figma Plugin - Core Functionality @smoke @critical › should show validation error for empty tech stack input" classname="core-functionality.spec.js" time="1.481">
</testcase>
<testcase name="Enhanced Figma Plugin - Core Functionality @smoke @critical › should process tech stack input and show confidence indicator" classname="core-functionality.spec.js" time="2.398">
<failure message="core-functionality.spec.js:55:3 should process tech stack input and show confidence indicator" type="FAILURE">
<![CDATA[  [chromium] › core-functionality.spec.js:55:3 › Enhanced Figma Plugin - Core Functionality @smoke @critical › should process tech stack input and show confidence indicator 

    Error: expect(locator).toBeVisible() failed

    Locator: locator('.confidence-indicator')
    Expected: visible
    Error: strict mode violation: locator('.confidence-indicator') resolved to 2 elements:
        1) <div class="confidence-indicator">…</div> aka getByText('Confidence: 0%')
        2) <div class="confidence-indicator">…</div> aka getByText('📊 Confidence: 90%')

    Call log:
      - Expect "toBeVisible" with timeout 5000ms
      - waiting for locator('.confidence-indicator')


      65 |     
      66 |     // Should show confidence indicator
    > 67 |     await expect(page.locator('.confidence-indicator')).toBeVisible();
         |                                                         ^
      68 |     
      69 |     // Should show suggestion pills
      70 |     const suggestionPills = page.locator('.suggestion-pill');
        at /Users/david/Documents/Figa-Jira-Automations-Tool/figma-ticket-generator/e2e-tests/tests/core-functionality.spec.js:67:57

    attachment #1: screenshot (image/png) ──────────────────────────────────────────────────────────
    ../test-results/core-functionality-Enhance-37bdf-d-show-confidence-indicator-chromium/test-failed-1.png
    ────────────────────────────────────────────────────────────────────────────────────────────────

    attachment #2: video (video/webm) ──────────────────────────────────────────────────────────────
    ../test-results/core-functionality-Enhance-37bdf-d-show-confidence-indicator-chromium/video.webm
    ────────────────────────────────────────────────────────────────────────────────────────────────

    Error Context: ../test-results/core-functionality-Enhance-37bdf-d-show-confidence-indicator-chromium/error-context.md
]]>
</failure>
<system-out>
<![CDATA[
[[ATTACHMENT|test-results/core-functionality-Enhance-37bdf-d-show-confidence-indicator-chromium/test-failed-1.png]]

[[ATTACHMENT|test-results/core-functionality-Enhance-37bdf-d-show-confidence-indicator-chromium/video.webm]]

[[ATTACHMENT|test-results/core-functionality-Enhance-37bdf-d-show-confidence-indicator-chromium/error-context.md]]
]]>
</system-out>
</testcase>
<testcase name="Enhanced Figma Plugin - Core Functionality @smoke @critical › should generate enhanced document with valid input @critical" classname="core-functionality.spec.js" time="3.495">
<system-out>
<![CDATA[Textarea value length: [33m889[39m
]]>
</system-out>
</testcase>
<testcase name="Enhanced Figma Plugin - Core Functionality @smoke @critical › should handle MCP server unavailable gracefully" classname="core-functionality.spec.js" time="2.331">
</testcase>
<testcase name="Enhanced Figma Plugin - Core Functionality @smoke @critical › should copy generated content to clipboard" classname="core-functionality.spec.js" time="1.502">
</testcase>
<testcase name="Enhanced Figma Plugin - Core Functionality @smoke @critical › should iterate through different document types" classname="core-functionality.spec.js" time="3.211">
</testcase>
</testsuite>
<testsuite name="enhanced-validation.spec.js" timestamp="2025-10-15T16:55:54.425Z" hostname="chromium" tests="4" failures="4" skipped="0" time="43.367" errors="0">
<testcase name="Enhanced Interface Validation @smoke › should have all restored features visible and functional" classname="enhanced-validation.spec.js" time="10.858">
<failure message="enhanced-validation.spec.js:19:3 should have all restored features visible and functional" type="FAILURE">
<![CDATA[  [chromium] › enhanced-validation.spec.js:19:3 › Enhanced Interface Validation @smoke › should have all restored features visible and functional 

    TimeoutError: page.click: Timeout 10000ms exceeded.
    Call log:
      - waiting for locator('[data-tab="generator"]')


      13 |     
      14 |     // Switch to the Figma to Document tab
    > 15 |     await page.click('[data-tab="generator"]');
         |                ^
      16 |     await page.waitForTimeout(500);
      17 |   });
      18 |
        at /Users/david/Documents/Figa-Jira-Automations-Tool/figma-ticket-generator/e2e-tests/tests/enhanced-validation.spec.js:15:16

    attachment #1: screenshot (image/png) ──────────────────────────────────────────────────────────
    ../test-results/enhanced-validation-Enhanc-86339-ures-visible-and-functional-chromium/test-failed-1.png
    ────────────────────────────────────────────────────────────────────────────────────────────────

    attachment #2: video (video/webm) ──────────────────────────────────────────────────────────────
    ../test-results/enhanced-validation-Enhanc-86339-ures-visible-and-functional-chromium/video.webm
    ────────────────────────────────────────────────────────────────────────────────────────────────

    Error Context: ../test-results/enhanced-validation-Enhanc-86339-ures-visible-and-functional-chromium/error-context.md
]]>
</failure>
<system-out>
<![CDATA[
[[ATTACHMENT|test-results/enhanced-validation-Enhanc-86339-ures-visible-and-functional-chromium/test-failed-1.png]]

[[ATTACHMENT|test-results/enhanced-validation-Enhanc-86339-ures-visible-and-functional-chromium/video.webm]]

[[ATTACHMENT|test-results/enhanced-validation-Enhanc-86339-ures-visible-and-functional-chromium/error-context.md]]
]]>
</system-out>
</testcase>
<testcase name="Enhanced Interface Validation @smoke › should handle tech stack input and document type interaction" classname="enhanced-validation.spec.js" time="10.838">
<failure message="enhanced-validation.spec.js:56:3 should handle tech stack input and document type interaction" type="FAILURE">
<![CDATA[  [chromium] › enhanced-validation.spec.js:56:3 › Enhanced Interface Validation @smoke › should handle tech stack input and document type interaction 

    TimeoutError: page.click: Timeout 10000ms exceeded.
    Call log:
      - waiting for locator('[data-tab="generator"]')


      13 |     
      14 |     // Switch to the Figma to Document tab
    > 15 |     await page.click('[data-tab="generator"]');
         |                ^
      16 |     await page.waitForTimeout(500);
      17 |   });
      18 |
        at /Users/david/Documents/Figa-Jira-Automations-Tool/figma-ticket-generator/e2e-tests/tests/enhanced-validation.spec.js:15:16

    attachment #1: screenshot (image/png) ──────────────────────────────────────────────────────────
    ../test-results/enhanced-validation-Enhanc-9c821-d-document-type-interaction-chromium/test-failed-1.png
    ────────────────────────────────────────────────────────────────────────────────────────────────

    attachment #2: video (video/webm) ──────────────────────────────────────────────────────────────
    ../test-results/enhanced-validation-Enhanc-9c821-d-document-type-interaction-chromium/video.webm
    ────────────────────────────────────────────────────────────────────────────────────────────────

    Error Context: ../test-results/enhanced-validation-Enhanc-9c821-d-document-type-interaction-chromium/error-context.md
]]>
</failure>
<system-out>
<![CDATA[
[[ATTACHMENT|test-results/enhanced-validation-Enhanc-9c821-d-document-type-interaction-chromium/test-failed-1.png]]

[[ATTACHMENT|test-results/enhanced-validation-Enhanc-9c821-d-document-type-interaction-chromium/video.webm]]

[[ATTACHMENT|test-results/enhanced-validation-Enhanc-9c821-d-document-type-interaction-chromium/error-context.md]]
]]>
</system-out>
</testcase>
<testcase name="Enhanced Interface Validation @smoke › should persist settings in localStorage" classname="enhanced-validation.spec.js" time="10.831">
<failure message="enhanced-validation.spec.js:85:3 should persist settings in localStorage" type="FAILURE">
<![CDATA[  [chromium] › enhanced-validation.spec.js:85:3 › Enhanced Interface Validation @smoke › should persist settings in localStorage 

    TimeoutError: page.click: Timeout 10000ms exceeded.
    Call log:
      - waiting for locator('[data-tab="generator"]')


      13 |     
      14 |     // Switch to the Figma to Document tab
    > 15 |     await page.click('[data-tab="generator"]');
         |                ^
      16 |     await page.waitForTimeout(500);
      17 |   });
      18 |
        at /Users/david/Documents/Figa-Jira-Automations-Tool/figma-ticket-generator/e2e-tests/tests/enhanced-validation.spec.js:15:16

    attachment #1: screenshot (image/png) ──────────────────────────────────────────────────────────
    ../test-results/enhanced-validation-Enhanc-11432-st-settings-in-localStorage-chromium/test-failed-1.png
    ────────────────────────────────────────────────────────────────────────────────────────────────

    attachment #2: video (video/webm) ──────────────────────────────────────────────────────────────
    ../test-results/enhanced-validation-Enhanc-11432-st-settings-in-localStorage-chromium/video.webm
    ────────────────────────────────────────────────────────────────────────────────────────────────

    Error Context: ../test-results/enhanced-validation-Enhanc-11432-st-settings-in-localStorage-chromium/error-context.md
]]>
</failure>
<system-out>
<![CDATA[
[[ATTACHMENT|test-results/enhanced-validation-Enhanc-11432-st-settings-in-localStorage-chromium/test-failed-1.png]]

[[ATTACHMENT|test-results/enhanced-validation-Enhanc-11432-st-settings-in-localStorage-chromium/video.webm]]

[[ATTACHMENT|test-results/enhanced-validation-Enhanc-11432-st-settings-in-localStorage-chromium/error-context.md]]
]]>
</system-out>
</testcase>
<testcase name="Enhanced Interface Validation @smoke › should have MCP server integration ready" classname="enhanced-validation.spec.js" time="10.84">
<failure message="enhanced-validation.spec.js:110:3 should have MCP server integration ready" type="FAILURE">
<![CDATA[  [chromium] › enhanced-validation.spec.js:110:3 › Enhanced Interface Validation @smoke › should have MCP server integration ready 

    TimeoutError: page.click: Timeout 10000ms exceeded.
    Call log:
      - waiting for locator('[data-tab="generator"]')


      13 |     
      14 |     // Switch to the Figma to Document tab
    > 15 |     await page.click('[data-tab="generator"]');
         |                ^
      16 |     await page.waitForTimeout(500);
      17 |   });
      18 |
        at /Users/david/Documents/Figa-Jira-Automations-Tool/figma-ticket-generator/e2e-tests/tests/enhanced-validation.spec.js:15:16

    attachment #1: screenshot (image/png) ──────────────────────────────────────────────────────────
    ../test-results/enhanced-validation-Enhanc-00eeb-CP-server-integration-ready-chromium/test-failed-1.png
    ────────────────────────────────────────────────────────────────────────────────────────────────

    attachment #2: video (video/webm) ──────────────────────────────────────────────────────────────
    ../test-results/enhanced-validation-Enhanc-00eeb-CP-server-integration-ready-chromium/video.webm
    ────────────────────────────────────────────────────────────────────────────────────────────────

    Error Context: ../test-results/enhanced-validation-Enhanc-00eeb-CP-server-integration-ready-chromium/error-context.md
]]>
</failure>
<system-out>
<![CDATA[
[[ATTACHMENT|test-results/enhanced-validation-Enhanc-00eeb-CP-server-integration-ready-chromium/test-failed-1.png]]

[[ATTACHMENT|test-results/enhanced-validation-Enhanc-00eeb-CP-server-integration-ready-chromium/video.webm]]

[[ATTACHMENT|test-results/enhanced-validation-Enhanc-00eeb-CP-server-integration-ready-chromium/error-context.md]]
]]>
</system-out>
</testcase>
</testsuite>
<testsuite name="mcp-integration.spec.js" timestamp="2025-10-15T16:55:54.425Z" hostname="chromium" tests="1" failures="1" skipped="0" time="10.764" errors="0">
<testcase name="MCP Server Integration E2E Testing @critical › should successfully connect to MCP server and receive enhanced responses" classname="mcp-integration.spec.js" time="10.764">
<failure message="mcp-integration.spec.js:10:3 should successfully connect to MCP server and receive enhanced responses" type="FAILURE">
<![CDATA[  [chromium] › mcp-integration.spec.js:10:3 › MCP Server Integration E2E Testing @critical › should successfully connect to MCP server and receive enhanced responses 

    TimeoutError: page.fill: Timeout 10000ms exceeded.
    Call log:
      - waiting for locator('#techStackInput')


      26 |     
      27 |     // Generate enhanced ticket
    > 28 |     await page.fill('#techStackInput', 'React with TypeScript, Chakra UI, React Query, and Vitest');
         |                ^
      29 |     await page.selectOption('#documentType', 'jira');
      30 |     await page.click('#generateBtn');
      31 |     
        at /Users/david/Documents/Figa-Jira-Automations-Tool/figma-ticket-generator/e2e-tests/tests/mcp-integration.spec.js:28:16

    attachment #1: screenshot (image/png) ──────────────────────────────────────────────────────────
    ../test-results/mcp-integration-MCP-Server-217aa--receive-enhanced-responses-chromium/test-failed-1.png
    ────────────────────────────────────────────────────────────────────────────────────────────────

    attachment #2: video (video/webm) ──────────────────────────────────────────────────────────────
    ../test-results/mcp-integration-MCP-Server-217aa--receive-enhanced-responses-chromium/video.webm
    ────────────────────────────────────────────────────────────────────────────────────────────────

    Error Context: ../test-results/mcp-integration-MCP-Server-217aa--receive-enhanced-responses-chromium/error-context.md
]]>
</failure>
<system-out>
<![CDATA[
[[ATTACHMENT|test-results/mcp-integration-MCP-Server-217aa--receive-enhanced-responses-chromium/test-failed-1.png]]

[[ATTACHMENT|test-results/mcp-integration-MCP-Server-217aa--receive-enhanced-responses-chromium/video.webm]]

[[ATTACHMENT|test-results/mcp-integration-MCP-Server-217aa--receive-enhanced-responses-chromium/error-context.md]]
]]>
</system-out>
</testcase>
</testsuite>
<testsuite name="ui-ux-experience.spec.js" timestamp="2025-10-15T16:55:54.425Z" hostname="chromium" tests="5" failures="4" skipped="0" time="18.153" errors="0">
<testcase name="UI/UX Experience Testing @smoke › should display confidence indicators with proper styling" classname="ui-ux-experience.spec.js" time="1.686">
<failure message="ui-ux-experience.spec.js:63:3 should display confidence indicators with proper styling" type="FAILURE">
<![CDATA[  [chromium] › ui-ux-experience.spec.js:63:3 › UI/UX Experience Testing @smoke › should display confidence indicators with proper styling 

    Error: expect(locator).toBeVisible() failed

    Locator: locator('.confidence-indicator')
    Expected: visible
    Error: strict mode violation: locator('.confidence-indicator') resolved to 2 elements:
        1) <div class="confidence-indicator">…</div> aka getByText('Confidence: 0%')
        2) <div class="confidence-indicator">…</div> aka getByText('📊 Confidence: 90%')

    Call log:
      - Expect "toBeVisible" with timeout 5000ms
      - waiting for locator('.confidence-indicator')


      85 |       
      86 |       // Check confidence indicator appears
    > 87 |       await expect(page.locator('.confidence-indicator')).toBeVisible();
         |                                                           ^
      88 |       
      89 |       // Check confidence styling based on level
      90 |       const indicator = page.locator('.confidence-indicator');
        at /Users/david/Documents/Figa-Jira-Automations-Tool/figma-ticket-generator/e2e-tests/tests/ui-ux-experience.spec.js:87:59

    attachment #1: screenshot (image/png) ──────────────────────────────────────────────────────────
    ../test-results/ui-ux-experience-UI-UX-Exp-56438-icators-with-proper-styling-chromium/test-failed-1.png
    ────────────────────────────────────────────────────────────────────────────────────────────────

    attachment #2: video (video/webm) ──────────────────────────────────────────────────────────────
    ../test-results/ui-ux-experience-UI-UX-Exp-56438-icators-with-proper-styling-chromium/video.webm
    ────────────────────────────────────────────────────────────────────────────────────────────────

    Error Context: ../test-results/ui-ux-experience-UI-UX-Exp-56438-icators-with-proper-styling-chromium/error-context.md
]]>
</failure>
<system-out>
<![CDATA[
[[ATTACHMENT|test-results/ui-ux-experience-UI-UX-Exp-56438-icators-with-proper-styling-chromium/test-failed-1.png]]

[[ATTACHMENT|test-results/ui-ux-experience-UI-UX-Exp-56438-icators-with-proper-styling-chromium/video.webm]]

[[ATTACHMENT|test-results/ui-ux-experience-UI-UX-Exp-56438-icators-with-proper-styling-chromium/error-context.md]]
]]>
</system-out>
</testcase>
<testcase name="UI/UX Experience Testing @smoke › should have enhanced tech stack interface with suggestion pills" classname="ui-ux-experience.spec.js" time="0.723">
</testcase>
<testcase name="UI/UX Experience Testing @smoke › should handle tech stack parse button functionality" classname="ui-ux-experience.spec.js" time="4.122">
<failure message="ui-ux-experience.spec.js:273:3 should handle tech stack parse button functionality" type="FAILURE">
<![CDATA[  [chromium] › ui-ux-experience.spec.js:273:3 › UI/UX Experience Testing @smoke › should handle tech stack parse button functionality 

    Error: expect(locator).toBeVisible() failed

    Locator: locator('.parse-button-container .confidence-indicator.show')
    Expected: visible
    Timeout: 3000ms
    Error: element(s) not found

    Call log:
      - Expect "toBeVisible" with timeout 3000ms
      - waiting for locator('.parse-button-container .confidence-indicator.show')


      292 |     
      293 |     // Should show confidence indicator after analysis
    > 294 |     await expect(page.locator('.parse-button-container .confidence-indicator.show')).toBeVisible({ timeout: 3000 });
          |                                                                                      ^
      295 |     await expect(page.locator('.parse-button-container .confidence-bar')).toBeVisible();
      296 |     
      297 |     // Button should return to normal state
        at /Users/david/Documents/Figa-Jira-Automations-Tool/figma-ticket-generator/e2e-tests/tests/ui-ux-experience.spec.js:294:86

    attachment #1: screenshot (image/png) ──────────────────────────────────────────────────────────
    ../test-results/ui-ux-experience-UI-UX-Exp-2c5a3--parse-button-functionality-chromium/test-failed-1.png
    ────────────────────────────────────────────────────────────────────────────────────────────────

    attachment #2: video (video/webm) ──────────────────────────────────────────────────────────────
    ../test-results/ui-ux-experience-UI-UX-Exp-2c5a3--parse-button-functionality-chromium/video.webm
    ────────────────────────────────────────────────────────────────────────────────────────────────

    Error Context: ../test-results/ui-ux-experience-UI-UX-Exp-2c5a3--parse-button-functionality-chromium/error-context.md
]]>
</failure>
<system-out>
<![CDATA[
[[ATTACHMENT|test-results/ui-ux-experience-UI-UX-Exp-2c5a3--parse-button-functionality-chromium/test-failed-1.png]]

[[ATTACHMENT|test-results/ui-ux-experience-UI-UX-Exp-2c5a3--parse-button-functionality-chromium/video.webm]]

[[ATTACHMENT|test-results/ui-ux-experience-UI-UX-Exp-2c5a3--parse-button-functionality-chromium/error-context.md]]
]]>
</system-out>
</testcase>
<testcase name="UI/UX Experience Testing @smoke › should display different colored suggestion pills for different tech types" classname="ui-ux-experience.spec.js" time="5.88">
<failure message="ui-ux-experience.spec.js:302:3 should display different colored suggestion pills for different tech types" type="FAILURE">
<![CDATA[  [chromium] › ui-ux-experience.spec.js:302:3 › UI/UX Experience Testing @smoke › should display different colored suggestion pills for different tech types 

    Error: expect(locator).toHaveCSS(expected) failed

    Locator: locator('.suggestions-grid .suggestion-pill[data-type="react"]')
    Expected pattern: /translateY\(-1px\)/
    Received string:  "matrix(1, 0, 0, 1, 0, -1)"
    Timeout: 5000ms

    Call log:
      - Expect "toHaveCSS" with timeout 5000ms
      - waiting for locator('.suggestions-grid .suggestion-pill[data-type="react"]')
        2 × locator resolved to <div data-type="react" class="suggestion-pill">React + TypeScript + Tailwind</div>
          - unexpected value "matrix(1, 0, 0, 1, 0, 0)"
        - locator resolved to <div data-type="react" class="suggestion-pill">React + TypeScript + Tailwind</div>
        - unexpected value "matrix(1, 0, 0, 1, 0, -0.80219)"
        6 × locator resolved to <div data-type="react" class="suggestion-pill">React + TypeScript + Tailwind</div>
          - unexpected value "matrix(1, 0, 0, 1, 0, -1)"


      319 |     // Test hover effects
      320 |     await reactPill.hover();
    > 321 |     await expect(reactPill).toHaveCSS('transform', /translateY\(-1px\)/);
          |                             ^
      322 |   });
      323 |
      324 |   test('should show confidence indicator with proper styling and animation', async ({ page }) => {
        at /Users/david/Documents/Figa-Jira-Automations-Tool/figma-ticket-generator/e2e-tests/tests/ui-ux-experience.spec.js:321:29

    attachment #1: screenshot (image/png) ──────────────────────────────────────────────────────────
    ../test-results/ui-ux-experience-UI-UX-Exp-15b63-ls-for-different-tech-types-chromium/test-failed-1.png
    ────────────────────────────────────────────────────────────────────────────────────────────────

    attachment #2: video (video/webm) ──────────────────────────────────────────────────────────────
    ../test-results/ui-ux-experience-UI-UX-Exp-15b63-ls-for-different-tech-types-chromium/video.webm
    ────────────────────────────────────────────────────────────────────────────────────────────────

    Error Context: ../test-results/ui-ux-experience-UI-UX-Exp-15b63-ls-for-different-tech-types-chromium/error-context.md
]]>
</failure>
<system-out>
<![CDATA[
[[ATTACHMENT|test-results/ui-ux-experience-UI-UX-Exp-15b63-ls-for-different-tech-types-chromium/test-failed-1.png]]

[[ATTACHMENT|test-results/ui-ux-experience-UI-UX-Exp-15b63-ls-for-different-tech-types-chromium/video.webm]]

[[ATTACHMENT|test-results/ui-ux-experience-UI-UX-Exp-15b63-ls-for-different-tech-types-chromium/error-context.md]]
]]>
</system-out>
</testcase>
<testcase name="UI/UX Experience Testing @smoke › should show confidence indicator with proper styling and animation" classname="ui-ux-experience.spec.js" time="5.742">
<failure message="ui-ux-experience.spec.js:324:3 should show confidence indicator with proper styling and animation" type="FAILURE">
<![CDATA[  [chromium] › ui-ux-experience.spec.js:324:3 › UI/UX Experience Testing @smoke › should show confidence indicator with proper styling and animation 

    Error: expect(locator).toBeVisible() failed

    Locator: locator('.parse-button-container .confidence-indicator.show')
    Expected: visible
    Timeout: 5000ms
    Error: element(s) not found

    Call log:
      - Expect "toBeVisible" with timeout 5000ms
      - waiting for locator('.parse-button-container .confidence-indicator.show')


      327 |     
      328 |     // Wait for confidence indicator to appear
    > 329 |     await expect(page.locator('.parse-button-container .confidence-indicator.show')).toBeVisible();
          |                                                                                      ^
      330 |     
      331 |     // Check confidence bar styling
      332 |     const confidenceBar = page.locator('.parse-button-container .confidence-bar');
        at /Users/david/Documents/Figa-Jira-Automations-Tool/figma-ticket-generator/e2e-tests/tests/ui-ux-experience.spec.js:329:86

    attachment #1: screenshot (image/png) ──────────────────────────────────────────────────────────
    ../test-results/ui-ux-experience-UI-UX-Exp-eb767-roper-styling-and-animation-chromium/test-failed-1.png
    ────────────────────────────────────────────────────────────────────────────────────────────────

    attachment #2: video (video/webm) ──────────────────────────────────────────────────────────────
    ../test-results/ui-ux-experience-UI-UX-Exp-eb767-roper-styling-and-animation-chromium/video.webm
    ────────────────────────────────────────────────────────────────────────────────────────────────

    Error Context: ../test-results/ui-ux-experience-UI-UX-Exp-eb767-roper-styling-and-animation-chromium/error-context.md
]]>
</failure>
<system-out>
<![CDATA[
[[ATTACHMENT|test-results/ui-ux-experience-UI-UX-Exp-eb767-roper-styling-and-animation-chromium/test-failed-1.png]]

[[ATTACHMENT|test-results/ui-ux-experience-UI-UX-Exp-eb767-roper-styling-and-animation-chromium/video.webm]]

[[ATTACHMENT|test-results/ui-ux-experience-UI-UX-Exp-eb767-roper-styling-and-animation-chromium/error-context.md]]
]]>
</system-out>
</testcase>
</testsuite>
<testsuite name="visual-interactive.spec.js" timestamp="2025-10-15T16:55:54.425Z" hostname="chromium" tests="1" failures="1" skipped="0" time="10.811" errors="0">
<testcase name="Visual Regression Testing › should match confidence indicator appearance" classname="visual-interactive.spec.js" time="10.811">
<failure message="visual-interactive.spec.js:22:3 should match confidence indicator appearance" type="FAILURE">
<![CDATA[  [chromium] › visual-interactive.spec.js:22:3 › Visual Regression Testing › should match confidence indicator appearance 

    TimeoutError: page.fill: Timeout 10000ms exceeded.
    Call log:
      - waiting for locator('#techStackInput')


      22 |   test('should match confidence indicator appearance', async ({ page }) => {
      23 |     // Fill input to trigger confidence indicator
    > 24 |     await page.fill('#techStackInput', 'React with TypeScript, Material-UI, and Jest');
         |                ^
      25 |     await page.dispatchEvent('#techStackInput', 'input');
      26 |     
      27 |     // Wait for parsing and confidence indicator
        at /Users/david/Documents/Figa-Jira-Automations-Tool/figma-ticket-generator/e2e-tests/tests/visual-interactive.spec.js:24:16

    attachment #1: screenshot (image/png) ──────────────────────────────────────────────────────────
    ../test-results/visual-interactive-Visual--e9c49-idence-indicator-appearance-chromium/test-failed-1.png
    ────────────────────────────────────────────────────────────────────────────────────────────────

    attachment #2: video (video/webm) ──────────────────────────────────────────────────────────────
    ../test-results/visual-interactive-Visual--e9c49-idence-indicator-appearance-chromium/video.webm
    ────────────────────────────────────────────────────────────────────────────────────────────────

    Error Context: ../test-results/visual-interactive-Visual--e9c49-idence-indicator-appearance-chromium/error-context.md
]]>
</failure>
<system-out>
<![CDATA[
[[ATTACHMENT|test-results/visual-interactive-Visual--e9c49-idence-indicator-appearance-chromium/test-failed-1.png]]

[[ATTACHMENT|test-results/visual-interactive-Visual--e9c49-idence-indicator-appearance-chromium/video.webm]]

[[ATTACHMENT|test-results/visual-interactive-Visual--e9c49-idence-indicator-appearance-chromium/error-context.md]]
]]>
</system-out>
</testcase>
</testsuite>
<testsuite name="core-functionality.spec.js" timestamp="2025-10-15T16:55:54.425Z" hostname="firefox" tests="7" failures="2" skipped="0" time="17.213" errors="0">
<testcase name="Enhanced Figma Plugin - Core Functionality @smoke @critical › should load the enhanced UI with all elements visible" classname="core-functionality.spec.js" time="1.907">
</testcase>
<testcase name="Enhanced Figma Plugin - Core Functionality @smoke @critical › should show validation error for empty tech stack input" classname="core-functionality.spec.js" time="1.773">
</testcase>
<testcase name="Enhanced Figma Plugin - Core Functionality @smoke @critical › should process tech stack input and show confidence indicator" classname="core-functionality.spec.js" time="2.793">
<failure message="core-functionality.spec.js:55:3 should process tech stack input and show confidence indicator" type="FAILURE">
<![CDATA[  [firefox] › core-functionality.spec.js:55:3 › Enhanced Figma Plugin - Core Functionality @smoke @critical › should process tech stack input and show confidence indicator 

    Error: expect(locator).toBeVisible() failed

    Locator: locator('.confidence-indicator')
    Expected: visible
    Error: strict mode violation: locator('.confidence-indicator') resolved to 2 elements:
        1) <div class="confidence-indicator">…</div> aka getByText('Confidence: 0%')
        2) <div class="confidence-indicator">…</div> aka getByText('📊 Confidence: 90%')

    Call log:
      - Expect "toBeVisible" with timeout 5000ms
      - waiting for locator('.confidence-indicator')


      65 |     
      66 |     // Should show confidence indicator
    > 67 |     await expect(page.locator('.confidence-indicator')).toBeVisible();
         |                                                         ^
      68 |     
      69 |     // Should show suggestion pills
      70 |     const suggestionPills = page.locator('.suggestion-pill');
        at /Users/david/Documents/Figa-Jira-Automations-Tool/figma-ticket-generator/e2e-tests/tests/core-functionality.spec.js:67:57

    attachment #1: screenshot (image/png) ──────────────────────────────────────────────────────────
    ../test-results/core-functionality-Enhance-37bdf-d-show-confidence-indicator-firefox/test-failed-1.png
    ────────────────────────────────────────────────────────────────────────────────────────────────

    attachment #2: video (video/webm) ──────────────────────────────────────────────────────────────
    ../test-results/core-functionality-Enhance-37bdf-d-show-confidence-indicator-firefox/video.webm
    ────────────────────────────────────────────────────────────────────────────────────────────────

    Error Context: ../test-results/core-functionality-Enhance-37bdf-d-show-confidence-indicator-firefox/error-context.md
]]>
</failure>
<system-out>
<![CDATA[
[[ATTACHMENT|test-results/core-functionality-Enhance-37bdf-d-show-confidence-indicator-firefox/test-failed-1.png]]

[[ATTACHMENT|test-results/core-functionality-Enhance-37bdf-d-show-confidence-indicator-firefox/video.webm]]

[[ATTACHMENT|test-results/core-functionality-Enhance-37bdf-d-show-confidence-indicator-firefox/error-context.md]]
]]>
</system-out>
</testcase>
<testcase name="Enhanced Figma Plugin - Core Functionality @smoke @critical › should generate enhanced document with valid input @critical" classname="core-functionality.spec.js" time="3.839">
<system-out>
<![CDATA[Textarea value length: [33m889[39m
]]>
</system-out>
</testcase>
<testcase name="Enhanced Figma Plugin - Core Functionality @smoke @critical › should handle MCP server unavailable gracefully" classname="core-functionality.spec.js" time="2.174">
</testcase>
<testcase name="Enhanced Figma Plugin - Core Functionality @smoke @critical › should copy generated content to clipboard" classname="core-functionality.spec.js" time="1.731">
<failure message="core-functionality.spec.js:152:3 should copy generated content to clipboard" type="FAILURE">
<![CDATA[  [firefox] › core-functionality.spec.js:152:3 › Enhanced Figma Plugin - Core Functionality @smoke @critical › should copy generated content to clipboard 

    Error: browserContext.grantPermissions: Unknown permission: clipboard-read

      158 |     // Grant clipboard permissions
      159 |     const context = page.context();
    > 160 |     await context.grantPermissions(['clipboard-read', 'clipboard-write']);
          |                   ^
      161 |     
      162 |     // Click copy button
      163 |     await page.click('#copyBtn');
        at /Users/david/Documents/Figa-Jira-Automations-Tool/figma-ticket-generator/e2e-tests/tests/core-functionality.spec.js:160:19

    attachment #1: screenshot (image/png) ──────────────────────────────────────────────────────────
    ../test-results/core-functionality-Enhance-9a004-erated-content-to-clipboard-firefox/test-failed-1.png
    ────────────────────────────────────────────────────────────────────────────────────────────────

    attachment #2: video (video/webm) ──────────────────────────────────────────────────────────────
    ../test-results/core-functionality-Enhance-9a004-erated-content-to-clipboard-firefox/video.webm
    ────────────────────────────────────────────────────────────────────────────────────────────────

    Error Context: ../test-results/core-functionality-Enhance-9a004-erated-content-to-clipboard-firefox/error-context.md
]]>
</failure>
<system-out>
<![CDATA[
[[ATTACHMENT|test-results/core-functionality-Enhance-9a004-erated-content-to-clipboard-firefox/test-failed-1.png]]

[[ATTACHMENT|test-results/core-functionality-Enhance-9a004-erated-content-to-clipboard-firefox/video.webm]]

[[ATTACHMENT|test-results/core-functionality-Enhance-9a004-erated-content-to-clipboard-firefox/error-context.md]]
]]>
</system-out>
</testcase>
<testcase name="Enhanced Figma Plugin - Core Functionality @smoke @critical › should iterate through different document types" classname="core-functionality.spec.js" time="2.996">
</testcase>
</testsuite>
<testsuite name="enhanced-validation.spec.js" timestamp="2025-10-15T16:55:54.425Z" hostname="firefox" tests="4" failures="4" skipped="0" time="43.502" errors="0">
<testcase name="Enhanced Interface Validation @smoke › should have all restored features visible and functional" classname="enhanced-validation.spec.js" time="10.679">
<failure message="enhanced-validation.spec.js:19:3 should have all restored features visible and functional" type="FAILURE">
<![CDATA[  [firefox] › enhanced-validation.spec.js:19:3 › Enhanced Interface Validation @smoke › should have all restored features visible and functional 

    TimeoutError: page.click: Timeout 10000ms exceeded.
    Call log:
      - waiting for locator('[data-tab="generator"]')


      13 |     
      14 |     // Switch to the Figma to Document tab
    > 15 |     await page.click('[data-tab="generator"]');
         |                ^
      16 |     await page.waitForTimeout(500);
      17 |   });
      18 |
        at /Users/david/Documents/Figa-Jira-Automations-Tool/figma-ticket-generator/e2e-tests/tests/enhanced-validation.spec.js:15:16

    attachment #1: screenshot (image/png) ──────────────────────────────────────────────────────────
    ../test-results/enhanced-validation-Enhanc-86339-ures-visible-and-functional-firefox/test-failed-1.png
    ────────────────────────────────────────────────────────────────────────────────────────────────

    attachment #2: video (video/webm) ──────────────────────────────────────────────────────────────
    ../test-results/enhanced-validation-Enhanc-86339-ures-visible-and-functional-firefox/video.webm
    ────────────────────────────────────────────────────────────────────────────────────────────────

    Error Context: ../test-results/enhanced-validation-Enhanc-86339-ures-visible-and-functional-firefox/error-context.md
]]>
</failure>
<system-out>
<![CDATA[
[[ATTACHMENT|test-results/enhanced-validation-Enhanc-86339-ures-visible-and-functional-firefox/test-failed-1.png]]

[[ATTACHMENT|test-results/enhanced-validation-Enhanc-86339-ures-visible-and-functional-firefox/video.webm]]

[[ATTACHMENT|test-results/enhanced-validation-Enhanc-86339-ures-visible-and-functional-firefox/error-context.md]]
]]>
</system-out>
</testcase>
<testcase name="Enhanced Interface Validation @smoke › should handle tech stack input and document type interaction" classname="enhanced-validation.spec.js" time="10.677">
<failure message="enhanced-validation.spec.js:56:3 should handle tech stack input and document type interaction" type="FAILURE">
<![CDATA[  [firefox] › enhanced-validation.spec.js:56:3 › Enhanced Interface Validation @smoke › should handle tech stack input and document type interaction 

    TimeoutError: page.click: Timeout 10000ms exceeded.
    Call log:
      - waiting for locator('[data-tab="generator"]')


      13 |     
      14 |     // Switch to the Figma to Document tab
    > 15 |     await page.click('[data-tab="generator"]');
         |                ^
      16 |     await page.waitForTimeout(500);
      17 |   });
      18 |
        at /Users/david/Documents/Figa-Jira-Automations-Tool/figma-ticket-generator/e2e-tests/tests/enhanced-validation.spec.js:15:16

    attachment #1: screenshot (image/png) ──────────────────────────────────────────────────────────
    ../test-results/enhanced-validation-Enhanc-9c821-d-document-type-interaction-firefox/test-failed-1.png
    ────────────────────────────────────────────────────────────────────────────────────────────────

    attachment #2: video (video/webm) ──────────────────────────────────────────────────────────────
    ../test-results/enhanced-validation-Enhanc-9c821-d-document-type-interaction-firefox/video.webm
    ────────────────────────────────────────────────────────────────────────────────────────────────

    Error Context: ../test-results/enhanced-validation-Enhanc-9c821-d-document-type-interaction-firefox/error-context.md
]]>
</failure>
<system-out>
<![CDATA[
[[ATTACHMENT|test-results/enhanced-validation-Enhanc-9c821-d-document-type-interaction-firefox/test-failed-1.png]]

[[ATTACHMENT|test-results/enhanced-validation-Enhanc-9c821-d-document-type-interaction-firefox/video.webm]]

[[ATTACHMENT|test-results/enhanced-validation-Enhanc-9c821-d-document-type-interaction-firefox/error-context.md]]
]]>
</system-out>
</testcase>
<testcase name="Enhanced Interface Validation @smoke › should persist settings in localStorage" classname="enhanced-validation.spec.js" time="11.079">
<failure message="enhanced-validation.spec.js:85:3 should persist settings in localStorage" type="FAILURE">
<![CDATA[  [firefox] › enhanced-validation.spec.js:85:3 › Enhanced Interface Validation @smoke › should persist settings in localStorage 

    TimeoutError: page.click: Timeout 10000ms exceeded.
    Call log:
      - waiting for locator('[data-tab="generator"]')


      13 |     
      14 |     // Switch to the Figma to Document tab
    > 15 |     await page.click('[data-tab="generator"]');
         |                ^
      16 |     await page.waitForTimeout(500);
      17 |   });
      18 |
        at /Users/david/Documents/Figa-Jira-Automations-Tool/figma-ticket-generator/e2e-tests/tests/enhanced-validation.spec.js:15:16

    attachment #1: screenshot (image/png) ──────────────────────────────────────────────────────────
    ../test-results/enhanced-validation-Enhanc-11432-st-settings-in-localStorage-firefox/test-failed-1.png
    ────────────────────────────────────────────────────────────────────────────────────────────────

    attachment #2: video (video/webm) ──────────────────────────────────────────────────────────────
    ../test-results/enhanced-validation-Enhanc-11432-st-settings-in-localStorage-firefox/video.webm
    ────────────────────────────────────────────────────────────────────────────────────────────────

    Error Context: ../test-results/enhanced-validation-Enhanc-11432-st-settings-in-localStorage-firefox/error-context.md
]]>
</failure>
<system-out>
<![CDATA[
[[ATTACHMENT|test-results/enhanced-validation-Enhanc-11432-st-settings-in-localStorage-firefox/test-failed-1.png]]

[[ATTACHMENT|test-results/enhanced-validation-Enhanc-11432-st-settings-in-localStorage-firefox/video.webm]]

[[ATTACHMENT|test-results/enhanced-validation-Enhanc-11432-st-settings-in-localStorage-firefox/error-context.md]]
]]>
</system-out>
</testcase>
<testcase name="Enhanced Interface Validation @smoke › should have MCP server integration ready" classname="enhanced-validation.spec.js" time="11.067">
<failure message="enhanced-validation.spec.js:110:3 should have MCP server integration ready" type="FAILURE">
<![CDATA[  [firefox] › enhanced-validation.spec.js:110:3 › Enhanced Interface Validation @smoke › should have MCP server integration ready 

    TimeoutError: page.click: Timeout 10000ms exceeded.
    Call log:
      - waiting for locator('[data-tab="generator"]')


      13 |     
      14 |     // Switch to the Figma to Document tab
    > 15 |     await page.click('[data-tab="generator"]');
         |                ^
      16 |     await page.waitForTimeout(500);
      17 |   });
      18 |
        at /Users/david/Documents/Figa-Jira-Automations-Tool/figma-ticket-generator/e2e-tests/tests/enhanced-validation.spec.js:15:16

    attachment #1: screenshot (image/png) ──────────────────────────────────────────────────────────
    ../test-results/enhanced-validation-Enhanc-00eeb-CP-server-integration-ready-firefox/test-failed-1.png
    ────────────────────────────────────────────────────────────────────────────────────────────────

    attachment #2: video (video/webm) ──────────────────────────────────────────────────────────────
    ../test-results/enhanced-validation-Enhanc-00eeb-CP-server-integration-ready-firefox/video.webm
    ────────────────────────────────────────────────────────────────────────────────────────────────

    Error Context: ../test-results/enhanced-validation-Enhanc-00eeb-CP-server-integration-ready-firefox/error-context.md
]]>
</failure>
<system-out>
<![CDATA[
[[ATTACHMENT|test-results/enhanced-validation-Enhanc-00eeb-CP-server-integration-ready-firefox/test-failed-1.png]]

[[ATTACHMENT|test-results/enhanced-validation-Enhanc-00eeb-CP-server-integration-ready-firefox/video.webm]]

[[ATTACHMENT|test-results/enhanced-validation-Enhanc-00eeb-CP-server-integration-ready-firefox/error-context.md]]
]]>
</system-out>
</testcase>
</testsuite>
<testsuite name="mcp-integration.spec.js" timestamp="2025-10-15T16:55:54.425Z" hostname="firefox" tests="1" failures="1" skipped="0" time="10.682" errors="0">
<testcase name="MCP Server Integration E2E Testing @critical › should successfully connect to MCP server and receive enhanced responses" classname="mcp-integration.spec.js" time="10.682">
<failure message="mcp-integration.spec.js:10:3 should successfully connect to MCP server and receive enhanced responses" type="FAILURE">
<![CDATA[  [firefox] › mcp-integration.spec.js:10:3 › MCP Server Integration E2E Testing @critical › should successfully connect to MCP server and receive enhanced responses 

    TimeoutError: page.fill: Timeout 10000ms exceeded.
    Call log:
      - waiting for locator('#techStackInput')


      26 |     
      27 |     // Generate enhanced ticket
    > 28 |     await page.fill('#techStackInput', 'React with TypeScript, Chakra UI, React Query, and Vitest');
         |                ^
      29 |     await page.selectOption('#documentType', 'jira');
      30 |     await page.click('#generateBtn');
      31 |     
        at /Users/david/Documents/Figa-Jira-Automations-Tool/figma-ticket-generator/e2e-tests/tests/mcp-integration.spec.js:28:16

    attachment #1: screenshot (image/png) ──────────────────────────────────────────────────────────
    ../test-results/mcp-integration-MCP-Server-217aa--receive-enhanced-responses-firefox/test-failed-1.png
    ────────────────────────────────────────────────────────────────────────────────────────────────

    attachment #2: video (video/webm) ──────────────────────────────────────────────────────────────
    ../test-results/mcp-integration-MCP-Server-217aa--receive-enhanced-responses-firefox/video.webm
    ────────────────────────────────────────────────────────────────────────────────────────────────

    Error Context: ../test-results/mcp-integration-MCP-Server-217aa--receive-enhanced-responses-firefox/error-context.md
]]>
</failure>
<system-out>
<![CDATA[
[[ATTACHMENT|test-results/mcp-integration-MCP-Server-217aa--receive-enhanced-responses-firefox/test-failed-1.png]]

[[ATTACHMENT|test-results/mcp-integration-MCP-Server-217aa--receive-enhanced-responses-firefox/video.webm]]

[[ATTACHMENT|test-results/mcp-integration-MCP-Server-217aa--receive-enhanced-responses-firefox/error-context.md]]
]]>
</system-out>
</testcase>
</testsuite>
<testsuite name="ui-ux-experience.spec.js" timestamp="2025-10-15T16:55:54.425Z" hostname="firefox" tests="5" failures="4" skipped="0" time="19.574" errors="0">
<testcase name="UI/UX Experience Testing @smoke › should display confidence indicators with proper styling" classname="ui-ux-experience.spec.js" time="1.733">
<failure message="ui-ux-experience.spec.js:63:3 should display confidence indicators with proper styling" type="FAILURE">
<![CDATA[  [firefox] › ui-ux-experience.spec.js:63:3 › UI/UX Experience Testing @smoke › should display confidence indicators with proper styling 

    Error: expect(locator).toBeVisible() failed

    Locator: locator('.confidence-indicator')
    Expected: visible
    Error: strict mode violation: locator('.confidence-indicator') resolved to 2 elements:
        1) <div class="confidence-indicator">…</div> aka getByText('Confidence: 0%')
        2) <div class="confidence-indicator">…</div> aka getByText('📊 Confidence: 90%')

    Call log:
      - Expect "toBeVisible" with timeout 5000ms
      - waiting for locator('.confidence-indicator')


      85 |       
      86 |       // Check confidence indicator appears
    > 87 |       await expect(page.locator('.confidence-indicator')).toBeVisible();
         |                                                           ^
      88 |       
      89 |       // Check confidence styling based on level
      90 |       const indicator = page.locator('.confidence-indicator');
        at /Users/david/Documents/Figa-Jira-Automations-Tool/figma-ticket-generator/e2e-tests/tests/ui-ux-experience.spec.js:87:59

    attachment #1: screenshot (image/png) ──────────────────────────────────────────────────────────
    ../test-results/ui-ux-experience-UI-UX-Exp-56438-icators-with-proper-styling-firefox/test-failed-1.png
    ────────────────────────────────────────────────────────────────────────────────────────────────

    attachment #2: video (video/webm) ──────────────────────────────────────────────────────────────
    ../test-results/ui-ux-experience-UI-UX-Exp-56438-icators-with-proper-styling-firefox/video.webm
    ────────────────────────────────────────────────────────────────────────────────────────────────

    Error Context: ../test-results/ui-ux-experience-UI-UX-Exp-56438-icators-with-proper-styling-firefox/error-context.md
]]>
</failure>
<system-out>
<![CDATA[
[[ATTACHMENT|test-results/ui-ux-experience-UI-UX-Exp-56438-icators-with-proper-styling-firefox/test-failed-1.png]]

[[ATTACHMENT|test-results/ui-ux-experience-UI-UX-Exp-56438-icators-with-proper-styling-firefox/video.webm]]

[[ATTACHMENT|test-results/ui-ux-experience-UI-UX-Exp-56438-icators-with-proper-styling-firefox/error-context.md]]
]]>
</system-out>
</testcase>
<testcase name="UI/UX Experience Testing @smoke › should have enhanced tech stack interface with suggestion pills" classname="ui-ux-experience.spec.js" time="1.325">
</testcase>
<testcase name="UI/UX Experience Testing @smoke › should handle tech stack parse button functionality" classname="ui-ux-experience.spec.js" time="4.16">
<failure message="ui-ux-experience.spec.js:273:3 should handle tech stack parse button functionality" type="FAILURE">
<![CDATA[  [firefox] › ui-ux-experience.spec.js:273:3 › UI/UX Experience Testing @smoke › should handle tech stack parse button functionality 

    Error: expect(locator).toBeVisible() failed

    Locator: locator('.parse-button-container .confidence-indicator.show')
    Expected: visible
    Timeout: 3000ms
    Error: element(s) not found

    Call log:
      - Expect "toBeVisible" with timeout 3000ms
      - waiting for locator('.parse-button-container .confidence-indicator.show')


      292 |     
      293 |     // Should show confidence indicator after analysis
    > 294 |     await expect(page.locator('.parse-button-container .confidence-indicator.show')).toBeVisible({ timeout: 3000 });
          |                                                                                      ^
      295 |     await expect(page.locator('.parse-button-container .confidence-bar')).toBeVisible();
      296 |     
      297 |     // Button should return to normal state
        at /Users/david/Documents/Figa-Jira-Automations-Tool/figma-ticket-generator/e2e-tests/tests/ui-ux-experience.spec.js:294:86

    attachment #1: screenshot (image/png) ──────────────────────────────────────────────────────────
    ../test-results/ui-ux-experience-UI-UX-Exp-2c5a3--parse-button-functionality-firefox/test-failed-1.png
    ────────────────────────────────────────────────────────────────────────────────────────────────

    attachment #2: video (video/webm) ──────────────────────────────────────────────────────────────
    ../test-results/ui-ux-experience-UI-UX-Exp-2c5a3--parse-button-functionality-firefox/video.webm
    ────────────────────────────────────────────────────────────────────────────────────────────────

    Error Context: ../test-results/ui-ux-experience-UI-UX-Exp-2c5a3--parse-button-functionality-firefox/error-context.md
]]>
</failure>
<system-out>
<![CDATA[
[[ATTACHMENT|test-results/ui-ux-experience-UI-UX-Exp-2c5a3--parse-button-functionality-firefox/test-failed-1.png]]

[[ATTACHMENT|test-results/ui-ux-experience-UI-UX-Exp-2c5a3--parse-button-functionality-firefox/video.webm]]

[[ATTACHMENT|test-results/ui-ux-experience-UI-UX-Exp-2c5a3--parse-button-functionality-firefox/error-context.md]]
]]>
</system-out>
</testcase>
<testcase name="UI/UX Experience Testing @smoke › should display different colored suggestion pills for different tech types" classname="ui-ux-experience.spec.js" time="6.16">
<failure message="ui-ux-experience.spec.js:302:3 should display different colored suggestion pills for different tech types" type="FAILURE">
<![CDATA[  [firefox] › ui-ux-experience.spec.js:302:3 › UI/UX Experience Testing @smoke › should display different colored suggestion pills for different tech types 

    Error: expect(locator).toHaveCSS(expected) failed

    Locator: locator('.suggestions-grid .suggestion-pill[data-type="react"]')
    Expected pattern: /translateY\(-1px\)/
    Received string:  "matrix(1, 0, 0, 1, 0, -1)"
    Timeout: 5000ms

    Call log:
      - Expect "toHaveCSS" with timeout 5000ms
      - waiting for locator('.suggestions-grid .suggestion-pill[data-type="react"]')
        2 × locator resolved to <div data-type="react" class="suggestion-pill">React + TypeScript + Tailwind</div>
          - unexpected value "matrix(1, 0, 0, 1, 0, 0)"
        - locator resolved to <div data-type="react" class="suggestion-pill">React + TypeScript + Tailwind</div>
        - unexpected value "matrix(1, 0, 0, 1, 0, -0.802452)"
        6 × locator resolved to <div data-type="react" class="suggestion-pill">React + TypeScript + Tailwind</div>
          - unexpected value "matrix(1, 0, 0, 1, 0, -1)"


      319 |     // Test hover effects
      320 |     await reactPill.hover();
    > 321 |     await expect(reactPill).toHaveCSS('transform', /translateY\(-1px\)/);
          |                             ^
      322 |   });
      323 |
      324 |   test('should show confidence indicator with proper styling and animation', async ({ page }) => {
        at /Users/david/Documents/Figa-Jira-Automations-Tool/figma-ticket-generator/e2e-tests/tests/ui-ux-experience.spec.js:321:29

    attachment #1: screenshot (image/png) ──────────────────────────────────────────────────────────
    ../test-results/ui-ux-experience-UI-UX-Exp-15b63-ls-for-different-tech-types-firefox/test-failed-1.png
    ────────────────────────────────────────────────────────────────────────────────────────────────

    attachment #2: video (video/webm) ──────────────────────────────────────────────────────────────
    ../test-results/ui-ux-experience-UI-UX-Exp-15b63-ls-for-different-tech-types-firefox/video.webm
    ────────────────────────────────────────────────────────────────────────────────────────────────

    Error Context: ../test-results/ui-ux-experience-UI-UX-Exp-15b63-ls-for-different-tech-types-firefox/error-context.md
]]>
</failure>
<system-out>
<![CDATA[
[[ATTACHMENT|test-results/ui-ux-experience-UI-UX-Exp-15b63-ls-for-different-tech-types-firefox/test-failed-1.png]]

[[ATTACHMENT|test-results/ui-ux-experience-UI-UX-Exp-15b63-ls-for-different-tech-types-firefox/video.webm]]

[[ATTACHMENT|test-results/ui-ux-experience-UI-UX-Exp-15b63-ls-for-different-tech-types-firefox/error-context.md]]
]]>
</system-out>
</testcase>
<testcase name="UI/UX Experience Testing @smoke › should show confidence indicator with proper styling and animation" classname="ui-ux-experience.spec.js" time="6.196">
<failure message="ui-ux-experience.spec.js:324:3 should show confidence indicator with proper styling and animation" type="FAILURE">
<![CDATA[  [firefox] › ui-ux-experience.spec.js:324:3 › UI/UX Experience Testing @smoke › should show confidence indicator with proper styling and animation 

    Error: expect(locator).toBeVisible() failed

    Locator: locator('.parse-button-container .confidence-indicator.show')
    Expected: visible
    Timeout: 5000ms
    Error: element(s) not found

    Call log:
      - Expect "toBeVisible" with timeout 5000ms
      - waiting for locator('.parse-button-container .confidence-indicator.show')


      327 |     
      328 |     // Wait for confidence indicator to appear
    > 329 |     await expect(page.locator('.parse-button-container .confidence-indicator.show')).toBeVisible();
          |                                                                                      ^
      330 |     
      331 |     // Check confidence bar styling
      332 |     const confidenceBar = page.locator('.parse-button-container .confidence-bar');
        at /Users/david/Documents/Figa-Jira-Automations-Tool/figma-ticket-generator/e2e-tests/tests/ui-ux-experience.spec.js:329:86

    attachment #1: screenshot (image/png) ──────────────────────────────────────────────────────────
    ../test-results/ui-ux-experience-UI-UX-Exp-eb767-roper-styling-and-animation-firefox/test-failed-1.png
    ────────────────────────────────────────────────────────────────────────────────────────────────

    attachment #2: video (video/webm) ──────────────────────────────────────────────────────────────
    ../test-results/ui-ux-experience-UI-UX-Exp-eb767-roper-styling-and-animation-firefox/video.webm
    ────────────────────────────────────────────────────────────────────────────────────────────────

    Error Context: ../test-results/ui-ux-experience-UI-UX-Exp-eb767-roper-styling-and-animation-firefox/error-context.md
]]>
</failure>
<system-out>
<![CDATA[
[[ATTACHMENT|test-results/ui-ux-experience-UI-UX-Exp-eb767-roper-styling-and-animation-firefox/test-failed-1.png]]

[[ATTACHMENT|test-results/ui-ux-experience-UI-UX-Exp-eb767-roper-styling-and-animation-firefox/video.webm]]

[[ATTACHMENT|test-results/ui-ux-experience-UI-UX-Exp-eb767-roper-styling-and-animation-firefox/error-context.md]]
]]>
</system-out>
</testcase>
</testsuite>
<testsuite name="visual-interactive.spec.js" timestamp="2025-10-15T16:55:54.425Z" hostname="firefox" tests="1" failures="1" skipped="0" time="11.093" errors="0">
<testcase name="Visual Regression Testing › should match confidence indicator appearance" classname="visual-interactive.spec.js" time="11.093">
<failure message="visual-interactive.spec.js:22:3 should match confidence indicator appearance" type="FAILURE">
<![CDATA[  [firefox] › visual-interactive.spec.js:22:3 › Visual Regression Testing › should match confidence indicator appearance 

    TimeoutError: page.fill: Timeout 10000ms exceeded.
    Call log:
      - waiting for locator('#techStackInput')


      22 |   test('should match confidence indicator appearance', async ({ page }) => {
      23 |     // Fill input to trigger confidence indicator
    > 24 |     await page.fill('#techStackInput', 'React with TypeScript, Material-UI, and Jest');
         |                ^
      25 |     await page.dispatchEvent('#techStackInput', 'input');
      26 |     
      27 |     // Wait for parsing and confidence indicator
        at /Users/david/Documents/Figa-Jira-Automations-Tool/figma-ticket-generator/e2e-tests/tests/visual-interactive.spec.js:24:16

    attachment #1: screenshot (image/png) ──────────────────────────────────────────────────────────
    ../test-results/visual-interactive-Visual--e9c49-idence-indicator-appearance-firefox/test-failed-1.png
    ────────────────────────────────────────────────────────────────────────────────────────────────

    attachment #2: video (video/webm) ──────────────────────────────────────────────────────────────
    ../test-results/visual-interactive-Visual--e9c49-idence-indicator-appearance-firefox/video.webm
    ────────────────────────────────────────────────────────────────────────────────────────────────

    Error Context: ../test-results/visual-interactive-Visual--e9c49-idence-indicator-appearance-firefox/error-context.md
]]>
</failure>
<system-out>
<![CDATA[
[[ATTACHMENT|test-results/visual-interactive-Visual--e9c49-idence-indicator-appearance-firefox/test-failed-1.png]]

[[ATTACHMENT|test-results/visual-interactive-Visual--e9c49-idence-indicator-appearance-firefox/video.webm]]

[[ATTACHMENT|test-results/visual-interactive-Visual--e9c49-idence-indicator-appearance-firefox/error-context.md]]
]]>
</system-out>
</testcase>
</testsuite>
<testsuite name="core-functionality.spec.js" timestamp="2025-10-15T16:55:54.425Z" hostname="webkit" tests="7" failures="2" skipped="0" time="15.667" errors="0">
<testcase name="Enhanced Figma Plugin - Core Functionality @smoke @critical › should load the enhanced UI with all elements visible" classname="core-functionality.spec.js" time="1.703">
</testcase>
<testcase name="Enhanced Figma Plugin - Core Functionality @smoke @critical › should show validation error for empty tech stack input" classname="core-functionality.spec.js" time="1.487">
</testcase>
<testcase name="Enhanced Figma Plugin - Core Functionality @smoke @critical › should process tech stack input and show confidence indicator" classname="core-functionality.spec.js" time="2.509">
<failure message="core-functionality.spec.js:55:3 should process tech stack input and show confidence indicator" type="FAILURE">
<![CDATA[  [webkit] › core-functionality.spec.js:55:3 › Enhanced Figma Plugin - Core Functionality @smoke @critical › should process tech stack input and show confidence indicator 

    Error: expect(locator).toBeVisible() failed

    Locator: locator('.confidence-indicator')
    Expected: visible
    Error: strict mode violation: locator('.confidence-indicator') resolved to 2 elements:
        1) <div class="confidence-indicator">…</div> aka getByText('Confidence: 0%')
        2) <div class="confidence-indicator">…</div> aka getByText('📊 Confidence: 90%')

    Call log:
      - Expect "toBeVisible" with timeout 5000ms
      - waiting for locator('.confidence-indicator')


      65 |     
      66 |     // Should show confidence indicator
    > 67 |     await expect(page.locator('.confidence-indicator')).toBeVisible();
         |                                                         ^
      68 |     
      69 |     // Should show suggestion pills
      70 |     const suggestionPills = page.locator('.suggestion-pill');
        at /Users/david/Documents/Figa-Jira-Automations-Tool/figma-ticket-generator/e2e-tests/tests/core-functionality.spec.js:67:57

    attachment #1: screenshot (image/png) ──────────────────────────────────────────────────────────
    ../test-results/core-functionality-Enhance-37bdf-d-show-confidence-indicator-webkit/test-failed-1.png
    ────────────────────────────────────────────────────────────────────────────────────────────────

    attachment #2: video (video/webm) ──────────────────────────────────────────────────────────────
    ../test-results/core-functionality-Enhance-37bdf-d-show-confidence-indicator-webkit/video.webm
    ────────────────────────────────────────────────────────────────────────────────────────────────

    Error Context: ../test-results/core-functionality-Enhance-37bdf-d-show-confidence-indicator-webkit/error-context.md
]]>
</failure>
<system-out>
<![CDATA[
[[ATTACHMENT|test-results/core-functionality-Enhance-37bdf-d-show-confidence-indicator-webkit/test-failed-1.png]]

[[ATTACHMENT|test-results/core-functionality-Enhance-37bdf-d-show-confidence-indicator-webkit/video.webm]]

[[ATTACHMENT|test-results/core-functionality-Enhance-37bdf-d-show-confidence-indicator-webkit/error-context.md]]
]]>
</system-out>
</testcase>
<testcase name="Enhanced Figma Plugin - Core Functionality @smoke @critical › should generate enhanced document with valid input @critical" classname="core-functionality.spec.js" time="3.569">
<system-out>
<![CDATA[Textarea value length: [33m889[39m
]]>
</system-out>
</testcase>
<testcase name="Enhanced Figma Plugin - Core Functionality @smoke @critical › should handle MCP server unavailable gracefully" classname="core-functionality.spec.js" time="1.915">
</testcase>
<testcase name="Enhanced Figma Plugin - Core Functionality @smoke @critical › should copy generated content to clipboard" classname="core-functionality.spec.js" time="1.441">
<failure message="core-functionality.spec.js:152:3 should copy generated content to clipboard" type="FAILURE">
<![CDATA[  [webkit] › core-functionality.spec.js:152:3 › Enhanced Figma Plugin - Core Functionality @smoke @critical › should copy generated content to clipboard 

    Error: browserContext.grantPermissions: Unknown permission: clipboard-write

      158 |     // Grant clipboard permissions
      159 |     const context = page.context();
    > 160 |     await context.grantPermissions(['clipboard-read', 'clipboard-write']);
          |                   ^
      161 |     
      162 |     // Click copy button
      163 |     await page.click('#copyBtn');
        at /Users/david/Documents/Figa-Jira-Automations-Tool/figma-ticket-generator/e2e-tests/tests/core-functionality.spec.js:160:19

    attachment #1: screenshot (image/png) ──────────────────────────────────────────────────────────
    ../test-results/core-functionality-Enhance-9a004-erated-content-to-clipboard-webkit/test-failed-1.png
    ────────────────────────────────────────────────────────────────────────────────────────────────

    attachment #2: video (video/webm) ──────────────────────────────────────────────────────────────
    ../test-results/core-functionality-Enhance-9a004-erated-content-to-clipboard-webkit/video.webm
    ────────────────────────────────────────────────────────────────────────────────────────────────

    Error Context: ../test-results/core-functionality-Enhance-9a004-erated-content-to-clipboard-webkit/error-context.md
]]>
</failure>
<system-out>
<![CDATA[
[[ATTACHMENT|test-results/core-functionality-Enhance-9a004-erated-content-to-clipboard-webkit/test-failed-1.png]]

[[ATTACHMENT|test-results/core-functionality-Enhance-9a004-erated-content-to-clipboard-webkit/video.webm]]

[[ATTACHMENT|test-results/core-functionality-Enhance-9a004-erated-content-to-clipboard-webkit/error-context.md]]
]]>
</system-out>
</testcase>
<testcase name="Enhanced Figma Plugin - Core Functionality @smoke @critical › should iterate through different document types" classname="core-functionality.spec.js" time="3.043">
</testcase>
</testsuite>
<testsuite name="enhanced-validation.spec.js" timestamp="2025-10-15T16:55:54.425Z" hostname="webkit" tests="4" failures="4" skipped="0" time="43.025" errors="0">
<testcase name="Enhanced Interface Validation @smoke › should have all restored features visible and functional" classname="enhanced-validation.spec.js" time="10.825">
<failure message="enhanced-validation.spec.js:19:3 should have all restored features visible and functional" type="FAILURE">
<![CDATA[  [webkit] › enhanced-validation.spec.js:19:3 › Enhanced Interface Validation @smoke › should have all restored features visible and functional 

    TimeoutError: page.click: Timeout 10000ms exceeded.
    Call log:
      - waiting for locator('[data-tab="generator"]')


      13 |     
      14 |     // Switch to the Figma to Document tab
    > 15 |     await page.click('[data-tab="generator"]');
         |                ^
      16 |     await page.waitForTimeout(500);
      17 |   });
      18 |
        at /Users/david/Documents/Figa-Jira-Automations-Tool/figma-ticket-generator/e2e-tests/tests/enhanced-validation.spec.js:15:16

    attachment #1: screenshot (image/png) ──────────────────────────────────────────────────────────
    ../test-results/enhanced-validation-Enhanc-86339-ures-visible-and-functional-webkit/test-failed-1.png
    ────────────────────────────────────────────────────────────────────────────────────────────────

    attachment #2: video (video/webm) ──────────────────────────────────────────────────────────────
    ../test-results/enhanced-validation-Enhanc-86339-ures-visible-and-functional-webkit/video.webm
    ────────────────────────────────────────────────────────────────────────────────────────────────

    Error Context: ../test-results/enhanced-validation-Enhanc-86339-ures-visible-and-functional-webkit/error-context.md
]]>
</failure>
<system-out>
<![CDATA[
[[ATTACHMENT|test-results/enhanced-validation-Enhanc-86339-ures-visible-and-functional-webkit/test-failed-1.png]]

[[ATTACHMENT|test-results/enhanced-validation-Enhanc-86339-ures-visible-and-functional-webkit/video.webm]]

[[ATTACHMENT|test-results/enhanced-validation-Enhanc-86339-ures-visible-and-functional-webkit/error-context.md]]
]]>
</system-out>
</testcase>
<testcase name="Enhanced Interface Validation @smoke › should handle tech stack input and document type interaction" classname="enhanced-validation.spec.js" time="10.823">
<failure message="enhanced-validation.spec.js:56:3 should handle tech stack input and document type interaction" type="FAILURE">
<![CDATA[  [webkit] › enhanced-validation.spec.js:56:3 › Enhanced Interface Validation @smoke › should handle tech stack input and document type interaction 

    TimeoutError: page.click: Timeout 10000ms exceeded.
    Call log:
      - waiting for locator('[data-tab="generator"]')


      13 |     
      14 |     // Switch to the Figma to Document tab
    > 15 |     await page.click('[data-tab="generator"]');
         |                ^
      16 |     await page.waitForTimeout(500);
      17 |   });
      18 |
        at /Users/david/Documents/Figa-Jira-Automations-Tool/figma-ticket-generator/e2e-tests/tests/enhanced-validation.spec.js:15:16

    attachment #1: screenshot (image/png) ──────────────────────────────────────────────────────────
    ../test-results/enhanced-validation-Enhanc-9c821-d-document-type-interaction-webkit/test-failed-1.png
    ────────────────────────────────────────────────────────────────────────────────────────────────

    attachment #2: video (video/webm) ──────────────────────────────────────────────────────────────
    ../test-results/enhanced-validation-Enhanc-9c821-d-document-type-interaction-webkit/video.webm
    ────────────────────────────────────────────────────────────────────────────────────────────────

    Error Context: ../test-results/enhanced-validation-Enhanc-9c821-d-document-type-interaction-webkit/error-context.md
]]>
</failure>
<system-out>
<![CDATA[
[[ATTACHMENT|test-results/enhanced-validation-Enhanc-9c821-d-document-type-interaction-webkit/test-failed-1.png]]

[[ATTACHMENT|test-results/enhanced-validation-Enhanc-9c821-d-document-type-interaction-webkit/video.webm]]

[[ATTACHMENT|test-results/enhanced-validation-Enhanc-9c821-d-document-type-interaction-webkit/error-context.md]]
]]>
</system-out>
</testcase>
<testcase name="Enhanced Interface Validation @smoke › should persist settings in localStorage" classname="enhanced-validation.spec.js" time="10.691">
<failure message="enhanced-validation.spec.js:85:3 should persist settings in localStorage" type="FAILURE">
<![CDATA[  [webkit] › enhanced-validation.spec.js:85:3 › Enhanced Interface Validation @smoke › should persist settings in localStorage 

    TimeoutError: page.click: Timeout 10000ms exceeded.
    Call log:
      - waiting for locator('[data-tab="generator"]')


      13 |     
      14 |     // Switch to the Figma to Document tab
    > 15 |     await page.click('[data-tab="generator"]');
         |                ^
      16 |     await page.waitForTimeout(500);
      17 |   });
      18 |
        at /Users/david/Documents/Figa-Jira-Automations-Tool/figma-ticket-generator/e2e-tests/tests/enhanced-validation.spec.js:15:16

    attachment #1: screenshot (image/png) ──────────────────────────────────────────────────────────
    ../test-results/enhanced-validation-Enhanc-11432-st-settings-in-localStorage-webkit/test-failed-1.png
    ────────────────────────────────────────────────────────────────────────────────────────────────

    attachment #2: video (video/webm) ──────────────────────────────────────────────────────────────
    ../test-results/enhanced-validation-Enhanc-11432-st-settings-in-localStorage-webkit/video.webm
    ────────────────────────────────────────────────────────────────────────────────────────────────

    Error Context: ../test-results/enhanced-validation-Enhanc-11432-st-settings-in-localStorage-webkit/error-context.md
]]>
</failure>
<system-out>
<![CDATA[
[[ATTACHMENT|test-results/enhanced-validation-Enhanc-11432-st-settings-in-localStorage-webkit/test-failed-1.png]]

[[ATTACHMENT|test-results/enhanced-validation-Enhanc-11432-st-settings-in-localStorage-webkit/video.webm]]

[[ATTACHMENT|test-results/enhanced-validation-Enhanc-11432-st-settings-in-localStorage-webkit/error-context.md]]
]]>
</system-out>
</testcase>
<testcase name="Enhanced Interface Validation @smoke › should have MCP server integration ready" classname="enhanced-validation.spec.js" time="10.686">
<failure message="enhanced-validation.spec.js:110:3 should have MCP server integration ready" type="FAILURE">
<![CDATA[  [webkit] › enhanced-validation.spec.js:110:3 › Enhanced Interface Validation @smoke › should have MCP server integration ready 

    TimeoutError: page.click: Timeout 10000ms exceeded.
    Call log:
      - waiting for locator('[data-tab="generator"]')


      13 |     
      14 |     // Switch to the Figma to Document tab
    > 15 |     await page.click('[data-tab="generator"]');
         |                ^
      16 |     await page.waitForTimeout(500);
      17 |   });
      18 |
        at /Users/david/Documents/Figa-Jira-Automations-Tool/figma-ticket-generator/e2e-tests/tests/enhanced-validation.spec.js:15:16

    attachment #1: screenshot (image/png) ──────────────────────────────────────────────────────────
    ../test-results/enhanced-validation-Enhanc-00eeb-CP-server-integration-ready-webkit/test-failed-1.png
    ────────────────────────────────────────────────────────────────────────────────────────────────

    attachment #2: video (video/webm) ──────────────────────────────────────────────────────────────
    ../test-results/enhanced-validation-Enhanc-00eeb-CP-server-integration-ready-webkit/video.webm
    ────────────────────────────────────────────────────────────────────────────────────────────────

    Error Context: ../test-results/enhanced-validation-Enhanc-00eeb-CP-server-integration-ready-webkit/error-context.md
]]>
</failure>
<system-out>
<![CDATA[
[[ATTACHMENT|test-results/enhanced-validation-Enhanc-00eeb-CP-server-integration-ready-webkit/test-failed-1.png]]

[[ATTACHMENT|test-results/enhanced-validation-Enhanc-00eeb-CP-server-integration-ready-webkit/video.webm]]

[[ATTACHMENT|test-results/enhanced-validation-Enhanc-00eeb-CP-server-integration-ready-webkit/error-context.md]]
]]>
</system-out>
</testcase>
</testsuite>
<testsuite name="mcp-integration.spec.js" timestamp="2025-10-15T16:55:54.425Z" hostname="webkit" tests="1" failures="1" skipped="0" time="10.949" errors="0">
<testcase name="MCP Server Integration E2E Testing @critical › should successfully connect to MCP server and receive enhanced responses" classname="mcp-integration.spec.js" time="10.949">
<failure message="mcp-integration.spec.js:10:3 should successfully connect to MCP server and receive enhanced responses" type="FAILURE">
<![CDATA[  [webkit] › mcp-integration.spec.js:10:3 › MCP Server Integration E2E Testing @critical › should successfully connect to MCP server and receive enhanced responses 

    TimeoutError: page.fill: Timeout 10000ms exceeded.
    Call log:
      - waiting for locator('#techStackInput')


      26 |     
      27 |     // Generate enhanced ticket
    > 28 |     await page.fill('#techStackInput', 'React with TypeScript, Chakra UI, React Query, and Vitest');
         |                ^
      29 |     await page.selectOption('#documentType', 'jira');
      30 |     await page.click('#generateBtn');
      31 |     
        at /Users/david/Documents/Figa-Jira-Automations-Tool/figma-ticket-generator/e2e-tests/tests/mcp-integration.spec.js:28:16

    attachment #1: screenshot (image/png) ──────────────────────────────────────────────────────────
    ../test-results/mcp-integration-MCP-Server-217aa--receive-enhanced-responses-webkit/test-failed-1.png
    ────────────────────────────────────────────────────────────────────────────────────────────────

    attachment #2: video (video/webm) ──────────────────────────────────────────────────────────────
    ../test-results/mcp-integration-MCP-Server-217aa--receive-enhanced-responses-webkit/video.webm
    ────────────────────────────────────────────────────────────────────────────────────────────────

    Error Context: ../test-results/mcp-integration-MCP-Server-217aa--receive-enhanced-responses-webkit/error-context.md
]]>
</failure>
<system-out>
<![CDATA[
[[ATTACHMENT|test-results/mcp-integration-MCP-Server-217aa--receive-enhanced-responses-webkit/test-failed-1.png]]

[[ATTACHMENT|test-results/mcp-integration-MCP-Server-217aa--receive-enhanced-responses-webkit/video.webm]]

[[ATTACHMENT|test-results/mcp-integration-MCP-Server-217aa--receive-enhanced-responses-webkit/error-context.md]]
]]>
</system-out>
</testcase>
</testsuite>
<testsuite name="ui-ux-experience.spec.js" timestamp="2025-10-15T16:55:54.425Z" hostname="webkit" tests="5" failures="4" skipped="0" time="19.533" errors="0">
<testcase name="UI/UX Experience Testing @smoke › should display confidence indicators with proper styling" classname="ui-ux-experience.spec.js" time="1.997">
<failure message="ui-ux-experience.spec.js:63:3 should display confidence indicators with proper styling" type="FAILURE">
<![CDATA[  [webkit] › ui-ux-experience.spec.js:63:3 › UI/UX Experience Testing @smoke › should display confidence indicators with proper styling 

    Error: expect(locator).toBeVisible() failed

    Locator: locator('.confidence-indicator')
    Expected: visible
    Error: strict mode violation: locator('.confidence-indicator') resolved to 2 elements:
        1) <div class="confidence-indicator">…</div> aka getByText('Confidence: 0%')
        2) <div class="confidence-indicator">…</div> aka getByText('📊 Confidence: 90%')

    Call log:
      - Expect "toBeVisible" with timeout 5000ms
      - waiting for locator('.confidence-indicator')


      85 |       
      86 |       // Check confidence indicator appears
    > 87 |       await expect(page.locator('.confidence-indicator')).toBeVisible();
         |                                                           ^
      88 |       
      89 |       // Check confidence styling based on level
      90 |       const indicator = page.locator('.confidence-indicator');
        at /Users/david/Documents/Figa-Jira-Automations-Tool/figma-ticket-generator/e2e-tests/tests/ui-ux-experience.spec.js:87:59

    attachment #1: screenshot (image/png) ──────────────────────────────────────────────────────────
    ../test-results/ui-ux-experience-UI-UX-Exp-56438-icators-with-proper-styling-webkit/test-failed-1.png
    ────────────────────────────────────────────────────────────────────────────────────────────────

    attachment #2: video (video/webm) ──────────────────────────────────────────────────────────────
    ../test-results/ui-ux-experience-UI-UX-Exp-56438-icators-with-proper-styling-webkit/video.webm
    ────────────────────────────────────────────────────────────────────────────────────────────────

    Error Context: ../test-results/ui-ux-experience-UI-UX-Exp-56438-icators-with-proper-styling-webkit/error-context.md
]]>
</failure>
<system-out>
<![CDATA[
[[ATTACHMENT|test-results/ui-ux-experience-UI-UX-Exp-56438-icators-with-proper-styling-webkit/test-failed-1.png]]

[[ATTACHMENT|test-results/ui-ux-experience-UI-UX-Exp-56438-icators-with-proper-styling-webkit/video.webm]]

[[ATTACHMENT|test-results/ui-ux-experience-UI-UX-Exp-56438-icators-with-proper-styling-webkit/error-context.md]]
]]>
</system-out>
</testcase>
<testcase name="UI/UX Experience Testing @smoke › should have enhanced tech stack interface with suggestion pills" classname="ui-ux-experience.spec.js" time="1.083">
</testcase>
<testcase name="UI/UX Experience Testing @smoke › should handle tech stack parse button functionality" classname="ui-ux-experience.spec.js" time="4.243">
<failure message="ui-ux-experience.spec.js:273:3 should handle tech stack parse button functionality" type="FAILURE">
<![CDATA[  [webkit] › ui-ux-experience.spec.js:273:3 › UI/UX Experience Testing @smoke › should handle tech stack parse button functionality 

    Error: expect(locator).toBeVisible() failed

    Locator: locator('.parse-button-container .confidence-indicator.show')
    Expected: visible
    Timeout: 3000ms
    Error: element(s) not found

    Call log:
      - Expect "toBeVisible" with timeout 3000ms
      - waiting for locator('.parse-button-container .confidence-indicator.show')


      292 |     
      293 |     // Should show confidence indicator after analysis
    > 294 |     await expect(page.locator('.parse-button-container .confidence-indicator.show')).toBeVisible({ timeout: 3000 });
          |                                                                                      ^
      295 |     await expect(page.locator('.parse-button-container .confidence-bar')).toBeVisible();
      296 |     
      297 |     // Button should return to normal state
        at /Users/david/Documents/Figa-Jira-Automations-Tool/figma-ticket-generator/e2e-tests/tests/ui-ux-experience.spec.js:294:86

    attachment #1: screenshot (image/png) ──────────────────────────────────────────────────────────
    ../test-results/ui-ux-experience-UI-UX-Exp-2c5a3--parse-button-functionality-webkit/test-failed-1.png
    ────────────────────────────────────────────────────────────────────────────────────────────────

[...]

    TimeoutError: page.click: Timeout 10000ms exceeded.
    Call log:
      - waiting for locator('[data-tab="generator"]')


      13 |     
      14 |     // Switch to the Figma to Document tab
    > 15 |     await page.click('[data-tab="generator"]');
         |                ^
      16 |     await page.waitForTimeout(500);
      17 |   });
      18 |
        at /Users/david/Documents/Figa-Jira-Automations-Tool/figma-ticket-generator/e2e-tests/tests/enhanced-validation.spec.js:15:16

    attachment #1: screenshot (image/png) ──────────────────────────────────────────────────────────
    ../test-results/enhanced-validation-Enhanc-11432-st-settings-in-localStorage-Mobile-Safari/test-failed-1.png
    ────────────────────────────────────────────────────────────────────────────────────────────────

    attachment #2: video (video/webm) ──────────────────────────────────────────────────────────────
    ../test-results/enhanced-validation-Enhanc-11432-st-settings-in-localStorage-Mobile-Safari/video.webm
    ────────────────────────────────────────────────────────────────────────────────────────────────

    Error Context: ../test-results/enhanced-validation-Enhanc-11432-st-settings-in-localStorage-Mobile-Safari/error-context.md
]]>
</failure>
<system-out>
<![CDATA[
[[ATTACHMENT|test-results/enhanced-validation-Enhanc-11432-st-settings-in-localStorage-Mobile-Safari/test-failed-1.png]]

[[ATTACHMENT|test-results/enhanced-validation-Enhanc-11432-st-settings-in-localStorage-Mobile-Safari/video.webm]]

[[ATTACHMENT|test-results/enhanced-validation-Enhanc-11432-st-settings-in-localStorage-Mobile-Safari/error-context.md]]
]]>
</system-out>
</testcase>
<testcase name="Enhanced Interface Validation @smoke › should have MCP server integration ready" classname="enhanced-validation.spec.js" time="10.818">
<failure message="enhanced-validation.spec.js:110:3 should have MCP server integration ready" type="FAILURE">
<![CDATA[  [Mobile Safari] › enhanced-validation.spec.js:110:3 › Enhanced Interface Validation @smoke › should have MCP server integration ready 

    TimeoutError: page.click: Timeout 10000ms exceeded.
    Call log:
      - waiting for locator('[data-tab="generator"]')


      13 |     
      14 |     // Switch to the Figma to Document tab
    > 15 |     await page.click('[data-tab="generator"]');
         |                ^
      16 |     await page.waitForTimeout(500);
      17 |   });
      18 |
        at /Users/david/Documents/Figa-Jira-Automations-Tool/figma-ticket-generator/e2e-tests/tests/enhanced-validation.spec.js:15:16

    attachment #1: screenshot (image/png) ──────────────────────────────────────────────────────────
    ../test-results/enhanced-validation-Enhanc-00eeb-CP-server-integration-ready-Mobile-Safari/test-failed-1.png
    ────────────────────────────────────────────────────────────────────────────────────────────────

    attachment #2: video (video/webm) ──────────────────────────────────────────────────────────────
    ../test-results/enhanced-validation-Enhanc-00eeb-CP-server-integration-ready-Mobile-Safari/video.webm
    ────────────────────────────────────────────────────────────────────────────────────────────────

    Error Context: ../test-results/enhanced-validation-Enhanc-00eeb-CP-server-integration-ready-Mobile-Safari/error-context.md
]]>
</failure>
<system-out>
<![CDATA[
[[ATTACHMENT|test-results/enhanced-validation-Enhanc-00eeb-CP-server-integration-ready-Mobile-Safari/test-failed-1.png]]

[[ATTACHMENT|test-results/enhanced-validation-Enhanc-00eeb-CP-server-integration-ready-Mobile-Safari/video.webm]]

[[ATTACHMENT|test-results/enhanced-validation-Enhanc-00eeb-CP-server-integration-ready-Mobile-Safari/error-context.md]]
]]>
</system-out>
</testcase>
</testsuite>
<testsuite name="mcp-integration.spec.js" timestamp="2025-10-15T16:55:54.425Z" hostname="Mobile Safari" tests="1" failures="1" skipped="0" time="10.664" errors="0">
<testcase name="MCP Server Integration E2E Testing @critical › should successfully connect to MCP server and receive enhanced responses" classname="mcp-integration.spec.js" time="10.664">
<failure message="mcp-integration.spec.js:10:3 should successfully connect to MCP server and receive enhanced responses" type="FAILURE">
<![CDATA[  [Mobile Safari] › mcp-integration.spec.js:10:3 › MCP Server Integration E2E Testing @critical › should successfully connect to MCP server and receive enhanced responses 

    TimeoutError: page.fill: Timeout 10000ms exceeded.
    Call log:
      - waiting for locator('#techStackInput')


      26 |     
      27 |     // Generate enhanced ticket
    > 28 |     await page.fill('#techStackInput', 'React with TypeScript, Chakra UI, React Query, and Vitest');
         |                ^
      29 |     await page.selectOption('#documentType', 'jira');
      30 |     await page.click('#generateBtn');
      31 |     
        at /Users/david/Documents/Figa-Jira-Automations-Tool/figma-ticket-generator/e2e-tests/tests/mcp-integration.spec.js:28:16

    attachment #1: screenshot (image/png) ──────────────────────────────────────────────────────────
    ../test-results/mcp-integration-MCP-Server-217aa--receive-enhanced-responses-Mobile-Safari/test-failed-1.png
    ────────────────────────────────────────────────────────────────────────────────────────────────

    attachment #2: video (video/webm) ──────────────────────────────────────────────────────────────
    ../test-results/mcp-integration-MCP-Server-217aa--receive-enhanced-responses-Mobile-Safari/video.webm
    ────────────────────────────────────────────────────────────────────────────────────────────────

    Error Context: ../test-results/mcp-integration-MCP-Server-217aa--receive-enhanced-responses-Mobile-Safari/error-context.md
]]>
</failure>
<system-out>
<![CDATA[
[[ATTACHMENT|test-results/mcp-integration-MCP-Server-217aa--receive-enhanced-responses-Mobile-Safari/test-failed-1.png]]

[[ATTACHMENT|test-results/mcp-integration-MCP-Server-217aa--receive-enhanced-responses-Mobile-Safari/video.webm]]

[[ATTACHMENT|test-results/mcp-integration-MCP-Server-217aa--receive-enhanced-responses-Mobile-Safari/error-context.md]]
]]>
</system-out>
</testcase>
</testsuite>
<testsuite name="ui-ux-experience.spec.js" timestamp="2025-10-15T16:55:54.425Z" hostname="Mobile Safari" tests="5" failures="4" skipped="0" time="18.841" errors="0">
<testcase name="UI/UX Experience Testing @smoke › should display confidence indicators with proper styling" classname="ui-ux-experience.spec.js" time="1.818">
<failure message="ui-ux-experience.spec.js:63:3 should display confidence indicators with proper styling" type="FAILURE">
<![CDATA[  [Mobile Safari] › ui-ux-experience.spec.js:63:3 › UI/UX Experience Testing @smoke › should display confidence indicators with proper styling 

    Error: expect(locator).toBeVisible() failed

    Locator: locator('.confidence-indicator')
    Expected: visible
    Error: strict mode violation: locator('.confidence-indicator') resolved to 2 elements:
        1) <div class="confidence-indicator">…</div> aka getByText('Confidence: 0%')
        2) <div class="confidence-indicator">…</div> aka getByText('📊 Confidence: 90%')

    Call log:
      - Expect "toBeVisible" with timeout 5000ms
      - waiting for locator('.confidence-indicator')


      85 |       
      86 |       // Check confidence indicator appears
    > 87 |       await expect(page.locator('.confidence-indicator')).toBeVisible();
         |                                                           ^
      88 |       
      89 |       // Check confidence styling based on level
      90 |       const indicator = page.locator('.confidence-indicator');
        at /Users/david/Documents/Figa-Jira-Automations-Tool/figma-ticket-generator/e2e-tests/tests/ui-ux-experience.spec.js:87:59

    attachment #1: screenshot (image/png) ──────────────────────────────────────────────────────────
    ../test-results/ui-ux-experience-UI-UX-Exp-56438-icators-with-proper-styling-Mobile-Safari/test-failed-1.png
    ────────────────────────────────────────────────────────────────────────────────────────────────

    attachment #2: video (video/webm) ──────────────────────────────────────────────────────────────
    ../test-results/ui-ux-experience-UI-UX-Exp-56438-icators-with-proper-styling-Mobile-Safari/video.webm
    ────────────────────────────────────────────────────────────────────────────────────────────────

    Error Context: ../test-results/ui-ux-experience-UI-UX-Exp-56438-icators-with-proper-styling-Mobile-Safari/error-context.md
]]>
</failure>
<system-out>
<![CDATA[
[[ATTACHMENT|test-results/ui-ux-experience-UI-UX-Exp-56438-icators-with-proper-styling-Mobile-Safari/test-failed-1.png]]

[[ATTACHMENT|test-results/ui-ux-experience-UI-UX-Exp-56438-icators-with-proper-styling-Mobile-Safari/video.webm]]

[[ATTACHMENT|test-results/ui-ux-experience-UI-UX-Exp-56438-icators-with-proper-styling-Mobile-Safari/error-context.md]]
]]>
</system-out>
</testcase>
<testcase name="UI/UX Experience Testing @smoke › should have enhanced tech stack interface with suggestion pills" classname="ui-ux-experience.spec.js" time="0.954">
</testcase>
<testcase name="UI/UX Experience Testing @smoke › should handle tech stack parse button functionality" classname="ui-ux-experience.spec.js" time="4.194">
<failure message="ui-ux-experience.spec.js:273:3 should handle tech stack parse button functionality" type="FAILURE">
<![CDATA[  [Mobile Safari] › ui-ux-experience.spec.js:273:3 › UI/UX Experience Testing @smoke › should handle tech stack parse button functionality 

    Error: expect(locator).toBeVisible() failed

    Locator: locator('.parse-button-container .confidence-indicator.show')
    Expected: visible
    Timeout: 3000ms
    Error: element(s) not found

    Call log:
      - Expect "toBeVisible" with timeout 3000ms
      - waiting for locator('.parse-button-container .confidence-indicator.show')


      292 |     
      293 |     // Should show confidence indicator after analysis
    > 294 |     await expect(page.locator('.parse-button-container .confidence-indicator.show')).toBeVisible({ timeout: 3000 });
          |                                                                                      ^
      295 |     await expect(page.locator('.parse-button-container .confidence-bar')).toBeVisible();
      296 |     
      297 |     // Button should return to normal state
        at /Users/david/Documents/Figa-Jira-Automations-Tool/figma-ticket-generator/e2e-tests/tests/ui-ux-experience.spec.js:294:86

    attachment #1: screenshot (image/png) ──────────────────────────────────────────────────────────
    ../test-results/ui-ux-experience-UI-UX-Exp-2c5a3--parse-button-functionality-Mobile-Safari/test-failed-1.png
    ────────────────────────────────────────────────────────────────────────────────────────────────

    attachment #2: video (video/webm) ──────────────────────────────────────────────────────────────
    ../test-results/ui-ux-experience-UI-UX-Exp-2c5a3--parse-button-functionality-Mobile-Safari/video.webm
    ────────────────────────────────────────────────────────────────────────────────────────────────

    Error Context: ../test-results/ui-ux-experience-UI-UX-Exp-2c5a3--parse-button-functionality-Mobile-Safari/error-context.md
]]>
</failure>
<system-out>
<![CDATA[
[[ATTACHMENT|test-results/ui-ux-experience-UI-UX-Exp-2c5a3--parse-button-functionality-Mobile-Safari/test-failed-1.png]]

[[ATTACHMENT|test-results/ui-ux-experience-UI-UX-Exp-2c5a3--parse-button-functionality-Mobile-Safari/video.webm]]

[[ATTACHMENT|test-results/ui-ux-experience-UI-UX-Exp-2c5a3--parse-button-functionality-Mobile-Safari/error-context.md]]
]]>
</system-out>
</testcase>
<testcase name="UI/UX Experience Testing @smoke › should display different colored suggestion pills for different tech types" classname="ui-ux-experience.spec.js" time="5.968">
<failure message="ui-ux-experience.spec.js:302:3 should display different colored suggestion pills for different tech types" type="FAILURE">
<![CDATA[  [Mobile Safari] › ui-ux-experience.spec.js:302:3 › UI/UX Experience Testing @smoke › should display different colored suggestion pills for different tech types 

    Error: expect(locator).toHaveCSS(expected) failed

    Locator: locator('.suggestions-grid .suggestion-pill[data-type="react"]')
    Expected pattern: /translateY\(-1px\)/
    Received string:  "matrix(1, 0, 0, 1, 0, -1)"
    Timeout: 5000ms

    Call log:
      - Expect "toHaveCSS" with timeout 5000ms
      - waiting for locator('.suggestions-grid .suggestion-pill[data-type="react"]')
        - locator resolved to <div data-type="react" class="suggestion-pill">React + TypeScript + Tailwind</div>
        - unexpected value "matrix(1, 0, 0, 1, 0, -0.066413)"
        - locator resolved to <div data-type="react" class="suggestion-pill">React + TypeScript + Tailwind</div>
        - unexpected value "matrix(1, 0, 0, 1, 0, -0.073053)"
        - locator resolved to <div data-type="react" class="suggestion-pill">React + TypeScript + Tailwind</div>
        - unexpected value "matrix(1, 0, 0, 1, 0, -0.881803)"
        6 × locator resolved to <div data-type="react" class="suggestion-pill">React + TypeScript + Tailwind</div>
          - unexpected value "matrix(1, 0, 0, 1, 0, -1)"


      319 |     // Test hover effects
      320 |     await reactPill.hover();
    > 321 |     await expect(reactPill).toHaveCSS('transform', /translateY\(-1px\)/);
          |                             ^
      322 |   });
      323 |
      324 |   test('should show confidence indicator with proper styling and animation', async ({ page }) => {
        at /Users/david/Documents/Figa-Jira-Automations-Tool/figma-ticket-generator/e2e-tests/tests/ui-ux-experience.spec.js:321:29

    attachment #1: screenshot (image/png) ──────────────────────────────────────────────────────────
    ../test-results/ui-ux-experience-UI-UX-Exp-15b63-ls-for-different-tech-types-Mobile-Safari/test-failed-1.png
    ────────────────────────────────────────────────────────────────────────────────────────────────

    attachment #2: video (video/webm) ──────────────────────────────────────────────────────────────
    ../test-results/ui-ux-experience-UI-UX-Exp-15b63-ls-for-different-tech-types-Mobile-Safari/video.webm
    ────────────────────────────────────────────────────────────────────────────────────────────────

    Error Context: ../test-results/ui-ux-experience-UI-UX-Exp-15b63-ls-for-different-tech-types-Mobile-Safari/error-context.md
]]>
</failure>
<system-out>
<![CDATA[
[[ATTACHMENT|test-results/ui-ux-experience-UI-UX-Exp-15b63-ls-for-different-tech-types-Mobile-Safari/test-failed-1.png]]

[[ATTACHMENT|test-results/ui-ux-experience-UI-UX-Exp-15b63-ls-for-different-tech-types-Mobile-Safari/video.webm]]

[[ATTACHMENT|test-results/ui-ux-experience-UI-UX-Exp-15b63-ls-for-different-tech-types-Mobile-Safari/error-context.md]]
]]>
</system-out>
</testcase>
<testcase name="UI/UX Experience Testing @smoke › should show confidence indicator with proper styling and animation" classname="ui-ux-experience.spec.js" time="5.907">
<failure message="ui-ux-experience.spec.js:324:3 should show confidence indicator with proper styling and animation" type="FAILURE">
<![CDATA[  [Mobile Safari] › ui-ux-experience.spec.js:324:3 › UI/UX Experience Testing @smoke › should show confidence indicator with proper styling and animation 

    Error: expect(locator).toBeVisible() failed

    Locator: locator('.parse-button-container .confidence-indicator.show')
    Expected: visible
    Timeout: 5000ms
    Error: element(s) not found

    Call log:
      - Expect "toBeVisible" with timeout 5000ms
      - waiting for locator('.parse-button-container .confidence-indicator.show')


      327 |     
      328 |     // Wait for confidence indicator to appear
    > 329 |     await expect(page.locator('.parse-button-container .confidence-indicator.show')).toBeVisible();
          |                                                                                      ^
      330 |     
      331 |     // Check confidence bar styling
      332 |     const confidenceBar = page.locator('.parse-button-container .confidence-bar');
        at /Users/david/Documents/Figa-Jira-Automations-Tool/figma-ticket-generator/e2e-tests/tests/ui-ux-experience.spec.js:329:86

    attachment #1: screenshot (image/png) ──────────────────────────────────────────────────────────
    ../test-results/ui-ux-experience-UI-UX-Exp-eb767-roper-styling-and-animation-Mobile-Safari/test-failed-1.png
    ────────────────────────────────────────────────────────────────────────────────────────────────

    attachment #2: video (video/webm) ──────────────────────────────────────────────────────────────
    ../test-results/ui-ux-experience-UI-UX-Exp-eb767-roper-styling-and-animation-Mobile-Safari/video.webm
    ────────────────────────────────────────────────────────────────────────────────────────────────

    Error Context: ../test-results/ui-ux-experience-UI-UX-Exp-eb767-roper-styling-and-animation-Mobile-Safari/error-context.md
]]>
</failure>
<system-out>
<![CDATA[
[[ATTACHMENT|test-results/ui-ux-experience-UI-UX-Exp-eb767-roper-styling-and-animation-Mobile-Safari/test-failed-1.png]]

[[ATTACHMENT|test-results/ui-ux-experience-UI-UX-Exp-eb767-roper-styling-and-animation-Mobile-Safari/video.webm]]

[[ATTACHMENT|test-results/ui-ux-experience-UI-UX-Exp-eb767-roper-styling-and-animation-Mobile-Safari/error-context.md]]
]]>
</system-out>
</testcase>
</testsuite>
<testsuite name="visual-interactive.spec.js" timestamp="2025-10-15T16:55:54.425Z" hostname="Mobile Safari" tests="1" failures="1" skipped="0" time="10.776" errors="0">
<testcase name="Visual Regression Testing › should match confidence indicator appearance" classname="visual-interactive.spec.js" time="10.776">
<failure message="visual-interactive.spec.js:22:3 should match confidence indicator appearance" type="FAILURE">
<![CDATA[  [Mobile Safari] › visual-interactive.spec.js:22:3 › Visual Regression Testing › should match confidence indicator appearance 

    TimeoutError: page.fill: Timeout 10000ms exceeded.
    Call log:
      - waiting for locator('#techStackInput')


      22 |   test('should match confidence indicator appearance', async ({ page }) => {
      23 |     // Fill input to trigger confidence indicator
    > 24 |     await page.fill('#techStackInput', 'React with TypeScript, Material-UI, and Jest');
         |                ^
      25 |     await page.dispatchEvent('#techStackInput', 'input');
      26 |     
      27 |     // Wait for parsing and confidence indicator
        at /Users/david/Documents/Figa-Jira-Automations-Tool/figma-ticket-generator/e2e-tests/tests/visual-interactive.spec.js:24:16

    attachment #1: screenshot (image/png) ──────────────────────────────────────────────────────────
    ../test-results/visual-interactive-Visual--e9c49-idence-indicator-appearance-Mobile-Safari/test-failed-1.png
    ────────────────────────────────────────────────────────────────────────────────────────────────

    attachment #2: video (video/webm) ──────────────────────────────────────────────────────────────
    ../test-results/visual-interactive-Visual--e9c49-idence-indicator-appearance-Mobile-Safari/video.webm
    ────────────────────────────────────────────────────────────────────────────────────────────────

    Error Context: ../test-results/visual-interactive-Visual--e9c49-idence-indicator-appearance-Mobile-Safari/error-context.md
]]>
</failure>
<system-out>
<![CDATA[
[[ATTACHMENT|test-results/visual-interactive-Visual--e9c49-idence-indicator-appearance-Mobile-Safari/test-failed-1.png]]

[[ATTACHMENT|test-results/visual-interactive-Visual--e9c49-idence-indicator-appearance-Mobile-Safari/video.webm]]

[[ATTACHMENT|test-results/visual-interactive-Visual--e9c49-idence-indicator-appearance-Mobile-Safari/error-context.md]]
]]>
</system-out>
</testcase>
</testsuite>
</testsuites>