{"/Users/david/Documents/Figa-Jira-Automations-Tool/figma-ticket-generator/core/logging/logger.js": {"path":"/Users/david/Documents/Figa-Jira-Automations-Tool/figma-ticket-generator/core/logging/logger.js","statementMap":{"0":{"start":{"line":10,"column":18},"end":{"line":10,"column":49}},"1":{"start":{"line":11,"column":18},"end":{"line":11,"column":42}},"2":{"start":{"line":15,"column":4},"end":{"line":21,"column":null}},"3":{"start":{"line":23,"column":4},"end":{"line":30,"column":null}},"4":{"start":{"line":32,"column":4},"end":{"line":32,"column":null}},"5":{"start":{"line":33,"column":4},"end":{"line":33,"column":null}},"6":{"start":{"line":34,"column":4},"end":{"line":34,"column":null}},"7":{"start":{"line":35,"column":4},"end":{"line":35,"column":null}},"8":{"start":{"line":36,"column":4},"end":{"line":36,"column":null}},"9":{"start":{"line":38,"column":4},"end":{"line":38,"column":null}},"10":{"start":{"line":39,"column":4},"end":{"line":39,"column":null}},"11":{"start":{"line":40,"column":4},"end":{"line":40,"column":null}},"12":{"start":{"line":41,"column":4},"end":{"line":41,"column":null}},"13":{"start":{"line":42,"column":4},"end":{"line":42,"column":null}},"14":{"start":{"line":45,"column":4},"end":{"line":50,"column":null}},"15":{"start":{"line":54,"column":20},"end":{"line":54,"column":54}},"16":{"start":{"line":55,"column":4},"end":{"line":57,"column":null}},"17":{"start":{"line":56,"column":6},"end":{"line":56,"column":null}},"18":{"start":{"line":61,"column":4},"end":{"line":61,"column":null}},"19":{"start":{"line":65,"column":4},"end":{"line":65,"column":null}},"20":{"start":{"line":69,"column":22},"end":{"line":69,"column":46}},"21":{"start":{"line":70,"column":24},"end":{"line":74,"column":5}},"22":{"start":{"line":76,"column":4},"end":{"line":83,"column":null}},"23":{"start":{"line":87,"column":18},"end":{"line":87,"column":57}},"24":{"start":{"line":88,"column":23},"end":{"line":88,"column":40}},"25":{"start":{"line":90,"column":4},"end":{"line":93,"column":null}},"26":{"start":{"line":97,"column":4},"end":{"line":97,"column":null}},"27":{"start":{"line":97,"column":26},"end":{"line":97,"column":33}},"28":{"start":{"line":99,"column":4},"end":{"line":104,"column":null}},"29":{"start":{"line":100,"column":22},"end":{"line":100,"column":59}},"30":{"start":{"line":101,"column":6},"end":{"line":101,"column":null}},"31":{"start":{"line":103,"column":6},"end":{"line":103,"column":null}},"32":{"start":{"line":108,"column":4},"end":{"line":108,"column":null}},"33":{"start":{"line":108,"column":33},"end":{"line":108,"column":40}},"34":{"start":{"line":110,"column":27},"end":{"line":110,"column":71}},"35":{"start":{"line":112,"column":4},"end":{"line":112,"column":null}},"36":{"start":{"line":113,"column":4},"end":{"line":113,"column":null}},"37":{"start":{"line":116,"column":4},"end":{"line":120,"column":null}},"38":{"start":{"line":117,"column":6},"end":{"line":117,"column":null}},"39":{"start":{"line":118,"column":11},"end":{"line":120,"column":null}},"40":{"start":{"line":119,"column":6},"end":{"line":119,"column":null}},"41":{"start":{"line":124,"column":4},"end":{"line":124,"column":null}},"42":{"start":{"line":128,"column":4},"end":{"line":128,"column":null}},"43":{"start":{"line":132,"column":4},"end":{"line":132,"column":null}},"44":{"start":{"line":136,"column":4},"end":{"line":136,"column":null}},"45":{"start":{"line":140,"column":4},"end":{"line":140,"column":null}},"46":{"start":{"line":145,"column":4},"end":{"line":145,"column":null}},"47":{"start":{"line":146,"column":22},"end":{"line":146,"column":64}},"48":{"start":{"line":148,"column":4},"end":{"line":158,"column":null}},"49":{"start":{"line":160,"column":4},"end":{"line":160,"column":null}},"50":{"start":{"line":164,"column":4},"end":{"line":171,"column":null}},"51":{"start":{"line":176,"column":22},"end":{"line":176,"column":45}},"52":{"start":{"line":177,"column":4},"end":{"line":177,"column":null}},"53":{"start":{"line":179,"column":4},"end":{"line":183,"column":null}},"54":{"start":{"line":185,"column":4},"end":{"line":185,"column":null}},"55":{"start":{"line":189,"column":22},"end":{"line":189,"column":56}},"56":{"start":{"line":190,"column":4},"end":{"line":193,"column":null}},"57":{"start":{"line":191,"column":6},"end":{"line":191,"column":null}},"58":{"start":{"line":192,"column":6},"end":{"line":192,"column":null}},"59":{"start":{"line":195,"column":20},"end":{"line":195,"column":43}},"60":{"start":{"line":196,"column":21},"end":{"line":196,"column":58}},"61":{"start":{"line":198,"column":4},"end":{"line":198,"column":null}},"62":{"start":{"line":200,"column":4},"end":{"line":205,"column":null}},"63":{"start":{"line":207,"column":4},"end":{"line":207,"column":null}},"64":{"start":{"line":212,"column":21},"end":{"line":212,"column":42}},"65":{"start":{"line":213,"column":21},"end":{"line":213,"column":39}},"66":{"start":{"line":215,"column":4},"end":{"line":230,"column":null}},"67":{"start":{"line":235,"column":4},"end":{"line":243,"column":null}},"68":{"start":{"line":248,"column":4},"end":{"line":254,"column":null}},"69":{"start":{"line":258,"column":4},"end":{"line":265,"column":null}},"70":{"start":{"line":270,"column":4},"end":{"line":275,"column":null}},"71":{"start":{"line":280,"column":18},"end":{"line":280,"column":83}},"72":{"start":{"line":282,"column":4},"end":{"line":288,"column":null}},"73":{"start":{"line":293,"column":22},"end":{"line":293,"column":60}},"74":{"start":{"line":294,"column":18},"end":{"line":294,"column":78}},"75":{"start":{"line":296,"column":4},"end":{"line":302,"column":null}},"76":{"start":{"line":297,"column":6},"end":{"line":301,"column":null}},"77":{"start":{"line":298,"column":28},"end":{"line":298,"column":69}},"78":{"start":{"line":299,"column":8},"end":{"line":299,"column":null}},"79":{"start":{"line":300,"column":8},"end":{"line":300,"column":null}},"80":{"start":{"line":308,"column":4},"end":{"line":312,"column":null}},"81":{"start":{"line":317,"column":20},"end":{"line":317,"column":54}},"82":{"start":{"line":318,"column":23},"end":{"line":318,"column":33}},"83":{"start":{"line":319,"column":4},"end":{"line":319,"column":null}},"84":{"start":{"line":321,"column":4},"end":{"line":342,"column":null}},"85":{"start":{"line":322,"column":20},"end":{"line":322,"column":43}},"86":{"start":{"line":323,"column":25},"end":{"line":323,"column":26}},"87":{"start":{"line":325,"column":6},"end":{"line":333,"column":null}},"88":{"start":{"line":326,"column":25},"end":{"line":326,"column":49}},"89":{"start":{"line":327,"column":22},"end":{"line":327,"column":43}},"90":{"start":{"line":329,"column":8},"end":{"line":332,"column":null}},"91":{"start":{"line":330,"column":10},"end":{"line":330,"column":null}},"92":{"start":{"line":331,"column":10},"end":{"line":331,"column":null}},"93":{"start":{"line":335,"column":6},"end":{"line":339,"column":null}},"94":{"start":{"line":341,"column":6},"end":{"line":341,"column":null}},"95":{"start":{"line":347,"column":15},"end":{"line":347,"column":27}}},"fnMap":{"0":{"name":"(anonymous_0)","decl":{"start":{"line":14,"column":2},"end":{"line":14,"column":13}},"loc":{"start":{"line":14,"column":16},"end":{"line":51,"column":null}},"line":14},"1":{"name":"(anonymous_1)","decl":{"start":{"line":53,"column":2},"end":{"line":53,"column":24}},"loc":{"start":{"line":53,"column":27},"end":{"line":58,"column":null}},"line":53},"2":{"name":"(anonymous_2)","decl":{"start":{"line":60,"column":2},"end":{"line":60,"column":19}},"loc":{"start":{"line":60,"column":22},"end":{"line":62,"column":null}},"line":60},"3":{"name":"(anonymous_3)","decl":{"start":{"line":64,"column":2},"end":{"line":64,"column":11}},"loc":{"start":{"line":64,"column":19},"end":{"line":66,"column":null}},"line":64},"4":{"name":"(anonymous_4)","decl":{"start":{"line":68,"column":2},"end":{"line":68,"column":16}},"loc":{"start":{"line":68,"column":47},"end":{"line":84,"column":null}},"line":68},"5":{"name":"(anonymous_5)","decl":{"start":{"line":86,"column":2},"end":{"line":86,"column":16}},"loc":{"start":{"line":86,"column":40},"end":{"line":94,"column":null}},"line":86},"6":{"name":"(anonymous_6)","decl":{"start":{"line":96,"column":2},"end":{"line":96,"column":13}},"loc":{"start":{"line":96,"column":55},"end":{"line":105,"column":null}},"line":96},"7":{"name":"(anonymous_7)","decl":{"start":{"line":107,"column":2},"end":{"line":107,"column":5}},"loc":{"start":{"line":107,"column":36},"end":{"line":121,"column":null}},"line":107},"8":{"name":"(anonymous_8)","decl":{"start":{"line":123,"column":2},"end":{"line":123,"column":7}},"loc":{"start":{"line":123,"column":31},"end":{"line":125,"column":null}},"line":123},"9":{"name":"(anonymous_9)","decl":{"start":{"line":127,"column":2},"end":{"line":127,"column":6}},"loc":{"start":{"line":127,"column":30},"end":{"line":129,"column":null}},"line":127},"10":{"name":"(anonymous_10)","decl":{"start":{"line":131,"column":2},"end":{"line":131,"column":6}},"loc":{"start":{"line":131,"column":30},"end":{"line":133,"column":null}},"line":131},"11":{"name":"(anonymous_11)","decl":{"start":{"line":135,"column":2},"end":{"line":135,"column":7}},"loc":{"start":{"line":135,"column":31},"end":{"line":137,"column":null}},"line":135},"12":{"name":"(anonymous_12)","decl":{"start":{"line":139,"column":2},"end":{"line":139,"column":10}},"loc":{"start":{"line":139,"column":34},"end":{"line":141,"column":null}},"line":139},"13":{"name":"(anonymous_13)","decl":{"start":{"line":144,"column":2},"end":{"line":144,"column":12}},"loc":{"start":{"line":144,"column":32},"end":{"line":161,"column":null}},"line":144},"14":{"name":"(anonymous_14)","decl":{"start":{"line":163,"column":2},"end":{"line":163,"column":13}},"loc":{"start":{"line":163,"column":58},"end":{"line":172,"column":null}},"line":163},"15":{"name":"(anonymous_15)","decl":{"start":{"line":175,"column":2},"end":{"line":175,"column":12}},"loc":{"start":{"line":175,"column":20},"end":{"line":186,"column":null}},"line":175},"16":{"name":"(anonymous_16)","decl":{"start":{"line":188,"column":2},"end":{"line":188,"column":10}},"loc":{"start":{"line":188,"column":32},"end":{"line":208,"column":null}},"line":188},"17":{"name":"(anonymous_17)","decl":{"start":{"line":211,"column":2},"end":{"line":211,"column":17}},"loc":{"start":{"line":211,"column":20},"end":{"line":231,"column":null}},"line":211},"18":{"name":"(anonymous_18)","decl":{"start":{"line":234,"column":2},"end":{"line":234,"column":10}},"loc":{"start":{"line":234,"column":32},"end":{"line":244,"column":null}},"line":234},"19":{"name":"(anonymous_19)","decl":{"start":{"line":247,"column":2},"end":{"line":247,"column":14}},"loc":{"start":{"line":247,"column":46},"end":{"line":255,"column":null}},"line":247},"20":{"name":"(anonymous_20)","decl":{"start":{"line":257,"column":2},"end":{"line":257,"column":15}},"loc":{"start":{"line":257,"column":63},"end":{"line":266,"column":null}},"line":257},"21":{"name":"(anonymous_21)","decl":{"start":{"line":269,"column":2},"end":{"line":269,"column":21}},"loc":{"start":{"line":269,"column":52},"end":{"line":276,"column":null}},"line":269},"22":{"name":"(anonymous_22)","decl":{"start":{"line":279,"column":2},"end":{"line":279,"column":18}},"loc":{"start":{"line":279,"column":61},"end":{"line":289,"column":null}},"line":279},"23":{"name":"(anonymous_23)","decl":{"start":{"line":292,"column":2},"end":{"line":292,"column":12}},"loc":{"start":{"line":292,"column":15},"end":{"line":303,"column":null}},"line":292},"24":{"name":"(anonymous_24)","decl":{"start":{"line":296,"column":18},"end":{"line":296,"column":22}},"loc":{"start":{"line":296,"column":26},"end":{"line":302,"column":5}},"line":296},"25":{"name":"(anonymous_25)","decl":{"start":{"line":306,"column":2},"end":{"line":306,"column":12}},"loc":{"start":{"line":306,"column":33},"end":{"line":313,"column":null}},"line":306},"26":{"name":"(anonymous_26)","decl":{"start":{"line":316,"column":2},"end":{"line":316,"column":16}},"loc":{"start":{"line":316,"column":34},"end":{"line":343,"column":null}},"line":316},"27":{"name":"(anonymous_27)","decl":{"start":{"line":325,"column":20},"end":{"line":325,"column":24}},"loc":{"start":{"line":325,"column":28},"end":{"line":333,"column":7}},"line":325}},"branchMap":{"0":{"loc":{"start":{"line":32,"column":24},"end":{"line":32,"column":55}},"type":"binary-expr","locations":[{"start":{"line":32,"column":24},"end":{"line":32,"column":45}},{"start":{"line":32,"column":49},"end":{"line":32,"column":55}}],"line":32},"1":{"loc":{"start":{"line":55,"column":4},"end":{"line":57,"column":null}},"type":"if","locations":[{"start":{"line":55,"column":4},"end":{"line":57,"column":null}},{"start":{},"end":{}}],"line":55},"2":{"loc":{"start":{"line":68,"column":33},"end":{"line":68,"column":45}},"type":"default-arg","locations":[{"start":{"line":68,"column":43},"end":{"line":68,"column":45}}],"line":68},"3":{"loc":{"start":{"line":87,"column":18},"end":{"line":87,"column":57}},"type":"binary-expr","locations":[{"start":{"line":87,"column":18},"end":{"line":87,"column":36}},{"start":{"line":87,"column":40},"end":{"line":87,"column":57}}],"line":87},"4":{"loc":{"start":{"line":96,"column":30},"end":{"line":96,"column":53}},"type":"default-arg","locations":[{"start":{"line":96,"column":41},"end":{"line":96,"column":53}}],"line":96},"5":{"loc":{"start":{"line":97,"column":4},"end":{"line":97,"column":null}},"type":"if","locations":[{"start":{"line":97,"column":4},"end":{"line":97,"column":null}},{"start":{},"end":{}}],"line":97},"6":{"loc":{"start":{"line":107,"column":22},"end":{"line":107,"column":34}},"type":"default-arg","locations":[{"start":{"line":107,"column":32},"end":{"line":107,"column":34}}],"line":107},"7":{"loc":{"start":{"line":108,"column":4},"end":{"line":108,"column":null}},"type":"if","locations":[{"start":{"line":108,"column":4},"end":{"line":108,"column":null}},{"start":{},"end":{}}],"line":108},"8":{"loc":{"start":{"line":116,"column":4},"end":{"line":120,"column":null}},"type":"if","locations":[{"start":{"line":116,"column":4},"end":{"line":120,"column":null}},{"start":{"line":118,"column":11},"end":{"line":120,"column":null}}],"line":116},"9":{"loc":{"start":{"line":118,"column":11},"end":{"line":120,"column":null}},"type":"if","locations":[{"start":{"line":118,"column":11},"end":{"line":120,"column":null}},{"start":{},"end":{}}],"line":118},"10":{"loc":{"start":{"line":123,"column":17},"end":{"line":123,"column":29}},"type":"default-arg","locations":[{"start":{"line":123,"column":27},"end":{"line":123,"column":29}}],"line":123},"11":{"loc":{"start":{"line":127,"column":16},"end":{"line":127,"column":28}},"type":"default-arg","locations":[{"start":{"line":127,"column":26},"end":{"line":127,"column":28}}],"line":127},"12":{"loc":{"start":{"line":131,"column":16},"end":{"line":131,"column":28}},"type":"default-arg","locations":[{"start":{"line":131,"column":26},"end":{"line":131,"column":28}}],"line":131},"13":{"loc":{"start":{"line":135,"column":17},"end":{"line":135,"column":29}},"type":"default-arg","locations":[{"start":{"line":135,"column":27},"end":{"line":135,"column":29}}],"line":135},"14":{"loc":{"start":{"line":139,"column":20},"end":{"line":139,"column":32}},"type":"default-arg","locations":[{"start":{"line":139,"column":30},"end":{"line":139,"column":32}}],"line":139},"15":{"loc":{"start":{"line":144,"column":18},"end":{"line":144,"column":30}},"type":"default-arg","locations":[{"start":{"line":144,"column":28},"end":{"line":144,"column":30}}],"line":144},"16":{"loc":{"start":{"line":163,"column":44},"end":{"line":163,"column":56}},"type":"default-arg","locations":[{"start":{"line":163,"column":54},"end":{"line":163,"column":56}}],"line":163},"17":{"loc":{"start":{"line":188,"column":18},"end":{"line":188,"column":30}},"type":"default-arg","locations":[{"start":{"line":188,"column":28},"end":{"line":188,"column":30}}],"line":188},"18":{"loc":{"start":{"line":190,"column":4},"end":{"line":193,"column":null}},"type":"if","locations":[{"start":{"line":190,"column":4},"end":{"line":193,"column":null}},{"start":{},"end":{}}],"line":190},"19":{"loc":{"start":{"line":234,"column":18},"end":{"line":234,"column":30}},"type":"default-arg","locations":[{"start":{"line":234,"column":28},"end":{"line":234,"column":30}}],"line":234},"20":{"loc":{"start":{"line":247,"column":32},"end":{"line":247,"column":44}},"type":"default-arg","locations":[{"start":{"line":247,"column":42},"end":{"line":247,"column":44}}],"line":247},"21":{"loc":{"start":{"line":251,"column":20},"end":{"line":251,"column":39}},"type":"binary-expr","locations":[{"start":{"line":251,"column":20},"end":{"line":251,"column":34}},{"start":{"line":251,"column":38},"end":{"line":251,"column":39}}],"line":251},"22":{"loc":{"start":{"line":257,"column":49},"end":{"line":257,"column":61}},"type":"default-arg","locations":[{"start":{"line":257,"column":59},"end":{"line":257,"column":61}}],"line":257},"23":{"loc":{"start":{"line":262,"column":22},"end":{"line":262,"column":43}},"type":"binary-expr","locations":[{"start":{"line":262,"column":22},"end":{"line":262,"column":38}},{"start":{"line":262,"column":42},"end":{"line":262,"column":43}}],"line":262},"24":{"loc":{"start":{"line":269,"column":38},"end":{"line":269,"column":50}},"type":"default-arg","locations":[{"start":{"line":269,"column":48},"end":{"line":269,"column":50}}],"line":269},"25":{"loc":{"start":{"line":279,"column":47},"end":{"line":279,"column":59}},"type":"default-arg","locations":[{"start":{"line":279,"column":57},"end":{"line":279,"column":59}}],"line":279},"26":{"loc":{"start":{"line":280,"column":18},"end":{"line":280,"column":83}},"type":"cond-expr","locations":[{"start":{"line":280,"column":38},"end":{"line":280,"column":44}},{"start":{"line":280,"column":47},"end":{"line":280,"column":83}}],"line":280},"27":{"loc":{"start":{"line":280,"column":47},"end":{"line":280,"column":83}},"type":"cond-expr","locations":[{"start":{"line":280,"column":67},"end":{"line":280,"column":74}},{"start":{"line":280,"column":77},"end":{"line":280,"column":83}}],"line":280},"28":{"loc":{"start":{"line":297,"column":6},"end":{"line":301,"column":null}},"type":"if","locations":[{"start":{"line":297,"column":6},"end":{"line":301,"column":null}},{"start":{},"end":{}}],"line":297},"29":{"loc":{"start":{"line":316,"column":17},"end":{"line":316,"column":32}},"type":"default-arg","locations":[{"start":{"line":316,"column":30},"end":{"line":316,"column":32}}],"line":316},"30":{"loc":{"start":{"line":329,"column":8},"end":{"line":332,"column":null}},"type":"if","locations":[{"start":{"line":329,"column":8},"end":{"line":332,"column":null}},{"start":{},"end":{}}],"line":329}},"s":{"0":1,"1":1,"2":1,"3":1,"4":1,"5":1,"6":1,"7":1,"8":1,"9":1,"10":1,"11":1,"12":1,"13":1,"14":1,"15":1,"16":1,"17":0,"18":1,"19":5,"20":1,"21":1,"22":1,"23":1,"24":1,"25":1,"26":1,"27":1,"28":0,"29":0,"30":0,"31":0,"32":5,"33":4,"34":1,"35":1,"36":1,"37":1,"38":0,"39":1,"40":0,"41":1,"42":3,"43":0,"44":1,"45":0,"46":0,"47":0,"48":0,"49":0,"50":0,"51":1,"52":1,"53":1,"54":1,"55":1,"56":1,"57":0,"58":0,"59":1,"60":1,"61":1,"62":1,"63":1,"64":0,"65":0,"66":0,"67":1,"68":0,"69":0,"70":0,"71":0,"72":0,"73":0,"74":0,"75":0,"76":0,"77":0,"78":0,"79":0,"80":0,"81":0,"82":0,"83":0,"84":0,"85":0,"86":0,"87":0,"88":0,"89":0,"90":0,"91":0,"92":0,"93":0,"94":0,"95":1},"f":{"0":1,"1":1,"2":1,"3":5,"4":1,"5":1,"6":1,"7":5,"8":1,"9":3,"10":0,"11":1,"12":0,"13":0,"14":0,"15":1,"16":1,"17":0,"18":1,"19":0,"20":0,"21":0,"22":0,"23":0,"24":0,"25":0,"26":0,"27":0},"b":{"0":[1,0],"1":[0,1],"2":[1],"3":[1,0],"4":[1],"5":[1,0],"6":[5],"7":[4,1],"8":[0,1],"9":[0,1],"10":[1],"11":[3],"12":[0],"13":[1],"14":[0],"15":[0],"16":[0],"17":[1],"18":[0,1],"19":[1],"20":[0],"21":[0,0],"22":[0],"23":[0,0],"24":[0],"25":[0],"26":[0,0],"27":[0,0],"28":[0,0],"29":[0],"30":[0,0]},"meta":{"lastBranch":31,"lastFunction":28,"lastStatement":96,"seen":{"s:10:18:10:49":0,"s:11:18:11:42":1,"f:14:2:14:13":0,"s:15:4:21:Infinity":2,"s:23:4:30:Infinity":3,"s:32:4:32:Infinity":4,"b:32:24:32:45:32:49:32:55":0,"s:33:4:33:Infinity":5,"s:34:4:34:Infinity":6,"s:35:4:35:Infinity":7,"s:36:4:36:Infinity":8,"s:38:4:38:Infinity":9,"s:39:4:39:Infinity":10,"s:40:4:40:Infinity":11,"s:41:4:41:Infinity":12,"s:42:4:42:Infinity":13,"s:45:4:50:Infinity":14,"f:53:2:53:24":1,"s:54:20:54:54":15,"b:55:4:57:Infinity:undefined:undefined:undefined:undefined":1,"s:55:4:57:Infinity":16,"s:56:6:56:Infinity":17,"f:60:2:60:19":2,"s:61:4:61:Infinity":18,"f:64:2:64:11":3,"s:65:4:65:Infinity":19,"f:68:2:68:16":4,"b:68:43:68:45":2,"s:69:22:69:46":20,"s:70:24:74:5":21,"s:76:4:83:Infinity":22,"f:86:2:86:16":5,"s:87:18:87:57":23,"b:87:18:87:36:87:40:87:57":3,"s:88:23:88:40":24,"s:90:4:93:Infinity":25,"f:96:2:96:13":6,"b:96:41:96:53":4,"b:97:4:97:Infinity:undefined:undefined:undefined:undefined":5,"s:97:4:97:Infinity":26,"s:97:26:97:33":27,"s:99:4:104:Infinity":28,"s:100:22:100:59":29,"s:101:6:101:Infinity":30,"s:103:6:103:Infinity":31,"f:107:2:107:5":7,"b:107:32:107:34":6,"b:108:4:108:Infinity:undefined:undefined:undefined:undefined":7,"s:108:4:108:Infinity":32,"s:108:33:108:40":33,"s:110:27:110:71":34,"s:112:4:112:Infinity":35,"s:113:4:113:Infinity":36,"b:116:4:120:Infinity:118:11:120:Infinity":8,"s:116:4:120:Infinity":37,"s:117:6:117:Infinity":38,"b:118:11:120:Infinity:undefined:undefined:undefined:undefined":9,"s:118:11:120:Infinity":39,"s:119:6:119:Infinity":40,"f:123:2:123:7":8,"b:123:27:123:29":10,"s:124:4:124:Infinity":41,"f:127:2:127:6":9,"b:127:26:127:28":11,"s:128:4:128:Infinity":42,"f:131:2:131:6":10,"b:131:26:131:28":12,"s:132:4:132:Infinity":43,"f:135:2:135:7":11,"b:135:27:135:29":13,"s:136:4:136:Infinity":44,"f:139:2:139:10":12,"b:139:30:139:32":14,"s:140:4:140:Infinity":45,"f:144:2:144:12":13,"b:144:28:144:30":15,"s:145:4:145:Infinity":46,"s:146:22:146:64":47,"s:148:4:158:Infinity":48,"s:160:4:160:Infinity":49,"f:163:2:163:13":14,"b:163:54:163:56":16,"s:164:4:171:Infinity":50,"f:175:2:175:12":15,"s:176:22:176:45":51,"s:177:4:177:Infinity":52,"s:179:4:183:Infinity":53,"s:185:4:185:Infinity":54,"f:188:2:188:10":16,"b:188:28:188:30":17,"s:189:22:189:56":55,"b:190:4:193:Infinity:undefined:undefined:undefined:undefined":18,"s:190:4:193:Infinity":56,"s:191:6:191:Infinity":57,"s:192:6:192:Infinity":58,"s:195:20:195:43":59,"s:196:21:196:58":60,"s:198:4:198:Infinity":61,"s:200:4:205:Infinity":62,"s:207:4:207:Infinity":63,"f:211:2:211:17":17,"s:212:21:212:42":64,"s:213:21:213:39":65,"s:215:4:230:Infinity":66,"f:234:2:234:10":18,"b:234:28:234:30":19,"s:235:4:243:Infinity":67,"f:247:2:247:14":19,"b:247:42:247:44":20,"s:248:4:254:Infinity":68,"b:251:20:251:34:251:38:251:39":21,"f:257:2:257:15":20,"b:257:59:257:61":22,"s:258:4:265:Infinity":69,"b:262:22:262:38:262:42:262:43":23,"f:269:2:269:21":21,"b:269:48:269:50":24,"s:270:4:275:Infinity":70,"f:279:2:279:18":22,"b:279:57:279:59":25,"s:280:18:280:83":71,"b:280:38:280:44:280:47:280:83":26,"b:280:67:280:74:280:77:280:83":27,"s:282:4:288:Infinity":72,"f:292:2:292:12":23,"s:293:22:293:60":73,"s:294:18:294:78":74,"s:296:4:302:Infinity":75,"f:296:18:296:22":24,"b:297:6:301:Infinity:undefined:undefined:undefined:undefined":28,"s:297:6:301:Infinity":76,"s:298:28:298:69":77,"s:299:8:299:Infinity":78,"s:300:8:300:Infinity":79,"f:306:2:306:12":25,"s:308:4:312:Infinity":80,"f:316:2:316:16":26,"b:316:30:316:32":29,"s:317:20:317:54":81,"s:318:23:318:33":82,"s:319:4:319:Infinity":83,"s:321:4:342:Infinity":84,"s:322:20:322:43":85,"s:323:25:323:26":86,"s:325:6:333:Infinity":87,"f:325:20:325:24":27,"s:326:25:326:49":88,"s:327:22:327:43":89,"b:329:8:332:Infinity:undefined:undefined:undefined:undefined":30,"s:329:8:332:Infinity":90,"s:330:10:330:Infinity":91,"s:331:10:331:Infinity":92,"s:335:6:339:Infinity":93,"s:341:6:341:Infinity":94,"s:347:15:347:27":95}}}
}
