TN:
SF:core/logging/logger.js
FN:14,(anonymous_0)
FN:53,(anonymous_1)
FN:60,(anonymous_2)
FN:64,(anonymous_3)
FN:68,(anonymous_4)
FN:86,(anonymous_5)
FN:96,(anonymous_6)
FN:107,(anonymous_7)
FN:123,(anonymous_8)
FN:127,(anonymous_9)
FN:131,(anonymous_10)
FN:135,(anonymous_11)
FN:139,(anonymous_12)
FN:144,(anonymous_13)
FN:163,(anonymous_14)
FN:175,(anonymous_15)
FN:188,(anonymous_16)
FN:211,(anonymous_17)
FN:234,(anonymous_18)
FN:247,(anonymous_19)
FN:257,(anonymous_20)
FN:269,(anonymous_21)
FN:279,(anonymous_22)
FN:292,(anonymous_23)
FN:296,(anonymous_24)
FN:306,(anonymous_25)
FN:316,(anonymous_26)
FN:325,(anonymous_27)
FNF:28
FNH:14
FNDA:1,(anonymous_0)
FNDA:1,(anonymous_1)
FNDA:1,(anonymous_2)
FNDA:5,(anonymous_3)
FNDA:1,(anonymous_4)
FNDA:1,(anonymous_5)
FNDA:1,(anonymous_6)
FNDA:5,(anonymous_7)
FNDA:1,(anonymous_8)
FNDA:3,(anonymous_9)
FNDA:0,(anonymous_10)
FNDA:1,(anonymous_11)
FNDA:0,(anonymous_12)
FNDA:0,(anonymous_13)
FNDA:0,(anonymous_14)
FNDA:1,(anonymous_15)
FNDA:1,(anonymous_16)
FNDA:0,(anonymous_17)
FNDA:1,(anonymous_18)
FNDA:0,(anonymous_19)
FNDA:0,(anonymous_20)
FNDA:0,(anonymous_21)
FNDA:0,(anonymous_22)
FNDA:0,(anonymous_23)
FNDA:0,(anonymous_24)
FNDA:0,(anonymous_25)
FNDA:0,(anonymous_26)
FNDA:0,(anonymous_27)
DA:10,1
DA:11,1
DA:15,1
DA:23,1
DA:32,1
DA:33,1
DA:34,1
DA:35,1
DA:36,1
DA:38,1
DA:39,1
DA:40,1
DA:41,1
DA:42,1
DA:45,1
DA:54,1
DA:55,1
DA:56,0
DA:61,1
DA:65,5
DA:69,1
DA:70,1
DA:76,1
DA:87,1
DA:88,1
DA:90,1
DA:97,1
DA:99,0
DA:100,0
DA:101,0
DA:103,0
DA:108,5
DA:110,1
DA:112,1
DA:113,1
DA:116,1
DA:117,0
DA:118,1
DA:119,0
DA:124,1
DA:128,3
DA:132,0
DA:136,1
DA:140,0
DA:145,0
DA:146,0
DA:148,0
DA:160,0
DA:164,0
DA:176,1
DA:177,1
DA:179,1
DA:185,1
DA:189,1
DA:190,1
DA:191,0
DA:192,0
DA:195,1
DA:196,1
DA:198,1
DA:200,1
DA:207,1
DA:212,0
DA:213,0
DA:215,0
DA:235,1
DA:248,0
DA:258,0
DA:270,0
DA:280,0
DA:282,0
DA:293,0
DA:294,0
DA:296,0
DA:297,0
DA:298,0
DA:299,0
DA:300,0
DA:308,0
DA:317,0
DA:318,0
DA:319,0
DA:321,0
DA:322,0
DA:323,0
DA:325,0
DA:326,0
DA:327,0
DA:329,0
DA:330,0
DA:331,0
DA:335,0
DA:341,0
DA:347,1
LF:94
LH:48
BRDA:32,0,0,1
BRDA:32,0,1,0
BRDA:55,1,0,0
BRDA:55,1,1,1
BRDA:68,2,0,1
BRDA:87,3,0,1
BRDA:87,3,1,0
BRDA:96,4,0,1
BRDA:97,5,0,1
BRDA:97,5,1,0
BRDA:107,6,0,5
BRDA:108,7,0,4
BRDA:108,7,1,1
BRDA:116,8,0,0
BRDA:116,8,1,1
BRDA:118,9,0,0
BRDA:118,9,1,1
BRDA:123,10,0,1
BRDA:127,11,0,3
BRDA:131,12,0,0
BRDA:135,13,0,1
BRDA:139,14,0,0
BRDA:144,15,0,0
BRDA:163,16,0,0
BRDA:188,17,0,1
BRDA:190,18,0,0
BRDA:190,18,1,1
BRDA:234,19,0,1
BRDA:247,20,0,0
BRDA:251,21,0,0
BRDA:251,21,1,0
BRDA:257,22,0,0
BRDA:262,23,0,0
BRDA:262,23,1,0
BRDA:269,24,0,0
BRDA:279,25,0,0
BRDA:280,26,0,0
BRDA:280,26,1,0
BRDA:280,27,0,0
BRDA:280,27,1,0
BRDA:297,28,0,0
BRDA:297,28,1,0
BRDA:316,29,0,0
BRDA:329,30,0,0
BRDA:329,30,1,0
BRF:45
BRH:17
end_of_record
